#
# There is insufficient memory for the Java Runtime Environment to continue.
# Native memory allocation (mmap) failed to map 65536 bytes for Failed to commit metaspace.
# Possible reasons:
#   The system is out of physical RAM or swap space
#   The process is running with CompressedOops enabled, and the Java Heap may be blocking the growth of the native heap
# Possible solutions:
#   Reduce memory load on the system
#   Increase physical memory or swap space
#   Check if swap backing store is full
#   Decrease Java heap size (-Xmx/-Xms)
#   Decrease number of Java threads
#   Decrease Java thread stack sizes (-Xss)
#   Set larger code cache with -XX:ReservedCodeCacheSize=
#   JVM is running with Unscaled Compressed Oops mode in which the Java heap is
#     placed in the first 4GB address space. The Java Heap base address is the
#     maximum limit for the native heap growth. Please use -XX:HeapBaseMinAddress
#     to set the Java Heap base and to place the Java Heap above 4GB virtual address.
# This output file may be truncated or incomplete.
#
#  Out of Memory Error (virtualSpaceNode.cpp:110), pid=708, tid=3496
#
# JRE version: Java(TM) SE Runtime Environment (17.0.5+9) (build 17.0.5+9-LTS-191)
# Java VM: Java HotSpot(TM) 64-Bit Server VM (17.0.5+9-LTS-191, mixed mode, emulated-client, sharing, tiered, compressed oops, compressed class ptrs, g1 gc, windows-amd64)
# No core dump will be written. Minidumps are not enabled by default on client versions of Windows
#

---------------  S U M M A R Y ------------

Command Line: -Dcom.sun.management.jmxremote -Dcom.sun.management.jmxremote.port=57640 -Dcom.sun.management.jmxremote.authenticate=false -Dcom.sun.management.jmxremote.ssl=false -Djava.rmi.server.hostname=localhost -Dspring.jmx.enabled=true -Dmanagement.endpoints.jmx.exposure.include=* -Dspring.application.admin.enabled=true -Dspring.output.ansi.enabled=always -XX:TieredStopAtLevel=1 -Dspring.boot.project.name=EcommerceShoppingSiteCategory -Dfile.encoding=UTF-8 -Dstdout.encoding=UTF-8 -Dstderr.encoding=UTF-8 -XX:+ShowCodeDetailsInExceptionMessages com.shopping.EcommerceShoppingSiteCategoryApplication

Host: Intel(R) Core(TM) i5-1035G1 CPU @ 1.00GHz, 8 cores, 7G,  Windows 11 , 64 bit Build 26100 (10.0.26100.8328)
Time: Wed Jun 10 15:59:29 2026 India Standard Time elapsed time: 15.876727 seconds (0d 0h 0m 15s)

---------------  T H R E A D  ---------------

Current thread (0x0000015fc30b9ee0):  JavaThread "restartedMain" [_thread_in_vm, id=3496, stack(0x000000071c600000,0x000000071c700000)]

Stack: [0x000000071c600000,0x000000071c700000]
Native frames: (J=compiled Java code, j=interpreted, Vv=VM code, C=native code)
V  [jvm.dll+0x672eea]
V  [jvm.dll+0x7d2a04]
V  [jvm.dll+0x7d41ae]
V  [jvm.dll+0x7d4813]
V  [jvm.dll+0x242c15]
V  [jvm.dll+0x7ce9ab]
V  [jvm.dll+0x618bb6]
V  [jvm.dll+0x1be37e]
V  [jvm.dll+0x61b4f1]
V  [jvm.dll+0x619556]
V  [jvm.dll+0x2406dc]
V  [jvm.dll+0x6c94ed]
V  [jvm.dll+0x6c9f1f]
V  [jvm.dll+0x36c843]
V  [jvm.dll+0x36ba22]
V  [jvm.dll+0x36b9c8]
V  [jvm.dll+0x55b225]
V  [jvm.dll+0x55a144]
V  [jvm.dll+0x37f727]
V  [jvm.dll+0x37ed7f]
C  0x0000015fb6e89222

Java frames: (J=compiled Java code, j=interpreted, Vv=VM code)
j  org.hibernate.metamodel.mapping.internal.MappingModelCreationHelper.interpretToOneKeyDescriptor(Lorg/hibernate/metamodel/mapping/internal/ToOneAttributeMapping;Lorg/hibernate/mapping/Property;Lorg/hibernate/mapping/ToOne;Lorg/hibernate/property/access/spi/PropertyAccess;Lorg/hibernate/dialect/Dialect;Lorg/hibernate/metamodel/mapping/internal/MappingModelCreationProcess;)Z+553
j  org.hibernate.metamodel.mapping.internal.MappingModelCreationHelper.lambda$buildSingularAssociationAttributeMapping$0(Lorg/hibernate/metamodel/mapping/internal/ToOneAttributeMapping;Lorg/hibernate/mapping/Property;Lorg/hibernate/metamodel/mapping/internal/MappingModelCreationProcess;)Z+20
j  org.hibernate.metamodel.mapping.internal.MappingModelCreationHelper$$Lambda$1405+0x0000000801561a90.process()Z+12
j  org.hibernate.metamodel.mapping.internal.MappingModelCreationProcess$PostInitCallbackEntry.process()Z+4
j  org.hibernate.metamodel.mapping.internal.MappingModelCreationProcess.executePostInitCallbacks()V+66
j  org.hibernate.metamodel.mapping.internal.MappingModelCreationProcess.execute()V+172
j  org.hibernate.metamodel.mapping.internal.MappingModelCreationProcess.process(Lorg/hibernate/metamodel/model/domain/internal/EntityPersisterConcurrentMap;Ljava/util/Map;Lorg/hibernate/metamodel/spi/RuntimeModelCreationContext;)V+12
j  org.hibernate.metamodel.model.domain.internal.MappingMetamodelImpl.finishInitialization(Lorg/hibernate/metamodel/spi/RuntimeModelCreationContext;)V+114
j  org.hibernate.internal.SessionFactoryImpl.<init>(Lorg/hibernate/boot/spi/MetadataImplementor;Lorg/hibernate/boot/spi/SessionFactoryOptions;Lorg/hibernate/boot/spi/BootstrapContext;)V+571
j  org.hibernate.internal.SessionFactoryRegistry.instantiateSessionFactory(Lorg/hibernate/boot/spi/MetadataImplementor;Lorg/hibernate/boot/spi/SessionFactoryOptions;Lorg/hibernate/boot/spi/BootstrapContext;)Lorg/hibernate/engine/spi/SessionFactoryImplementor;+7
j  org.hibernate.boot.internal.SessionFactoryBuilderImpl.build()Lorg/hibernate/SessionFactory;+12
j  org.hibernate.jpa.boot.internal.EntityManagerFactoryBuilderImpl.build()Ljakarta/persistence/EntityManagerFactory;+8
j  org.springframework.orm.jpa.vendor.SpringHibernateJpaPersistenceProvider.createContainerEntityManagerFactory(Ljakarta/persistence/spi/PersistenceUnitInfo;Ljava/util/Map;)Ljakarta/persistence/EntityManagerFactory;+113
j  org.springframework.orm.jpa.LocalContainerEntityManagerFactoryBean.createNativeEntityManagerFactory()Ljakarta/persistence/EntityManagerFactory;+111
j  org.springframework.orm.jpa.AbstractEntityManagerFactoryBean.buildNativeEntityManagerFactory()Ljakarta/persistence/EntityManagerFactory;+1
j  org.springframework.orm.jpa.AbstractEntityManagerFactoryBean.afterPropertiesSet()V+234
j  org.springframework.orm.jpa.LocalContainerEntityManagerFactoryBean.afterPropertiesSet()V+238
j  org.springframework.beans.factory.support.AbstractAutowireCapableBeanFactory.invokeInitMethods(Ljava/lang/String;Ljava/lang/Object;Lorg/springframework/beans/factory/support/RootBeanDefinition;)V+56
j  org.springframework.beans.factory.support.AbstractAutowireCapableBeanFactory.initializeBean(Ljava/lang/String;Ljava/lang/Object;Lorg/springframework/beans/factory/support/RootBeanDefinition;)Ljava/lang/Object;+46
j  org.springframework.beans.factory.support.AbstractAutowireCapableBeanFactory.doCreateBean(Ljava/lang/String;Lorg/springframework/beans/factory/support/RootBeanDefinition;[Ljava/lang/Object;)Ljava/lang/Object;+228
j  org.springframework.beans.factory.support.AbstractAutowireCapableBeanFactory.createBean(Ljava/lang/String;Lorg/springframework/beans/factory/support/RootBeanDefinition;[Ljava/lang/Object;)Ljava/lang/Object;+153
j  org.springframework.beans.factory.support.AbstractBeanFactory.lambda$doGetBean$0(Ljava/lang/String;Lorg/springframework/beans/factory/support/RootBeanDefinition;[Ljava/lang/Object;)Ljava/lang/Object;+4
j  org.springframework.beans.factory.support.AbstractBeanFactory$$Lambda$537+0x0000000800eb5d38.getObject()Ljava/lang/Object;+16
j  org.springframework.beans.factory.support.DefaultSingletonBeanRegistry.getSingleton(Ljava/lang/String;Lorg/springframework/beans/factory/ObjectFactory;)Ljava/lang/Object;+897
J 3117 c1 org.springframework.beans.factory.support.AbstractBeanFactory.doGetBean(Ljava/lang/String;Ljava/lang/Class;[Ljava/lang/Object;Z)Ljava/lang/Object; (791 bytes) @ 0x0000015fb75e8c5c [0x0000015fb75e8680+0x00000000000005dc]
J 3121 c1 org.springframework.beans.factory.support.AbstractBeanFactory.getBean(Ljava/lang/String;Ljava/lang/Class;)Ljava/lang/Object; (9 bytes) @ 0x0000015fb75e45e4 [0x0000015fb75e45a0+0x0000000000000044]
j  org.springframework.context.support.AbstractApplicationContext.finishBeanFactoryInitialization(Lorg/springframework/beans/factory/config/ConfigurableListableBeanFactory;)V+226
j  org.springframework.context.support.AbstractApplicationContext.refresh()V+94
j  org.springframework.boot.web.server.servlet.context.ServletWebServerApplicationContext.refresh()V+1
j  org.springframework.boot.SpringApplication.refresh(Lorg/springframework/context/ConfigurableApplicationContext;)V+1
j  org.springframework.boot.SpringApplication.refreshContext(Lorg/springframework/context/ConfigurableApplicationContext;)V+19
j  org.springframework.boot.SpringApplication.run([Ljava/lang/String;)Lorg/springframework/context/ConfigurableApplicationContext;+113
j  org.springframework.boot.SpringApplication.run([Ljava/lang/Class;[Ljava/lang/String;)Lorg/springframework/context/ConfigurableApplicationContext;+9
j  org.springframework.boot.SpringApplication.run(Ljava/lang/Class;[Ljava/lang/String;)Lorg/springframework/context/ConfigurableApplicationContext;+9
j  com.shopping.EcommerceShoppingSiteCategoryApplication.main([Ljava/lang/String;)V+3
v  ~StubRoutines::call_stub
j  jdk.internal.reflect.NativeMethodAccessorImpl.invoke0(Ljava/lang/reflect/Method;Ljava/lang/Object;[Ljava/lang/Object;)Ljava/lang/Object;+0 java.base@17.0.5
j  jdk.internal.reflect.NativeMethodAccessorImpl.invoke(Ljava/lang/Object;[Ljava/lang/Object;)Ljava/lang/Object;+133 java.base@17.0.5
j  jdk.internal.reflect.DelegatingMethodAccessorImpl.invoke(Ljava/lang/Object;[Ljava/lang/Object;)Ljava/lang/Object;+6 java.base@17.0.5
j  java.lang.reflect.Method.invoke(Ljava/lang/Object;[Ljava/lang/Object;)Ljava/lang/Object;+59 java.base@17.0.5
j  org.springframework.boot.devtools.restart.RestartLauncher.run()V+47
v  ~StubRoutines::call_stub

---------------  P R O C E S S  ---------------

Threads class SMR info:
_java_thread_list=0x0000015fc5f82040, length=26, elements={
0x0000015faf617f60, 0x0000015fc1452a80, 0x0000015fc14580d0, 0x0000015fc146d470,
0x0000015fc146dd30, 0x0000015fc146f160, 0x0000015fc1470590, 0x0000015fc14719c0,
0x0000015fc1486770, 0x0000015fc21685a0, 0x0000015fc21b4000, 0x0000015fc2809f70,
0x0000015fc27f9c40, 0x0000015fc2896020, 0x0000015fc2807320, 0x0000015fc28c5ff0,
0x0000015fc28c64c0, 0x0000015fc28f61e0, 0x0000015fc30b9070, 0x0000015fc30b9ee0,
0x0000015fc30bad50, 0x0000015fc30b9540, 0x0000015fc30b9a10, 0x0000015fc30bbbc0,
0x0000015fc30ba3b0, 0x0000015fc6388460
}

Java Threads: ( => current thread )
  0x0000015faf617f60 JavaThread "main" [_thread_blocked, id=3364, stack(0x000000071a000000,0x000000071a100000)]
  0x0000015fc1452a80 JavaThread "Reference Handler" daemon [_thread_blocked, id=18584, stack(0x000000071a700000,0x000000071a800000)]
  0x0000015fc14580d0 JavaThread "Finalizer" daemon [_thread_blocked, id=5188, stack(0x000000071a800000,0x000000071a900000)]
  0x0000015fc146d470 JavaThread "Signal Dispatcher" daemon [_thread_blocked, id=13040, stack(0x000000071a900000,0x000000071aa00000)]
  0x0000015fc146dd30 JavaThread "Attach Listener" daemon [_thread_blocked, id=11096, stack(0x000000071aa00000,0x000000071ab00000)]
  0x0000015fc146f160 JavaThread "Service Thread" daemon [_thread_blocked, id=16100, stack(0x000000071ab00000,0x000000071ac00000)]
  0x0000015fc1470590 JavaThread "Monitor Deflation Thread" daemon [_thread_blocked, id=15500, stack(0x000000071ac00000,0x000000071ad00000)]
  0x0000015fc14719c0 JavaThread "C1 CompilerThread0" daemon [_thread_blocked, id=11160, stack(0x000000071ad00000,0x000000071ae00000)]
  0x0000015fc1486770 JavaThread "Sweeper thread" daemon [_thread_blocked, id=9820, stack(0x000000071ae00000,0x000000071af00000)]
  0x0000015fc21685a0 JavaThread "Common-Cleaner" daemon [_thread_blocked, id=1744, stack(0x000000071b000000,0x000000071b100000)]
  0x0000015fc21b4000 JavaThread "Notification Thread" daemon [_thread_blocked, id=10912, stack(0x000000071b200000,0x000000071b300000)]
  0x0000015fc2809f70 JavaThread "RMI TCP Accept-0" daemon [_thread_in_native, id=9692, stack(0x000000071b300000,0x000000071b400000)]
  0x0000015fc27f9c40 JavaThread "RMI TCP Accept-57640" daemon [_thread_in_native, id=19424, stack(0x000000071b400000,0x000000071b500000)]
  0x0000015fc2896020 JavaThread "RMI TCP Accept-0" daemon [_thread_in_native, id=16648, stack(0x000000071b500000,0x000000071b600000)]
  0x0000015fc2807320 JavaThread "RMI TCP Connection(1)-127.0.0.1" daemon [_thread_in_native, id=15716, stack(0x000000071b700000,0x000000071b800000)]
  0x0000015fc28c5ff0 JavaThread "RMI Scheduler(0)" daemon [_thread_blocked, id=15536, stack(0x000000071b800000,0x000000071b900000)]
  0x0000015fc28c64c0 JavaThread "RMI TCP Connection(2)-127.0.0.1" daemon [_thread_in_native, id=17740, stack(0x000000071b900000,0x000000071ba00000)]
  0x0000015fc28f61e0 JavaThread "JMX server connection timeout 22" daemon [_thread_blocked, id=9932, stack(0x000000071ba00000,0x000000071bb00000)]
  0x0000015fc30b9070 JavaThread "Thread-0" [_thread_blocked, id=12948, stack(0x000000071c500000,0x000000071c600000)]
=>0x0000015fc30b9ee0 JavaThread "restartedMain" [_thread_in_vm, id=3496, stack(0x000000071c600000,0x000000071c700000)]
  0x0000015fc30bad50 JavaThread "Catalina-utility-1" [_thread_blocked, id=12340, stack(0x000000071c700000,0x000000071c800000)]
  0x0000015fc30b9540 JavaThread "Catalina-utility-2" [_thread_blocked, id=19420, stack(0x000000071c900000,0x000000071ca00000)]
  0x0000015fc30b9a10 JavaThread "container-0" [_thread_blocked, id=14396, stack(0x000000071ca00000,0x000000071cb00000)]
  0x0000015fc30bbbc0 JavaThread "mysql-cj-abandoned-connection-cleanup" daemon [_thread_blocked, id=10720, stack(0x000000071cb00000,0x000000071cc00000)]
  0x0000015fc30ba3b0 JavaThread "HikariPool-1:housekeeper" daemon [_thread_blocked, id=11400, stack(0x000000071cd00000,0x000000071ce00000)]
  0x0000015fc6388460 JavaThread "C1 CompilerThread1" daemon [_thread_blocked, id=11668, stack(0x000000071af00000,0x000000071b000000)]

Other Threads:
  0x0000015fc144c8c0 VMThread "VM Thread" [stack: 0x000000071a600000,0x000000071a700000] [id=1796] _threads_hazard_ptr=0x0000015fc5f82040
  0x0000015faf692510 WatcherThread [stack: 0x000000071b600000,0x000000071b700000] [id=19412]
  0x0000015faf6754f0 GCTaskThread "GC Thread#0" [stack: 0x000000071a100000,0x000000071a200000] [id=17664]
  0x0000015fc2b43f20 GCTaskThread "GC Thread#1" [stack: 0x000000071bb00000,0x000000071bc00000] [id=7780]
  0x0000015fc2b64610 GCTaskThread "GC Thread#2" [stack: 0x000000071bc00000,0x000000071bd00000] [id=6316]
  0x0000015fc2bc69d0 GCTaskThread "GC Thread#3" [stack: 0x000000071bd00000,0x000000071be00000] [id=14236]
  0x0000015fc2bc7090 GCTaskThread "GC Thread#4" [stack: 0x000000071be00000,0x000000071bf00000] [id=10876]
  0x0000015fc2bc7340 GCTaskThread "GC Thread#5" [stack: 0x000000071bf00000,0x000000071c000000] [id=7264]
  0x0000015fc2bc75f0 GCTaskThread "GC Thread#6" [stack: 0x000000071c000000,0x000000071c100000] [id=19232]
  0x0000015fc2bc78a0 GCTaskThread "GC Thread#7" [stack: 0x000000071c100000,0x000000071c200000] [id=3428]
  0x0000015faf685c80 ConcurrentGCThread "G1 Main Marker" [stack: 0x000000071a200000,0x000000071a300000] [id=5096]
  0x0000015faf687270 ConcurrentGCThread "G1 Conc#0" [stack: 0x000000071a300000,0x000000071a400000] [id=13232]
  0x0000015fc3387f40 ConcurrentGCThread "G1 Conc#1" [stack: 0x000000071c800000,0x000000071c900000] [id=9616]
  0x0000015faf6cdaf0 ConcurrentGCThread "G1 Refine#0" [stack: 0x000000071a400000,0x000000071a500000] [id=5728]
  0x0000015fc2b677a0 ConcurrentGCThread "G1 Refine#1" [stack: 0x000000071c200000,0x000000071c300000] [id=16304]
  0x0000015fc2ba25a0 ConcurrentGCThread "G1 Refine#2" [stack: 0x000000071c300000,0x000000071c400000] [id=16660]
  0x0000015faf6ce420 ConcurrentGCThread "G1 Service" [stack: 0x000000071a500000,0x000000071a600000] [id=8352]

Threads with active compile tasks:

VM state: synchronizing (normal execution)

VM Mutex/Monitor currently owned by a thread:  ([mutex/lock_event])
[0x0000015faf614740] Metaspace_lock - owner thread: 0x0000015fc30b9ee0
[0x0000015faf614ce0] Threads_lock - owner thread: 0x0000015fc144c8c0

Heap address: 0x0000000083600000, size: 1994 MB, Compressed Oops mode: 32-bit

CDS archive(s) mapped at: [0x0000000800000000-0x0000000800bd0000-0x0000000800bd0000), size 12386304, SharedBaseAddress: 0x0000000800000000, ArchiveRelocationMode: 0.
Compressed class space mapped at: 0x0000000800c00000-0x0000000840c00000, reserved size: 1073741824
Narrow klass base: 0x0000000800000000, Narrow klass shift: 0, Narrow klass range: 0x100000000

GC Precious Log:
 CPUs: 8 total, 8 available
 Memory: 7973M
 Large Page Support: Disabled
 NUMA Support: Disabled
 Compressed Oops: Enabled (32-bit)
 Heap Region Size: 1M
 Heap Min Capacity: 8M
 Heap Initial Capacity: 126M
 Heap Max Capacity: 1994M
 Pre-touch: Disabled
 Parallel Workers: 8
 Concurrent Workers: 2
 Concurrent Refinement Workers: 8
 Periodic GC: Disabled

Heap:
 garbage-first heap   total 109568K, used 59964K [0x0000000083600000, 0x0000000100000000)
  region size 1024K, 26 young (26624K), 3 survivors (3072K)
 Metaspace       used 64778K, committed 65280K, reserved 1105920K
  class space    used 9354K, committed 9600K, reserved 1048576K

Heap Regions: E=young(eden), S=young(survivor), O=old, HS=humongous(starts), HC=humongous(continues), CS=collection set, F=free, OA=open archive, CA=closed archive, TAMS=top-at-mark-start (previous, next)
|   0|0x0000000083600000, 0x0000000083700000, 0x0000000083700000|100%|HS|  |TAMS 0x0000000083700000, 0x0000000083600000| Complete 
|   1|0x0000000083700000, 0x0000000083800000, 0x0000000083800000|100%|HS|  |TAMS 0x0000000083800000, 0x0000000083700000| Complete 
|   2|0x0000000083800000, 0x0000000083900000, 0x0000000083900000|100%| O|  |TAMS 0x0000000083900000, 0x0000000083800000| Untracked 
|   3|0x0000000083900000, 0x0000000083a00000, 0x0000000083a00000|100%|HS|  |TAMS 0x0000000083a00000, 0x0000000083900000| Complete 
|   4|0x0000000083a00000, 0x0000000083b00000, 0x0000000083b00000|100%| O|  |TAMS 0x0000000083b00000, 0x0000000083a00000| Untracked 
|   5|0x0000000083b00000, 0x0000000083c00000, 0x0000000083c00000|100%| O|  |TAMS 0x0000000083c00000, 0x0000000083b00000| Untracked 
|   6|0x0000000083c00000, 0x0000000083d00000, 0x0000000083d00000|100%| O|  |TAMS 0x0000000083d00000, 0x0000000083c00000| Untracked 
|   7|0x0000000083d00000, 0x0000000083e00000, 0x0000000083e00000|100%| O|  |TAMS 0x0000000083e00000, 0x0000000083d00000| Untracked 
|   8|0x0000000083e00000, 0x0000000083f00000, 0x0000000083f00000|100%| O|  |TAMS 0x0000000083f00000, 0x0000000083e00000| Untracked 
|   9|0x0000000083f00000, 0x0000000084000000, 0x0000000084000000|100%| O|  |TAMS 0x0000000084000000, 0x0000000083f00000| Untracked 
|  10|0x0000000084000000, 0x0000000084100000, 0x0000000084100000|100%| O|  |TAMS 0x0000000084100000, 0x0000000084000000| Untracked 
|  11|0x0000000084100000, 0x0000000084200000, 0x0000000084200000|100%| O|  |TAMS 0x0000000084200000, 0x0000000084100000| Untracked 
|  12|0x0000000084200000, 0x0000000084300000, 0x0000000084300000|100%| O|  |TAMS 0x0000000084300000, 0x0000000084200000| Untracked 
|  13|0x0000000084300000, 0x0000000084400000, 0x0000000084400000|100%| O|  |TAMS 0x0000000084400000, 0x0000000084300000| Untracked 
|  14|0x0000000084400000, 0x0000000084500000, 0x0000000084500000|100%| O|  |TAMS 0x0000000084500000, 0x0000000084400000| Untracked 
|  15|0x0000000084500000, 0x0000000084600000, 0x0000000084600000|100%| O|  |TAMS 0x0000000084500000, 0x0000000084500000| Untracked 
|  16|0x0000000084600000, 0x0000000084700000, 0x0000000084700000|100%| O|  |TAMS 0x0000000084700000, 0x0000000084600000| Untracked 
|  17|0x0000000084700000, 0x0000000084800000, 0x0000000084800000|100%| O|  |TAMS 0x0000000084800000, 0x0000000084700000| Untracked 
|  18|0x0000000084800000, 0x0000000084900000, 0x0000000084900000|100%| O|  |TAMS 0x0000000084900000, 0x0000000084800000| Untracked 
|  19|0x0000000084900000, 0x0000000084a00000, 0x0000000084a00000|100%| O|  |TAMS 0x0000000084a00000, 0x0000000084900000| Untracked 
|  20|0x0000000084a00000, 0x0000000084b00000, 0x0000000084b00000|100%| O|  |TAMS 0x0000000084a00000, 0x0000000084a00000| Untracked 
|  21|0x0000000084b00000, 0x0000000084c00000, 0x0000000084c00000|100%| O|  |TAMS 0x0000000084c00000, 0x0000000084b00000| Untracked 
|  22|0x0000000084c00000, 0x0000000084d00000, 0x0000000084d00000|100%| O|  |TAMS 0x0000000084d00000, 0x0000000084c00000| Untracked 
|  23|0x0000000084d00000, 0x0000000084e00000, 0x0000000084e00000|100%| O|  |TAMS 0x0000000084e00000, 0x0000000084d00000| Untracked 
|  24|0x0000000084e00000, 0x0000000084f00000, 0x0000000084f00000|100%| O|  |TAMS 0x0000000084f00000, 0x0000000084e00000| Untracked 
|  25|0x0000000084f00000, 0x0000000085000000, 0x0000000085000000|100%| O|  |TAMS 0x0000000084f00000, 0x0000000084f00000| Untracked 
|  26|0x0000000085000000, 0x0000000085100000, 0x0000000085100000|100%| O|  |TAMS 0x0000000085100000, 0x0000000085000000| Untracked 
|  27|0x0000000085100000, 0x0000000085200000, 0x0000000085200000|100%| O|  |TAMS 0x0000000085200000, 0x0000000085100000| Untracked 
|  28|0x0000000085200000, 0x0000000085300000, 0x0000000085300000|100%| O|  |TAMS 0x0000000085200000, 0x0000000085200000| Untracked 
|  29|0x0000000085300000, 0x0000000085400000, 0x0000000085400000|100%| O|  |TAMS 0x0000000085300000, 0x0000000085300000| Untracked 
|  30|0x0000000085400000, 0x0000000085500000, 0x0000000085500000|100%| O|  |TAMS 0x0000000085500000, 0x0000000085400000| Untracked 
|  31|0x0000000085500000, 0x0000000085600000, 0x0000000085600000|100%| O|  |TAMS 0x0000000085600000, 0x0000000085500000| Untracked 
|  32|0x0000000085600000, 0x0000000085700000, 0x0000000085700000|100%| O|  |TAMS 0x0000000085700000, 0x0000000085600000| Untracked 
|  33|0x0000000085700000, 0x0000000085782400, 0x0000000085800000| 50%| O|  |TAMS 0x0000000085782400, 0x0000000085700000| Untracked 
|  34|0x0000000085800000, 0x0000000085853400, 0x0000000085900000| 32%| O|  |TAMS 0x0000000085800000, 0x0000000085800000| Untracked 
|  35|0x0000000085900000, 0x0000000085900000, 0x0000000085a00000|  0%| F|  |TAMS 0x0000000085900000, 0x0000000085900000| Untracked 
|  36|0x0000000085a00000, 0x0000000085a00000, 0x0000000085b00000|  0%| F|  |TAMS 0x0000000085a00000, 0x0000000085a00000| Untracked 
|  37|0x0000000085b00000, 0x0000000085b00000, 0x0000000085c00000|  0%| F|  |TAMS 0x0000000085b00000, 0x0000000085b00000| Untracked 
|  38|0x0000000085c00000, 0x0000000085c00000, 0x0000000085d00000|  0%| F|  |TAMS 0x0000000085c00000, 0x0000000085c00000| Untracked 
|  39|0x0000000085d00000, 0x0000000085d00000, 0x0000000085e00000|  0%| F|  |TAMS 0x0000000085d00000, 0x0000000085d00000| Untracked 
|  40|0x0000000085e00000, 0x0000000085e00000, 0x0000000085f00000|  0%| F|  |TAMS 0x0000000085e00000, 0x0000000085e00000| Untracked 
|  41|0x0000000085f00000, 0x0000000085f00000, 0x0000000086000000|  0%| F|  |TAMS 0x0000000085f00000, 0x0000000085f00000| Untracked 
|  42|0x0000000086000000, 0x0000000086000000, 0x0000000086100000|  0%| F|  |TAMS 0x0000000086000000, 0x0000000086000000| Untracked 
|  43|0x0000000086100000, 0x0000000086100000, 0x0000000086200000|  0%| F|  |TAMS 0x0000000086100000, 0x0000000086100000| Untracked 
|  44|0x0000000086200000, 0x0000000086200000, 0x0000000086300000|  0%| F|  |TAMS 0x0000000086200000, 0x0000000086200000| Untracked 
|  45|0x0000000086300000, 0x0000000086300000, 0x0000000086400000|  0%| F|  |TAMS 0x0000000086300000, 0x0000000086300000| Untracked 
|  46|0x0000000086400000, 0x0000000086400000, 0x0000000086500000|  0%| F|  |TAMS 0x0000000086400000, 0x0000000086400000| Untracked 
|  47|0x0000000086500000, 0x0000000086500000, 0x0000000086600000|  0%| F|  |TAMS 0x0000000086500000, 0x0000000086500000| Untracked 
|  48|0x0000000086600000, 0x0000000086600000, 0x0000000086700000|  0%| F|  |TAMS 0x0000000086600000, 0x0000000086600000| Untracked 
|  49|0x0000000086700000, 0x0000000086700000, 0x0000000086800000|  0%| F|  |TAMS 0x0000000086700000, 0x0000000086700000| Untracked 
|  50|0x0000000086800000, 0x0000000086800000, 0x0000000086900000|  0%| F|  |TAMS 0x0000000086800000, 0x0000000086800000| Untracked 
|  51|0x0000000086900000, 0x0000000086900000, 0x0000000086a00000|  0%| F|  |TAMS 0x0000000086900000, 0x0000000086900000| Untracked 
|  52|0x0000000086a00000, 0x0000000086a00000, 0x0000000086b00000|  0%| F|  |TAMS 0x0000000086a00000, 0x0000000086a00000| Untracked 
|  53|0x0000000086b00000, 0x0000000086b00000, 0x0000000086c00000|  0%| F|  |TAMS 0x0000000086b00000, 0x0000000086b00000| Untracked 
|  54|0x0000000086c00000, 0x0000000086c00000, 0x0000000086d00000|  0%| F|  |TAMS 0x0000000086c00000, 0x0000000086c00000| Untracked 
|  55|0x0000000086d00000, 0x0000000086d00000, 0x0000000086e00000|  0%| F|  |TAMS 0x0000000086d00000, 0x0000000086d00000| Untracked 
|  56|0x0000000086e00000, 0x0000000086e00000, 0x0000000086f00000|  0%| F|  |TAMS 0x0000000086e00000, 0x0000000086e00000| Untracked 
|  57|0x0000000086f00000, 0x0000000086f00000, 0x0000000087000000|  0%| F|  |TAMS 0x0000000086f00000, 0x0000000086f00000| Untracked 
|  58|0x0000000087000000, 0x0000000087000000, 0x0000000087100000|  0%| F|  |TAMS 0x0000000087000000, 0x0000000087000000| Untracked 
|  59|0x0000000087100000, 0x0000000087100000, 0x0000000087200000|  0%| F|  |TAMS 0x0000000087100000, 0x0000000087100000| Untracked 
|  60|0x0000000087200000, 0x0000000087200000, 0x0000000087300000|  0%| F|  |TAMS 0x0000000087200000, 0x0000000087200000| Untracked 
|  61|0x0000000087300000, 0x0000000087300000, 0x0000000087400000|  0%| F|  |TAMS 0x0000000087300000, 0x0000000087300000| Untracked 
|  62|0x0000000087400000, 0x0000000087400000, 0x0000000087500000|  0%| F|  |TAMS 0x0000000087400000, 0x0000000087400000| Untracked 
|  63|0x0000000087500000, 0x0000000087500000, 0x0000000087600000|  0%| F|  |TAMS 0x0000000087500000, 0x0000000087500000| Untracked 
|  64|0x0000000087600000, 0x00000000876b9870, 0x0000000087700000| 72%| S|CS|TAMS 0x0000000087600000, 0x0000000087600000| Complete 
|  65|0x0000000087700000, 0x0000000087800000, 0x0000000087800000|100%| S|CS|TAMS 0x0000000087700000, 0x0000000087700000| Complete 
|  66|0x0000000087800000, 0x0000000087900000, 0x0000000087900000|100%| S|CS|TAMS 0x0000000087800000, 0x0000000087800000| Complete 
|  67|0x0000000087900000, 0x0000000087900000, 0x0000000087a00000|  0%| F|  |TAMS 0x0000000087900000, 0x0000000087900000| Untracked 
|  68|0x0000000087a00000, 0x0000000087a00000, 0x0000000087b00000|  0%| F|  |TAMS 0x0000000087a00000, 0x0000000087a00000| Untracked 
|  69|0x0000000087b00000, 0x0000000087b00000, 0x0000000087c00000|  0%| F|  |TAMS 0x0000000087b00000, 0x0000000087b00000| Untracked 
|  70|0x0000000087c00000, 0x0000000087c00000, 0x0000000087d00000|  0%| F|  |TAMS 0x0000000087c00000, 0x0000000087c00000| Untracked 
|  71|0x0000000087d00000, 0x0000000087d00000, 0x0000000087e00000|  0%| F|  |TAMS 0x0000000087d00000, 0x0000000087d00000| Untracked 
|  72|0x0000000087e00000, 0x0000000087e00000, 0x0000000087f00000|  0%| F|  |TAMS 0x0000000087e00000, 0x0000000087e00000| Untracked 
|  73|0x0000000087f00000, 0x0000000087f00000, 0x0000000088000000|  0%| F|  |TAMS 0x0000000087f00000, 0x0000000087f00000| Untracked 
|  74|0x0000000088000000, 0x0000000088000000, 0x0000000088100000|  0%| F|  |TAMS 0x0000000088000000, 0x0000000088000000| Untracked 
|  75|0x0000000088100000, 0x0000000088100000, 0x0000000088200000|  0%| F|  |TAMS 0x0000000088100000, 0x0000000088100000| Untracked 
|  76|0x0000000088200000, 0x0000000088200000, 0x0000000088300000|  0%| F|  |TAMS 0x0000000088200000, 0x0000000088200000| Untracked 
|  77|0x0000000088300000, 0x0000000088300000, 0x0000000088400000|  0%| F|  |TAMS 0x0000000088300000, 0x0000000088300000| Untracked 
|  78|0x0000000088400000, 0x0000000088400000, 0x0000000088500000|  0%| F|  |TAMS 0x0000000088400000, 0x0000000088400000| Untracked 
|  79|0x0000000088500000, 0x0000000088500000, 0x0000000088600000|  0%| F|  |TAMS 0x0000000088500000, 0x0000000088500000| Untracked 
|  80|0x0000000088600000, 0x0000000088600000, 0x0000000088700000|  0%| F|  |TAMS 0x0000000088600000, 0x0000000088600000| Untracked 
|  81|0x0000000088700000, 0x0000000088700000, 0x0000000088800000|  0%| F|  |TAMS 0x0000000088700000, 0x0000000088700000| Untracked 
|  82|0x0000000088800000, 0x0000000088800000, 0x0000000088900000|  0%| F|  |TAMS 0x0000000088800000, 0x0000000088800000| Untracked 
|  83|0x0000000088900000, 0x0000000088900000, 0x0000000088a00000|  0%| F|  |TAMS 0x0000000088900000, 0x0000000088900000| Untracked 
|  84|0x0000000088a00000, 0x0000000088a2cd28, 0x0000000088b00000| 17%| E|  |TAMS 0x0000000088a00000, 0x0000000088a00000| Complete 
|  85|0x0000000088b00000, 0x0000000088c00000, 0x0000000088c00000|100%| E|CS|TAMS 0x0000000088b00000, 0x0000000088b00000| Complete 
|  86|0x0000000088c00000, 0x0000000088d00000, 0x0000000088d00000|100%| E|CS|TAMS 0x0000000088c00000, 0x0000000088c00000| Complete 
|  87|0x0000000088d00000, 0x0000000088e00000, 0x0000000088e00000|100%| E|CS|TAMS 0x0000000088d00000, 0x0000000088d00000| Complete 
|  88|0x0000000088e00000, 0x0000000088f00000, 0x0000000088f00000|100%| E|CS|TAMS 0x0000000088e00000, 0x0000000088e00000| Complete 
|  89|0x0000000088f00000, 0x0000000089000000, 0x0000000089000000|100%| E|CS|TAMS 0x0000000088f00000, 0x0000000088f00000| Complete 
|  90|0x0000000089000000, 0x0000000089100000, 0x0000000089100000|100%| E|CS|TAMS 0x0000000089000000, 0x0000000089000000| Complete 
|  91|0x0000000089100000, 0x0000000089200000, 0x0000000089200000|100%| E|CS|TAMS 0x0000000089100000, 0x0000000089100000| Complete 
|  92|0x0000000089200000, 0x0000000089300000, 0x0000000089300000|100%| E|CS|TAMS 0x0000000089200000, 0x0000000089200000| Complete 
|  93|0x0000000089300000, 0x0000000089400000, 0x0000000089400000|100%| E|CS|TAMS 0x0000000089300000, 0x0000000089300000| Complete 
|  94|0x0000000089400000, 0x0000000089500000, 0x0000000089500000|100%| E|CS|TAMS 0x0000000089400000, 0x0000000089400000| Complete 
|  95|0x0000000089500000, 0x0000000089600000, 0x0000000089600000|100%| E|CS|TAMS 0x0000000089500000, 0x0000000089500000| Complete 
|  96|0x0000000089600000, 0x0000000089700000, 0x0000000089700000|100%| E|CS|TAMS 0x0000000089600000, 0x0000000089600000| Complete 
|  97|0x0000000089700000, 0x0000000089800000, 0x0000000089800000|100%| E|CS|TAMS 0x0000000089700000, 0x0000000089700000| Complete 
|  98|0x0000000089800000, 0x0000000089900000, 0x0000000089900000|100%| E|CS|TAMS 0x0000000089800000, 0x0000000089800000| Complete 
|  99|0x0000000089900000, 0x0000000089a00000, 0x0000000089a00000|100%| E|CS|TAMS 0x0000000089900000, 0x0000000089900000| Complete 
| 100|0x0000000089a00000, 0x0000000089b00000, 0x0000000089b00000|100%| E|CS|TAMS 0x0000000089a00000, 0x0000000089a00000| Complete 
| 101|0x0000000089b00000, 0x0000000089c00000, 0x0000000089c00000|100%| E|CS|TAMS 0x0000000089b00000, 0x0000000089b00000| Complete 
| 102|0x0000000089c00000, 0x0000000089d00000, 0x0000000089d00000|100%| E|CS|TAMS 0x0000000089c00000, 0x0000000089c00000| Complete 
| 103|0x0000000089d00000, 0x0000000089e00000, 0x0000000089e00000|100%| E|CS|TAMS 0x0000000089d00000, 0x0000000089d00000| Complete 
| 104|0x0000000089e00000, 0x0000000089f00000, 0x0000000089f00000|100%| E|CS|TAMS 0x0000000089e00000, 0x0000000089e00000| Complete 
| 105|0x0000000089f00000, 0x000000008a000000, 0x000000008a000000|100%| E|CS|TAMS 0x0000000089f00000, 0x0000000089f00000| Complete 
| 136|0x000000008be00000, 0x000000008bf00000, 0x000000008bf00000|100%| E|CS|TAMS 0x000000008be00000, 0x000000008be00000| Complete 

Card table byte_map: [0x0000015fba370000,0x0000015fba760000] _byte_map_base: 0x0000015fb9f55000

Marking Bits (Prev, Next): (CMBitMap*) 0x0000015faf675a50, (CMBitMap*) 0x0000015faf675a10
 Prev Bits: [0x0000015fbca80000, 0x0000015fbe9a8000)
 Next Bits: [0x0000015fbab50000, 0x0000015fbca78000)

Polling page: 0x0000015fad980000

Metaspace:

Usage:
  Non-class:     54.13 MB used.
      Class:      9.13 MB used.
       Both:     63.26 MB used.

Virtual space:
  Non-class space:       56.00 MB reserved,      54.38 MB ( 97%) committed,  7 nodes.
      Class space:        1.00 GB reserved,       9.38 MB ( <1%) committed,  1 nodes.
             Both:        1.05 GB reserved,      63.75 MB (  6%) committed. 

Chunk freelists:
   Non-Class:  1.23 MB
       Class:  2.61 MB
        Both:  3.84 MB

MaxMetaspaceSize: unlimited
CompressedClassSpaceSize: 1.00 GB
Initial GC threshold: 21.00 MB
Current GC threshold: 99.06 MB
CDS: on
MetaspaceReclaimPolicy: balanced
 - commit_granule_bytes: 65536.
 - commit_granule_words: 8192.
 - virtual_space_node_default_size: 1048576.
 - enlarge_chunks_in_place: 1.
 - new_chunks_are_fully_committed: 0.
 - uncommit_free_chunks: 1.
 - use_allocation_guard: 0.
 - handle_deallocations: 1.


Internal statistics:

num_allocs_failed_limit: 14.
num_arena_births: 766.
num_arena_deaths: 0.
num_vsnodes_births: 8.
num_vsnodes_deaths: 0.
num_space_committed: 1020.
num_space_uncommitted: 0.
num_chunks_returned_to_freelist: 14.
num_chunks_taken_from_freelist: 3024.
num_chunk_merges: 14.
num_chunk_splits: 2214.
num_chunks_enlarged: 1720.
num_purges: 0.
num_inconsistent_stats: 0.

CodeCache: size=49152Kb used=10370Kb max_used=11128Kb free=38781Kb
 bounds [0x0000015fb6e70000, 0x0000015fb7950000, 0x0000015fb9e70000]
 total_blobs=6114 nmethods=5456 adapters=583
 compilation: enabled
              stopped_count=0, restarted_count=0
 full_count=0

Compilation events (20 events):
Event: 11.789 Thread 0x0000015fc14719c0 nmethod 5448 0x0000015fb7065a10 code [0x0000015fb7065ba0, 0x0000015fb7065c78]
Event: 11.789 Thread 0x0000015fc14719c0 5449       1       net.bytebuddy.description.method.MethodDescription$InDefinedShape$AbstractBase::asDefined (2 bytes)
Event: 11.789 Thread 0x0000015fc14719c0 nmethod 5449 0x0000015fb7065710 code [0x0000015fb70658a0, 0x0000015fb7065978]
Event: 11.789 Thread 0x0000015fc6388460 nmethod 5446 0x0000015fb7064d10 code [0x0000015fb7064fa0, 0x0000015fb7065468]
Event: 13.330 Thread 0x0000015fc6388460 5450       1       java.io.ObjectInputStream$BlockDataInputStream::peekByte (20 bytes)
Event: 13.330 Thread 0x0000015fc14719c0 5451       1       java.io.ObjectInputStream$BlockDataInputStream::peek (55 bytes)
Event: 13.330 Thread 0x0000015fc6388460 nmethod 5450 0x0000015fb7060e10 code [0x0000015fb7060fc0, 0x0000015fb7061158]
Event: 13.331 Thread 0x0000015fc14719c0 nmethod 5451 0x0000015fb7060990 code [0x0000015fb7060b40, 0x0000015fb7060cf8]
Event: 13.834 Thread 0x0000015fc6388460 5452       1       java.io.ObjectStreamClass::getSuperDesc (9 bytes)
Event: 13.834 Thread 0x0000015fc6388460 nmethod 5452 0x0000015fb7060590 code [0x0000015fb7060720, 0x0000015fb70608a8]
Event: 13.834 Thread 0x0000015fc6388460 5453       1       java.io.ObjectStreamClass::getSerialVersionUID (42 bytes)
Event: 13.834 Thread 0x0000015fc6388460 nmethod 5453 0x0000015fb705ff90 code [0x0000015fb7060160, 0x0000015fb7060428]
Event: 13.854 Thread 0x0000015fc6388460 5454       1       org.hibernate.mapping.SimpleValue::getSelectables (5 bytes)
Event: 13.855 Thread 0x0000015fc6388460 nmethod 5454 0x0000015fb705f690 code [0x0000015fb705f820, 0x0000015fb705f8f8]
Event: 13.857 Thread 0x0000015fc14719c0 5455       1       java.util.stream.StreamSpliterators$WrappingSpliterator::initPartialTraversalState (46 bytes)
Event: 13.857 Thread 0x0000015fc6388460 5456       1       java.util.stream.StreamSpliterators$WrappingSpliterator$$Lambda$273/0x0000000800d61f50::<init> (10 bytes)
Event: 13.858 Thread 0x0000015fc6388460 nmethod 5456 0x0000015fb705f390 code [0x0000015fb705f520, 0x0000015fb705f638]
Event: 13.858 Thread 0x0000015fc6388460 5457       1       java.util.stream.StreamSpliterators$WrappingSpliterator$$Lambda$274/0x0000000800d621f8::<init> (10 bytes)
Event: 13.858 Thread 0x0000015fc6388460 nmethod 5457 0x0000015fb705f090 code [0x0000015fb705f220, 0x0000015fb705f338]
Event: 13.858 Thread 0x0000015fc14719c0 nmethod 5455 0x0000015fb705e790 code [0x0000015fb705e960, 0x0000015fb705ee48]

GC Heap History (20 events):
Event: 1.013 GC heap before
{Heap before GC invocations=1 (full 0):
 garbage-first heap   total 129024K, used 41280K [0x0000000083600000, 0x0000000100000000)
  region size 1024K, 29 young (29696K), 3 survivors (3072K)
 Metaspace       used 9674K, committed 9920K, reserved 1064960K
  class space    used 1236K, committed 1344K, reserved 1048576K
}
Event: 1.021 GC heap after
{Heap after GC invocations=2 (full 0):
 garbage-first heap   total 129024K, used 15830K [0x0000000083600000, 0x0000000100000000)
  region size 1024K, 4 young (4096K), 4 survivors (4096K)
 Metaspace       used 9674K, committed 9920K, reserved 1064960K
  class space    used 1236K, committed 1344K, reserved 1048576K
}
Event: 1.968 GC heap before
{Heap before GC invocations=2 (full 0):
 garbage-first heap   total 129024K, used 76246K [0x0000000083600000, 0x0000000100000000)
  region size 1024K, 64 young (65536K), 4 survivors (4096K)
 Metaspace       used 21106K, committed 21504K, reserved 1073152K
  class space    used 2830K, committed 3008K, reserved 1048576K
}
Event: 1.975 GC heap after
{Heap after GC invocations=3 (full 0):
 garbage-first heap   total 129024K, used 18550K [0x0000000083600000, 0x0000000100000000)
  region size 1024K, 7 young (7168K), 7 survivors (7168K)
 Metaspace       used 21106K, committed 21504K, reserved 1073152K
  class space    used 2830K, committed 3008K, reserved 1048576K
}
Event: 2.362 GC heap before
{Heap before GC invocations=4 (full 0):
 garbage-first heap   total 71680K, used 54390K [0x0000000083600000, 0x0000000100000000)
  region size 1024K, 44 young (45056K), 7 survivors (7168K)
 Metaspace       used 26251K, committed 26688K, reserved 1073152K
  class space    used 3461K, committed 3712K, reserved 1048576K
}
Event: 2.367 GC heap after
{Heap after GC invocations=5 (full 0):
 garbage-first heap   total 71680K, used 21305K [0x0000000083600000, 0x0000000100000000)
  region size 1024K, 6 young (6144K), 6 survivors (6144K)
 Metaspace       used 26251K, committed 26688K, reserved 1073152K
  class space    used 3461K, committed 3712K, reserved 1048576K
}
Event: 2.378 GC heap before
{Heap before GC invocations=5 (full 0):
 garbage-first heap   total 71680K, used 22329K [0x0000000083600000, 0x0000000100000000)
  region size 1024K, 7 young (7168K), 6 survivors (6144K)
 Metaspace       used 26306K, committed 26752K, reserved 1073152K
  class space    used 3470K, committed 3712K, reserved 1048576K
}
Event: 2.382 GC heap after
{Heap after GC invocations=6 (full 0):
 garbage-first heap   total 71680K, used 21590K [0x0000000083600000, 0x0000000100000000)
  region size 1024K, 1 young (1024K), 1 survivors (1024K)
 Metaspace       used 26306K, committed 26752K, reserved 1073152K
  class space    used 3470K, committed 3712K, reserved 1048576K
}
Event: 2.821 GC heap before
{Heap before GC invocations=6 (full 0):
 garbage-first heap   total 71680K, used 50262K [0x0000000083600000, 0x0000000100000000)
  region size 1024K, 29 young (29696K), 1 survivors (1024K)
 Metaspace       used 28599K, committed 29056K, reserved 1081344K
  class space    used 3815K, committed 4032K, reserved 1048576K
}
Event: 2.823 GC heap after
{Heap after GC invocations=7 (full 0):
 garbage-first heap   total 71680K, used 22614K [0x0000000083600000, 0x0000000100000000)
  region size 1024K, 2 young (2048K), 2 survivors (2048K)
 Metaspace       used 28599K, committed 29056K, reserved 1081344K
  class space    used 3815K, committed 4032K, reserved 1048576K
}
Event: 3.244 GC heap before
{Heap before GC invocations=7 (full 0):
 garbage-first heap   total 71680K, used 50262K [0x0000000083600000, 0x0000000100000000)
  region size 1024K, 30 young (30720K), 2 survivors (2048K)
 Metaspace       used 31778K, committed 32320K, reserved 1081344K
  class space    used 4386K, committed 4608K, reserved 1048576K
}
Event: 3.247 GC heap after
{Heap after GC invocations=8 (full 0):
 garbage-first heap   total 71680K, used 24465K [0x0000000083600000, 0x0000000100000000)
  region size 1024K, 4 young (4096K), 4 survivors (4096K)
 Metaspace       used 31778K, committed 32320K, reserved 1081344K
  class space    used 4386K, committed 4608K, reserved 1048576K
}
Event: 3.572 GC heap before
{Heap before GC invocations=8 (full 0):
 garbage-first heap   total 71680K, used 54161K [0x0000000083600000, 0x0000000100000000)
  region size 1024K, 32 young (32768K), 4 survivors (4096K)
 Metaspace       used 35120K, committed 35584K, reserved 1081344K
  class space    used 4876K, committed 5120K, reserved 1048576K
}
Event: 3.577 GC heap after
{Heap after GC invocations=9 (full 0):
 garbage-first heap   total 71680K, used 29843K [0x0000000083600000, 0x0000000100000000)
  region size 1024K, 4 young (4096K), 4 survivors (4096K)
 Metaspace       used 35120K, committed 35584K, reserved 1081344K
  class space    used 4876K, committed 5120K, reserved 1048576K
}
Event: 3.733 GC heap before
{Heap before GC invocations=9 (full 0):
 garbage-first heap   total 71680K, used 54419K [0x0000000083600000, 0x0000000100000000)
  region size 1024K, 25 young (25600K), 4 survivors (4096K)
 Metaspace       used 35655K, committed 36160K, reserved 1081344K
  class space    used 4935K, committed 5184K, reserved 1048576K
}
Event: 3.738 GC heap after
{Heap after GC invocations=10 (full 0):
 garbage-first heap   total 140288K, used 30860K [0x0000000083600000, 0x0000000100000000)
  region size 1024K, 2 young (2048K), 2 survivors (2048K)
 Metaspace       used 35655K, committed 36160K, reserved 1081344K
  class space    used 4935K, committed 5184K, reserved 1048576K
}
Event: 4.763 GC heap before
{Heap before GC invocations=11 (full 0):
 garbage-first heap   total 109568K, used 94348K [0x0000000083600000, 0x0000000100000000)
  region size 1024K, 64 young (65536K), 2 survivors (2048K)
 Metaspace       used 48189K, committed 48768K, reserved 1097728K
  class space    used 6916K, committed 7168K, reserved 1048576K
}
Event: 4.767 GC heap after
{Heap after GC invocations=12 (full 0):
 garbage-first heap   total 109568K, used 34804K [0x0000000083600000, 0x0000000100000000)
  region size 1024K, 6 young (6144K), 6 survivors (6144K)
 Metaspace       used 48189K, committed 48768K, reserved 1097728K
  class space    used 6916K, committed 7168K, reserved 1048576K
}
Event: 6.211 GC heap before
{Heap before GC invocations=12 (full 0):
 garbage-first heap   total 109568K, used 74740K [0x0000000083600000, 0x0000000100000000)
  region size 1024K, 46 young (47104K), 6 survivors (6144K)
 Metaspace       used 59939K, committed 60416K, reserved 1105920K
  class space    used 8446K, committed 8640K, reserved 1048576K
}
Event: 6.217 GC heap after
{Heap after GC invocations=13 (full 0):
 garbage-first heap   total 109568K, used 37436K [0x0000000083600000, 0x0000000100000000)
  region size 1024K, 3 young (3072K), 3 survivors (3072K)
 Metaspace       used 59939K, committed 60416K, reserved 1105920K
  class space    used 8446K, committed 8640K, reserved 1048576K
}

Deoptimization events (10 events):
Event: 1.810 Thread 0x0000015fc30b9ee0 DEOPT PACKING pc=0x0000015fb74fd019 sp=0x000000071c6fcef0
Event: 1.810 Thread 0x0000015fc30b9ee0 DEOPT UNPACKING pc=0x0000015fb6ec66e3 sp=0x000000071c6fc3d0 mode 3
Event: 2.004 Thread 0x0000015fc30b9ee0 DEOPT PACKING pc=0x0000015fb752ba55 sp=0x000000071c6fd510
Event: 2.004 Thread 0x0000015fc30b9ee0 DEOPT UNPACKING pc=0x0000015fb6ec66e3 sp=0x000000071c6fc9b8 mode 3
Event: 3.288 Thread 0x0000015fc30b9ee0 DEOPT PACKING pc=0x0000015fb76d01b4 sp=0x000000071c6fb740
Event: 3.288 Thread 0x0000015fc30b9ee0 DEOPT UNPACKING pc=0x0000015fb6ec66e3 sp=0x000000071c6facc8 mode 0
Event: 3.288 Thread 0x0000015fc30b9ee0 DEOPT PACKING pc=0x0000015fb7674f6c sp=0x000000071c6fb920
Event: 3.288 Thread 0x0000015fc30b9ee0 DEOPT UNPACKING pc=0x0000015fb6ec66e3 sp=0x000000071c6fade0 mode 0
Event: 3.521 Thread 0x0000015fc30b9ee0 DEOPT PACKING pc=0x0000015fb779301d sp=0x000000071c6fce60
Event: 3.521 Thread 0x0000015fc30b9ee0 DEOPT UNPACKING pc=0x0000015fb6ec66e3 sp=0x000000071c6fc3c8 mode 3

Classes unloaded (0 events):
No events

Classes redefined (0 events):
No events

Internal exceptions (20 events):
Event: 3.920 Thread 0x0000015fc30b9ee0 Exception <a 'sun/nio/fs/WindowsException'{0x000000008961a3b0}> (0x000000008961a3b0) 
thrown [s\open\src\hotspot\share\prims\jni.cpp, line 516]
Event: 3.954 Thread 0x0000015fc30b9ee0 Exception <a 'java/lang/NoSuchMethodError'{0x0000000089407ea0}: 'java.lang.Object java.lang.invoke.Invokers$Holder.invoke_MT(java.lang.Object, java.lang.Object, java.lang.Object)'> (0x0000000089407ea0) 
thrown [s\open\src\hotspot\share\interpreter\linkResolver.cpp, line 759]
Event: 4.219 Thread 0x0000015fc28c64c0 Exception <a 'java/lang/reflect/InvocationTargetException'{0x0000000088582390}> (0x0000000088582390) 
thrown [s\open\src\hotspot\share\runtime\reflection.cpp, line 1121]
Event: 4.722 Thread 0x0000015fc28c64c0 Exception <a 'java/lang/reflect/InvocationTargetException'{0x0000000088586680}> (0x0000000088586680) 
thrown [s\open\src\hotspot\share\runtime\reflection.cpp, line 1121]
Event: 4.841 Thread 0x0000015fc30b9ee0 Exception <a 'sun/nio/fs/WindowsException'{0x000000008be91738}> (0x000000008be91738) 
thrown [s\open\src\hotspot\share\prims\jni.cpp, line 516]
Event: 4.848 Thread 0x0000015fc30b9ee0 Exception <a 'java/lang/NoSuchMethodError'{0x000000008beb4928}: 'int java.lang.invoke.DirectMethodHandle$Holder.invokeStaticInit(java.lang.Object, java.lang.Object, java.lang.Object, java.lang.Object)'> (0x000000008beb4928) 
thrown [s\open\src\hotspot\share\interpreter\linkResolver.cpp, line 759]
Event: 5.225 Thread 0x0000015fc28c64c0 Exception <a 'java/lang/reflect/InvocationTargetException'{0x0000000089b82390}> (0x0000000089b82390) 
thrown [s\open\src\hotspot\share\runtime\reflection.cpp, line 1121]
Event: 5.702 Thread 0x0000015fc30b9ee0 Exception <a 'java/lang/NoSuchMethodError'{0x00000000898ddbb8}: 'java.lang.Object java.lang.invoke.DirectMethodHandle$Holder.invokeStaticInit(java.lang.Object, java.lang.Object, java.lang.Object, java.lang.Object)'> (0x00000000898ddbb8) 
thrown [s\open\src\hotspot\share\interpreter\linkResolver.cpp, line 759]
Event: 5.729 Thread 0x0000015fc28c64c0 Exception <a 'java/lang/reflect/InvocationTargetException'{0x0000000089b86680}> (0x0000000089b86680) 
thrown [s\open\src\hotspot\share\runtime\reflection.cpp, line 1121]
Event: 5.765 Thread 0x0000015fc30b9ee0 Exception <a 'java/lang/NoSuchMethodError'{0x0000000089544670}: 'java.lang.Object java.lang.invoke.DirectMethodHandle$Holder.newInvokeSpecial(java.lang.Object, java.lang.Object, java.lang.Object, java.lang.Object, java.lang.Object, int, java.lang.Object)'> (0x0000000089544670) 
thrown [s\open\src\hotspot\share\interpreter\linkResolver.cpp, line 759]
Event: 5.987 Thread 0x0000015fc30b9ee0 Exception <a 'java/lang/NoSuchMethodError'{0x0000000088729fc8}: 'java.lang.Object java.lang.invoke.DirectMethodHandle$Holder.newInvokeSpecial(java.lang.Object, java.lang.Object, int)'> (0x0000000088729fc8) 
thrown [s\open\src\hotspot\share\interpreter\linkResolver.cpp, line 759]
Event: 6.112 Thread 0x0000015fc30b9ee0 Exception <a 'java/lang/NoSuchMethodError'{0x0000000087f4c168}: 'java.lang.Object java.lang.invoke.DirectMethodHandle$Holder.invokeVirtual(java.lang.Object, java.lang.Object, java.lang.Object, java.lang.Object)'> (0x0000000087f4c168) 
thrown [s\open\src\hotspot\share\interpreter\linkResolver.cpp, line 759]
Event: 6.113 Thread 0x0000015fc30b9ee0 Exception <a 'java/lang/IncompatibleClassChangeError'{0x0000000087f61c70}: Found class java.lang.Object, but interface was expected> (0x0000000087f61c70) 
thrown [s\open\src\hotspot\share\interpreter\linkResolver.cpp, line 826]
Event: 6.131 Thread 0x0000015fc30b9ee0 Exception <a 'java/lang/NoSuchMethodError'{0x0000000087e554a8}: 'java.lang.Object java.lang.invoke.DirectMethodHandle$Holder.invokeStatic(java.lang.Object, java.lang.Object, int, java.lang.Object)'> (0x0000000087e554a8) 
thrown [s\open\src\hotspot\share\interpreter\linkResolver.cpp, line 759]
Event: 6.131 Thread 0x0000015fc30b9ee0 Exception <a 'java/lang/NoSuchMethodError'{0x0000000087e58f40}: 'java.lang.Object java.lang.invoke.DirectMethodHandle$Holder.invokeStaticInit(java.lang.Object, java.lang.Object, int, java.lang.Object)'> (0x0000000087e58f40) 
thrown [s\open\src\hotspot\share\interpreter\linkResolver.cpp, line 759]
Event: 6.232 Thread 0x0000015fc28c64c0 Exception <a 'java/lang/reflect/InvocationTargetException'{0x000000008be81b90}> (0x000000008be81b90) 
thrown [s\open\src\hotspot\share\runtime\reflection.cpp, line 1121]
Event: 7.244 Thread 0x0000015fc28c64c0 Exception <a 'java/lang/reflect/InvocationTargetException'{0x0000000089f00048}> (0x0000000089f00048) 
thrown [s\open\src\hotspot\share\runtime\reflection.cpp, line 1121]
Event: 7.797 Thread 0x0000015fc28c64c0 Exception <a 'java/lang/reflect/InvocationTargetException'{0x0000000089f040b8}> (0x0000000089f040b8) 
thrown [s\open\src\hotspot\share\runtime\reflection.cpp, line 1121]
Event: 8.300 Thread 0x0000015fc28c64c0 Exception <a 'java/lang/reflect/InvocationTargetException'{0x0000000089c373f8}> (0x0000000089c373f8) 
thrown [s\open\src\hotspot\share\runtime\reflection.cpp, line 1121]
Event: 9.534 Thread 0x0000015fc28c64c0 Exception <a 'java/lang/reflect/InvocationTargetException'{0x0000000089685538}> (0x0000000089685538) 
thrown [s\open\src\hotspot\share\runtime\reflection.cpp, line 1121]

VM Operations (20 events):
Event: 6.232 Executing VM operation: CollectForMetadataAllocation done
Event: 6.238 Executing VM operation: G1Concurrent
Event: 7.243 Executing VM operation: G1Concurrent done
Event: 7.258 Executing VM operation: G1Concurrent
Event: 7.258 Executing VM operation: G1Concurrent done
Event: 8.498 Executing VM operation: HandshakeAllThreads
Event: 8.498 Executing VM operation: HandshakeAllThreads done
Event: 8.527 Executing VM operation: HandshakeAllThreads
Event: 8.527 Executing VM operation: HandshakeAllThreads done
Event: 8.527 Executing VM operation: Cleanup
Event: 8.528 Executing VM operation: Cleanup done
Event: 9.532 Executing VM operation: Cleanup
Event: 9.533 Executing VM operation: Cleanup done
Event: 9.653 Executing VM operation: HandshakeAllThreads
Event: 9.653 Executing VM operation: HandshakeAllThreads done
Event: 10.661 Executing VM operation: Cleanup
Event: 10.662 Executing VM operation: Cleanup done
Event: 12.662 Executing VM operation: Cleanup
Event: 12.816 Executing VM operation: Cleanup done
Event: 14.816 Executing VM operation: Cleanup

Events (20 events):
Event: 6.037 loading class javax/naming/RefAddr done
Event: 6.037 loading class javax/naming/StringRefAddr
Event: 6.037 loading class javax/naming/StringRefAddr done
Event: 6.059 loading class java/util/concurrent/CompletableFuture$AltResult
Event: 6.059 loading class java/util/concurrent/CompletableFuture$AltResult done
Event: 6.059 loading class java/util/concurrent/CompletableFuture$Completion
Event: 6.060 loading class java/util/concurrent/CompletableFuture$AsynchronousCompletionTask
Event: 6.060 loading class java/util/concurrent/CompletableFuture$AsynchronousCompletionTask done
Event: 6.060 loading class java/util/concurrent/CompletableFuture$Completion done
Event: 7.244 Thread 0x0000015fc3016c10 Thread exited: 0x0000015fc3016c10
Event: 7.244 Thread 0x0000015fc2174140 Thread exited: 0x0000015fc2174140
Event: 7.342 loading class java/util/concurrent/CancellationException
Event: 7.342 loading class java/util/concurrent/CancellationException done
Event: 7.796 Thread 0x0000015fc21648e0 Thread exited: 0x0000015fc21648e0
Event: 9.622 loading class java/lang/reflect/AnnotatedArrayType
Event: 9.622 loading class java/lang/reflect/AnnotatedArrayType done
Event: 9.642 Thread 0x0000015fc6388460 Thread added: 0x0000015fc6388460
Event: 10.689 Thread 0x0000015fc6388460 Thread exited: 0x0000015fc6388460
Event: 11.179 Thread 0x0000015fc30bb220 Thread exited: 0x0000015fc30bb220
Event: 11.761 Thread 0x0000015fc6388460 Thread added: 0x0000015fc6388460


Dynamic libraries:
0x00007ff70de00000 - 0x00007ff70de10000 	C:\Program Files\Java\jdk-17.0.5\bin\javaw.exe
0x00007ffec71c0000 - 0x00007ffec7427000 	C:\WINDOWS\SYSTEM32\ntdll.dll
0x00007ffec6120000 - 0x00007ffec61e9000 	C:\WINDOWS\System32\KERNEL32.DLL
0x00007ffec3cb0000 - 0x00007ffec40a7000 	C:\WINDOWS\System32\KERNELBASE.dll
0x00007ffec4350000 - 0x00007ffec449b000 	C:\WINDOWS\System32\ucrtbase.dll
0x00007ffea6630000 - 0x00007ffea664a000 	C:\Program Files\Java\jdk-17.0.5\bin\VCRUNTIME140.dll
0x00007ffea6610000 - 0x00007ffea6628000 	C:\Program Files\Java\jdk-17.0.5\bin\jli.dll
0x00007ffec6f80000 - 0x00007ffec7036000 	C:\WINDOWS\System32\ADVAPI32.dll
0x00007ffec6cf0000 - 0x00007ffec6d99000 	C:\WINDOWS\System32\msvcrt.dll
0x00007ffec61f0000 - 0x00007ffec6297000 	C:\WINDOWS\System32\sechost.dll
0x00007ffec62b0000 - 0x00007ffec63c8000 	C:\WINDOWS\System32\RPCRT4.dll
0x00007ffec5d30000 - 0x00007ffec5ef6000 	C:\WINDOWS\System32\USER32.dll
0x00007ffec41f0000 - 0x00007ffec4217000 	C:\WINDOWS\System32\win32u.dll
0x00007ffea3f30000 - 0x00007ffea41c2000 	C:\WINDOWS\WinSxS\amd64_microsoft.windows.common-controls_6595b64144ccf1df_6.0.26100.8457_none_3e0b2faee331e92d\COMCTL32.dll
0x00007ffec52e0000 - 0x00007ffec530b000 	C:\WINDOWS\System32\GDI32.dll
0x00007ffec4220000 - 0x00007ffec434c000 	C:\WINDOWS\System32\gdi32full.dll
0x00007ffec4620000 - 0x00007ffec46c3000 	C:\WINDOWS\System32\msvcp_win.dll
0x00007ffeb9020000 - 0x00007ffeb902b000 	C:\WINDOWS\SYSTEM32\VERSION.dll
0x00007ffec60e0000 - 0x00007ffec6112000 	C:\WINDOWS\System32\IMM32.DLL
0x00007ffeb9320000 - 0x00007ffeb932c000 	C:\Program Files\Java\jdk-17.0.5\bin\vcruntime140_1.dll
0x00007ffea55f0000 - 0x00007ffea567d000 	C:\Program Files\Java\jdk-17.0.5\bin\msvcp140.dll
0x00007ffe4fdd0000 - 0x00007ffe50992000 	C:\Program Files\Java\jdk-17.0.5\bin\server\jvm.dll
0x00007ffec63d0000 - 0x00007ffec63d8000 	C:\WINDOWS\System32\PSAPI.DLL
0x00007ffeb7680000 - 0x00007ffeb768a000 	C:\WINDOWS\SYSTEM32\WSOCK32.dll
0x00007ffea9ee0000 - 0x00007ffea9f16000 	C:\WINDOWS\SYSTEM32\WINMM.dll
0x00007ffec6ae0000 - 0x00007ffec6b60000 	C:\WINDOWS\System32\WS2_32.dll
0x00007ffec2980000 - 0x00007ffec299b000 	C:\WINDOWS\SYSTEM32\kernel.appcore.dll
0x00007ffeb75f0000 - 0x00007ffeb75fa000 	C:\Program Files\Java\jdk-17.0.5\bin\jimage.dll
0x00007ffebde90000 - 0x00007ffebe0d2000 	C:\WINDOWS\SYSTEM32\DBGHELP.DLL
0x00007ffec4f40000 - 0x00007ffec52c3000 	C:\WINDOWS\System32\combase.dll
0x00007ffec6a00000 - 0x00007ffec6ad9000 	C:\WINDOWS\System32\OLEAUT32.dll
0x00007ffea36d0000 - 0x00007ffea370b000 	C:\WINDOWS\SYSTEM32\dbgcore.DLL
0x00007ffec40b0000 - 0x00007ffec4158000 	C:\WINDOWS\System32\bcryptPrimitives.dll
0x00007ffea65e0000 - 0x00007ffea6605000 	C:\Program Files\Java\jdk-17.0.5\bin\java.dll
0x00007ffe8b930000 - 0x00007ffe8ba06000 	C:\Program Files\Java\jdk-17.0.5\bin\jsvml.dll
0x00007ffec5410000 - 0x00007ffec5b7e000 	C:\WINDOWS\System32\SHELL32.dll
0x00007ffec46d0000 - 0x00007ffec4f3c000 	C:\WINDOWS\System32\windows.storage.dll
0x00007ffec6be0000 - 0x00007ffec6cd6000 	C:\WINDOWS\System32\SHCORE.dll
0x00007ffec6b70000 - 0x00007ffec6bd6000 	C:\WINDOWS\System32\shlwapi.dll
0x00007ffec3b10000 - 0x00007ffec3b39000 	C:\WINDOWS\SYSTEM32\profapi.dll
0x00007ffea5870000 - 0x00007ffea5889000 	C:\Program Files\Java\jdk-17.0.5\bin\net.dll
0x00007ffeb2200000 - 0x00007ffeb2329000 	C:\WINDOWS\SYSTEM32\WINHTTP.dll
0x00007ffec2ef0000 - 0x00007ffec2f5c000 	C:\WINDOWS\system32\mswsock.dll
0x00007ffea5850000 - 0x00007ffea5866000 	C:\Program Files\Java\jdk-17.0.5\bin\nio.dll
0x00007ffea5750000 - 0x00007ffea5768000 	C:\Program Files\Java\jdk-17.0.5\bin\zip.dll
0x00007ffeb72d0000 - 0x00007ffeb72d9000 	C:\Program Files\Java\jdk-17.0.5\bin\management.dll
0x00007ffeb7230000 - 0x00007ffeb723b000 	C:\Program Files\Java\jdk-17.0.5\bin\management_ext.dll
0x00007ffe9c120000 - 0x00007ffe9c138000 	C:\WINDOWS\system32\napinsp.dll
0x00007ffec2420000 - 0x00007ffec2552000 	C:\WINDOWS\SYSTEM32\DNSAPI.dll
0x00007ffec2390000 - 0x00007ffec23c2000 	C:\WINDOWS\SYSTEM32\IPHLPAPI.DLL
0x00007ffec62a0000 - 0x00007ffec62aa000 	C:\WINDOWS\System32\NSI.dll
0x00007ffe9bec0000 - 0x00007ffe9bed3000 	C:\WINDOWS\System32\winrnr.dll
0x00007ffe9be90000 - 0x00007ffe9beb2000 	C:\WINDOWS\system32\nlansp_c.dll
0x00007ffeb6b00000 - 0x00007ffeb6b16000 	C:\WINDOWS\system32\wshbth.dll
0x00007ffea5f00000 - 0x00007ffea5f0b000 	C:\Windows\System32\rasadhlp.dll
0x00007ffeb1390000 - 0x00007ffeb1416000 	C:\WINDOWS\System32\fwpuclnt.dll
0x00007ffec31e0000 - 0x00007ffec31fb000 	C:\WINDOWS\SYSTEM32\CRYPTSP.dll
0x00007ffec28e0000 - 0x00007ffec2919000 	C:\WINDOWS\system32\rsaenh.dll
0x00007ffec2fa0000 - 0x00007ffec2fd3000 	C:\WINDOWS\SYSTEM32\USERENV.dll
0x00007ffec3ae0000 - 0x00007ffec3b0a000 	C:\WINDOWS\SYSTEM32\bcrypt.dll
0x00007ffec31d0000 - 0x00007ffec31dc000 	C:\WINDOWS\SYSTEM32\CRYPTBASE.dll
0x00007ffeb6a20000 - 0x00007ffeb6a3d000 	C:\WINDOWS\SYSTEM32\dhcpcsvc6.DLL
0x00007ffeb69f0000 - 0x00007ffeb6a15000 	C:\WINDOWS\SYSTEM32\dhcpcsvc.DLL
0x00007ffea8320000 - 0x00007ffea832e000 	C:\Program Files\Java\jdk-17.0.5\bin\sunmscapi.dll
0x00007ffec44a0000 - 0x00007ffec4618000 	C:\WINDOWS\System32\CRYPT32.dll
0x00007ffec33f0000 - 0x00007ffec3420000 	C:\WINDOWS\SYSTEM32\ncrypt.dll
0x00007ffec33a0000 - 0x00007ffec33df000 	C:\WINDOWS\SYSTEM32\NTASN1.dll

dbghelp: loaded successfully - version: 4.0.5 - missing functions: none
symbol engine: initialized successfully - sym options: 0x614 - pdb path: .;C:\Program Files\Java\jdk-17.0.5\bin;C:\WINDOWS\SYSTEM32;C:\WINDOWS\WinSxS\amd64_microsoft.windows.common-controls_6595b64144ccf1df_6.0.26100.8457_none_3e0b2faee331e92d;C:\Program Files\Java\jdk-17.0.5\bin\server

VM Arguments:
jvm_args: -Dcom.sun.management.jmxremote -Dcom.sun.management.jmxremote.port=57640 -Dcom.sun.management.jmxremote.authenticate=false -Dcom.sun.management.jmxremote.ssl=false -Djava.rmi.server.hostname=localhost -Dspring.jmx.enabled=true -Dmanagement.endpoints.jmx.exposure.include=* -Dspring.application.admin.enabled=true -Dspring.output.ansi.enabled=always -XX:TieredStopAtLevel=1 -Dspring.boot.project.name=EcommerceShoppingSiteCategory -Dfile.encoding=UTF-8 -Dstdout.encoding=UTF-8 -Dstderr.encoding=UTF-8 -XX:+ShowCodeDetailsInExceptionMessages 
java_command: com.shopping.EcommerceShoppingSiteCategoryApplication
java_class_path (initial): C:\Users\Rashmi\SpringBoot_Workspace\EcommerceShoppingSiteCategory\target\classes;C:\Users\Rashmi\.m2\repository\org\springframework\boot\spring-boot-starter-data-jpa\4.0.6\spring-boot-starter-data-jpa-4.0.6.jar;C:\Users\Rashmi\.m2\repository\org\springframework\boot\spring-boot-starter\4.0.6\spring-boot-starter-4.0.6.jar;C:\Users\Rashmi\.m2\repository\org\springframework\boot\spring-boot-starter-logging\4.0.6\spring-boot-starter-logging-4.0.6.jar;C:\Users\Rashmi\.m2\repository\ch\qos\logback\logback-classic\1.5.32\logback-classic-1.5.32.jar;C:\Users\Rashmi\.m2\repository\ch\qos\logback\logback-core\1.5.32\logback-core-1.5.32.jar;C:\Users\Rashmi\.m2\repository\org\apache\logging\log4j\log4j-to-slf4j\2.25.4\log4j-to-slf4j-2.25.4.jar;C:\Users\Rashmi\.m2\repository\org\apache\logging\log4j\log4j-api\2.25.4\log4j-api-2.25.4.jar;C:\Users\Rashmi\.m2\repository\org\slf4j\jul-to-slf4j\2.0.17\jul-to-slf4j-2.0.17.jar;C:\Users\Rashmi\.m2\repository\jakarta\annotation\jakarta.annotation-api\3.0.0\jakarta.annotation-api-3.0.0.jar;C:\Users\Rashmi\.m2\repository\org\yaml\snakeyaml\2.5\snakeyaml-2.5.jar;C:\Users\Rashmi\.m2\repository\org\springframework\boot\spring-boot-starter-jdbc\4.0.6\spring-boot-starter-jdbc-4.0.6.jar;C:\Users\Rashmi\.m2\repository\com\zaxxer\HikariCP\7.0.2\HikariCP-7.0.2.jar;C:\Users\Rashmi\.m2\repository\org\springframework\boot\spring-boot-data-jpa\4.0.6\spring-boot-data-jpa-4.0.6.jar;C:\Users\Rashmi\.m2\repository\org\springframework\boot\spring-boot-data-commons\4.0.6\spring-boot-data-commons-4.0.6.jar;C:\Users\Rashmi\.m2\repository\org\springframework\boot\spring-boot-persistence\4.0.6\spring-boot-persistence-4.0.6.jar;C:\Users\Rashmi\.m2\repository\org\springframework\data\spring-data-commons\4.0.5\spring-data-commons-4.0.5.jar;C:\Users\Rashmi\.m2\repository\org\springframework\boot\spring-boot-hibernate\4.0.6\spring-boot-hibernate-4.0.6.jar;C:\Users\Rashmi\.m2\repository\org\springframework\boot\spring-boot-jpa\4.0.6\spring
Launcher Type: SUN_STANDARD

[Global flags]
     intx CICompilerCount                          = 4                                         {product} {ergonomic}
     uint ConcGCThreads                            = 2                                         {product} {ergonomic}
     uint G1ConcRefinementThreads                  = 8                                         {product} {ergonomic}
   size_t G1HeapRegionSize                         = 1048576                                   {product} {ergonomic}
    uintx GCDrainStackTargetSize                   = 64                                        {product} {ergonomic}
   size_t InitialHeapSize                          = 132120576                                 {product} {ergonomic}
     bool ManagementServer                         = true                                      {product} {command line}
   size_t MarkStackSize                            = 4194304                                   {product} {ergonomic}
   size_t MaxHeapSize                              = 2090860544                                {product} {ergonomic}
   size_t MaxNewSize                               = 1254096896                                {product} {ergonomic}
   size_t MinHeapDeltaBytes                        = 1048576                                   {product} {ergonomic}
   size_t MinHeapSize                              = 8388608                                   {product} {ergonomic}
    uintx NonProfiledCodeHeapSize                  = 0                                      {pd product} {ergonomic}
     bool ProfileInterpreter                       = false                                  {pd product} {command line}
    uintx ProfiledCodeHeapSize                     = 0                                      {pd product} {ergonomic}
     bool ShowCodeDetailsInExceptionMessages       = true                                   {manageable} {command line}
   size_t SoftMaxHeapSize                          = 2090860544                             {manageable} {ergonomic}
     intx TieredStopAtLevel                        = 1                                         {product} {command line}
     bool UseCompressedClassPointers               = true                           {product lp64_product} {ergonomic}
     bool UseCompressedOops                        = true                           {product lp64_product} {ergonomic}
     bool UseG1GC                                  = true                                      {product} {ergonomic}
     bool UseLargePagesIndividualAllocation        = false                                  {pd product} {ergonomic}

Logging:
Log output configuration:
 #0: stdout all=warning uptime,level,tags
 #1: stderr all=off uptime,level,tags

Environment Variables:
JAVA_HOME=C:\Program Files\Java\jdk-17.0.5
PATH=C:/Users/Rashmi/.p2/pool/plugins/org.eclipse.justj.openjdk.hotspot.jre.full.win32.x86_64_23.0.2.v20250131-0604/jre/bin/server;C:/Users/Rashmi/.p2/pool/plugins/org.eclipse.justj.openjdk.hotspot.jre.full.win32.x86_64_23.0.2.v20250131-0604/jre/bin;C:\Program_Selenium_NOV\jdk-17_windows-x64_bin\apache-maven-3.8.6-bin\apache-maven-3.8.6\bin;C:\Program Files\Common Files\Oracle\Java\javapath;C:\Program Files (x86)\Common Files\Oracle\Java\java8path;C:\Program Files (x86)\Common Files\Oracle\Java\javapath;C:\WINDOWS\system32;C:\WINDOWS;C:\WINDOWS\System32\Wbem;C:\WINDOWS\System32\WindowsPowerShell\v1.0\;C:\WINDOWS\System32\OpenSSH\;C:\Program Files\Java\jdk1.8.0_291\bin;C:\Android;C:\Windows\System32;C:\Program Files\HP\HP One Agent;C:\WINDOWS\system32;C:\WINDOWS;C:\WINDOWS\System32\Wbem;C:\WINDOWS\System32\WindowsPowerShell\v1.0\;C:\WINDOWS\System32\OpenSSH\;C:\Program Files\Microsoft VS Code\bin;C:\Program Files\Git\cmd;C:\Program Files\nodejs\;C:\Program Files\MySQL\MySQL Shell 8.0\bin\;C:\Users\Rashmi\AppData\Local\Microsoft\WindowsApps;C:\Users\Rashmi\AppData\Roaming\npm;C:\WINDOWS\System32;
USERNAME=Rashmi
OS=Windows_NT
PROCESSOR_IDENTIFIER=Intel64 Family 6 Model 126 Stepping 5, GenuineIntel



---------------  S Y S T E M  ---------------

OS:
 Windows 11 , 64 bit Build 26100 (10.0.26100.8328)
OS uptime: 1 days 2:00 hours

CPU: total 8 (initial active 8) (4 cores per cpu, 2 threads per core) family 6 model 126 stepping 5 microcode 0xa6, cx8, cmov, fxsr, ht, mmx, 3dnowpref, sse, sse2, sse3, ssse3, sse4.1, sse4.2, popcnt, lzcnt, tsc, tscinvbit, avx, avx2, aes, erms, clmul, bmi1, bmi2, adx, avx512f, avx512dq, avx512cd, avx512bw, avx512vl, sha, fma, vzeroupper, avx512_vpopcntdq, avx512_vpclmulqdq, avx512_vaes, avx512_vnni, clflush, clflushopt, avx512_vbmi2, avx512_vbmi

Memory: 4k page, system-wide physical 7973M (811M free)
TotalPageFile size 10021M (AvailPageFile size 3M)
current process WorkingSet (physical memory assigned to process): 257M, peak: 257M
current process commit charge ("private bytes"): 297M, peak: 297M

vm_info: Java HotSpot(TM) 64-Bit Server VM (17.0.5+9-LTS-191) for windows-amd64 JRE (17.0.5+9-LTS-191), built on Sep 13 2022 17:31:43 by "mach5one" with MS VC++ 16.8 / 16.9 (VS2019)

END.
