#
# There is insufficient memory for the Java Runtime Environment to continue.
# Native memory allocation (mmap) failed to map 65536 bytes for Failed to commit metaspace.
# Possible reasons:
#   The system is out of physical RAM or swap space
#   The process is running with CompressedOops enabled, and the Java Heap may be blocking the growth of the native heap
# Possible solutions:
#   Reduce memory load on the system
#   Increase physical memory or swap space
#   Check if swap backing store is full
#   Decrease Java heap size (-Xmx/-Xms)
#   Decrease number of Java threads
#   Decrease Java thread stack sizes (-Xss)
#   Set larger code cache with -XX:ReservedCodeCacheSize=
#   JVM is running with Unscaled Compressed Oops mode in which the Java heap is
#     placed in the first 4GB address space. The Java Heap base address is the
#     maximum limit for the native heap growth. Please use -XX:HeapBaseMinAddress
#     to set the Java Heap base and to place the Java Heap above 4GB virtual address.
# This output file may be truncated or incomplete.
#
#  Out of Memory Error (virtualSpaceNode.cpp:110), pid=10980, tid=16864
#
# JRE version: Java(TM) SE Runtime Environment (17.0.5+9) (build 17.0.5+9-LTS-191)
# Java VM: Java HotSpot(TM) 64-Bit Server VM (17.0.5+9-LTS-191, mixed mode, emulated-client, sharing, tiered, compressed oops, compressed class ptrs, g1 gc, windows-amd64)
# No core dump will be written. Minidumps are not enabled by default on client versions of Windows
#

---------------  S U M M A R Y ------------

Command Line: -Dcom.sun.management.jmxremote -Dcom.sun.management.jmxremote.port=64409 -Dcom.sun.management.jmxremote.authenticate=false -Dcom.sun.management.jmxremote.ssl=false -Djava.rmi.server.hostname=localhost -Dspring.jmx.enabled=true -Dmanagement.endpoints.jmx.exposure.include=* -Dspring.application.admin.enabled=true -Dspring.output.ansi.enabled=always -XX:TieredStopAtLevel=1 -Dspring.boot.project.name=EcommerceShoppingSiteCategory -Dfile.encoding=UTF-8 -Dstdout.encoding=UTF-8 -Dstderr.encoding=UTF-8 -XX:+ShowCodeDetailsInExceptionMessages com.shopping.EcommerceShoppingSiteCategoryApplication

Host: Intel(R) Core(TM) i5-1035G1 CPU @ 1.00GHz, 8 cores, 7G,  Windows 11 , 64 bit Build 26100 (10.0.26100.8328)
Time: Tue Jun  9 13:46:47 2026 India Standard Time elapsed time: 257.932906 seconds (0d 0h 4m 17s)

---------------  T H R E A D  ---------------

Current thread (0x0000015122bb1530):  JavaThread "http-nio-3333-exec-1" daemon [_thread_in_vm, id=16864, stack(0x00000013c6200000,0x00000013c6300000)]

Stack: [0x00000013c6200000,0x00000013c6300000]
Native frames: (J=compiled Java code, j=interpreted, Vv=VM code, C=native code)
V  [jvm.dll+0x672eea]
V  [jvm.dll+0x7d2a04]
V  [jvm.dll+0x7d41ae]
V  [jvm.dll+0x7d4813]
V  [jvm.dll+0x242c15]
V  [jvm.dll+0x7ce9ab]
V  [jvm.dll+0x618bb6]
V  [jvm.dll+0x1be37e]
V  [jvm.dll+0x61b4f1]
V  [jvm.dll+0x619556]
V  [jvm.dll+0x6553fb]
V  [jvm.dll+0x368175]
V  [jvm.dll+0x74e148]
V  [jvm.dll+0x74e008]
V  [jvm.dll+0x6ee541]
V  [jvm.dll+0x74b0be]
V  [jvm.dll+0x633ec7]
V  [jvm.dll+0x74c522]
V  [jvm.dll+0x23c979]
V  [jvm.dll+0x239035]
V  [jvm.dll+0x120e00]
V  [jvm.dll+0x1211cf]
V  [jvm.dll+0x74bc22]
V  [jvm.dll+0x55a44c]
V  [jvm.dll+0x55a296]
V  [jvm.dll+0x37efd7]
C  0x0000015110d6984d

Java frames: (J=compiled Java code, j=interpreted, Vv=VM code)
j  org.hibernate.sql.results.graph.entity.internal.EntityInitializerImpl.toBitSetArray([Ljava/util/BitSet;)[Lorg/hibernate/internal/util/ImmutableBitSet;+14
j  org.hibernate.sql.results.graph.entity.internal.EntityInitializerImpl.<init>(Lorg/hibernate/sql/results/graph/entity/EntityResultGraphNode;Ljava/lang/String;Lorg/hibernate/sql/results/graph/Fetch;Lorg/hibernate/sql/results/graph/Fetch;Lorg/hibernate/sql/results/graph/DomainResult;Lorg/hibernate/sql/results/graph/DomainResult;Lorg/hibernate/annotations/NotFoundAction;ZLorg/hibernate/sql/results/graph/InitializerParent;ZLorg/hibernate/sql/results/graph/AssemblerCreationState;)V+1800
j  org.hibernate.sql.results.graph.entity.internal.EntityResultImpl.createInitializer(Lorg/hibernate/sql/results/graph/InitializerParent;Lorg/hibernate/sql/results/graph/AssemblerCreationState;)Lorg/hibernate/sql/results/graph/Initializer;+29
j  org.hibernate.sql.results.graph.entity.internal.EntityResultImpl.createInitializer(Lorg/hibernate/sql/results/graph/entity/internal/EntityResultImpl;Lorg/hibernate/sql/results/graph/InitializerParent;Lorg/hibernate/sql/results/graph/AssemblerCreationState;)Lorg/hibernate/sql/results/graph/Initializer;+3
j  org.hibernate.sql.results.graph.entity.internal.EntityResultImpl.createInitializer(Lorg/hibernate/sql/results/graph/FetchParent;Lorg/hibernate/sql/results/graph/InitializerParent;Lorg/hibernate/sql/results/graph/AssemblerCreationState;)Lorg/hibernate/sql/results/graph/Initializer;+7
j  org.hibernate.sql.results.jdbc.internal.StandardJdbcValuesMapping$AssemblerCreationStateImpl.resolveInitializer(Lorg/hibernate/spi/NavigablePath;Lorg/hibernate/metamodel/mapping/ModelPart;Lorg/hibernate/sql/results/graph/FetchParent;Lorg/hibernate/sql/results/graph/InitializerParent;Lorg/hibernate/sql/results/graph/InitializerProducer;)Lorg/hibernate/sql/results/graph/Initializer;+60
j  org.hibernate.sql.results.jdbc.internal.StandardJdbcValuesMapping$AssemblerCreationStateImpl.resolveInitializer(Lorg/hibernate/sql/results/graph/FetchParent;Lorg/hibernate/sql/results/graph/InitializerParent;Lorg/hibernate/sql/results/graph/InitializerProducer;)Lorg/hibernate/sql/results/graph/Initializer;+16
j  org.hibernate.sql.results.graph.entity.internal.EntityResultImpl.createResultAssembler(Lorg/hibernate/sql/results/graph/InitializerParent;Lorg/hibernate/sql/results/graph/AssemblerCreationState;)Lorg/hibernate/sql/results/graph/DomainResultAssembler;+12
j  org.hibernate.sql.results.jdbc.internal.StandardJdbcValuesMapping.resolveAssemblers(Lorg/hibernate/sql/results/graph/AssemblerCreationState;)[Lorg/hibernate/sql/results/graph/DomainResultAssembler;+40
j  org.hibernate.sql.results.jdbc.internal.StandardJdbcValuesMapping.resolveAssemblers(Lorg/hibernate/engine/spi/SessionFactoryImplementor;)Lorg/hibernate/sql/results/jdbc/spi/JdbcValuesMappingResolution;+29
j  org.hibernate.sql.results.internal.ResultsHelper.createRowReader(Lorg/hibernate/engine/spi/SessionFactoryImplementor;Lorg/hibernate/sql/results/spi/RowTransformer;Ljava/lang/Class;Lorg/hibernate/sql/results/jdbc/spi/JdbcValuesMapping;)Lorg/hibernate/sql/results/spi/RowReader;+6
j  org.hibernate.sql.results.internal.ResultsHelper.createRowReader(Lorg/hibernate/engine/spi/SessionFactoryImplementor;Lorg/hibernate/sql/results/spi/RowTransformer;Ljava/lang/Class;Lorg/hibernate/sql/results/jdbc/spi/JdbcValues;)Lorg/hibernate/sql/results/spi/RowReader;+9
j  org.hibernate.sql.exec.internal.JdbcSelectExecutorStandardImpl.doExecuteQuery(Lorg/hibernate/sql/exec/spi/JdbcSelect;Lorg/hibernate/sql/exec/spi/JdbcParameterBindings;Lorg/hibernate/sql/exec/spi/ExecutionContext;Lorg/hibernate/sql/results/spi/RowTransformer;Ljava/lang/Class;ILorg/hibernate/sql/exec/spi/JdbcSelectExecutor$StatementCreator;Lorg/hibernate/sql/results/spi/ResultsConsumer;)Ljava/lang/Object;+234
j  org.hibernate.sql.exec.internal.JdbcSelectExecutorStandardImpl.executeQuery(Lorg/hibernate/sql/exec/spi/JdbcSelect;Lorg/hibernate/sql/exec/spi/JdbcParameterBindings;Lorg/hibernate/sql/exec/spi/ExecutionContext;Lorg/hibernate/sql/results/spi/RowTransformer;Ljava/lang/Class;ILorg/hibernate/sql/exec/spi/JdbcSelectExecutor$StatementCreator;Lorg/hibernate/sql/results/spi/ResultsConsumer;)Ljava/lang/Object;+66
j  org.hibernate.sql.exec.spi.JdbcSelectExecutor.executeQuery(Lorg/hibernate/sql/exec/spi/JdbcSelect;Lorg/hibernate/sql/exec/spi/JdbcParameterBindings;Lorg/hibernate/sql/exec/spi/ExecutionContext;Lorg/hibernate/sql/results/spi/RowTransformer;Ljava/lang/Class;ILorg/hibernate/sql/results/spi/ResultsConsumer;)Ljava/lang/Object;+16
j  org.hibernate.sql.exec.spi.JdbcSelectExecutor.list(Lorg/hibernate/sql/exec/spi/JdbcSelect;Lorg/hibernate/sql/exec/spi/JdbcParameterBindings;Lorg/hibernate/sql/exec/spi/ExecutionContext;Lorg/hibernate/sql/results/spi/RowTransformer;Ljava/lang/Class;Lorg/hibernate/sql/results/spi/ListResultsConsumer$UniqueSemantic;I)Ljava/util/List;+15
j  org.hibernate.query.sqm.internal.ConcreteSqmSelectQueryPlan.lambda$new$1(Ljava/lang/String;Lorg/hibernate/query/sqm/tree/select/SqmSelectStatement;Lorg/hibernate/sql/results/spi/RowTransformer;Lorg/hibernate/sql/results/spi/ListResultsConsumer$UniqueSemantic;Lorg/hibernate/query/sqm/internal/DomainParameterXref;Ljava/lang/Void;Lorg/hibernate/query/spi/DomainQueryExecutionContext;Lorg/hibernate/query/sqm/internal/CacheableSqmInterpretation;Lorg/hibernate/sql/exec/spi/JdbcParameterBindings;Z)Ljava/util/List;+142
j  org.hibernate.query.sqm.internal.ConcreteSqmSelectQueryPlan$$Lambda$2117+0x0000000801854a20.interpret(Ljava/lang/Object;Lorg/hibernate/query/spi/DomainQueryExecutionContext;Lorg/hibernate/query/sqm/internal/CacheableSqmInterpretation;Lorg/hibernate/sql/exec/spi/JdbcParameterBindings;Z)Ljava/lang/Object;+30
j  org.hibernate.query.sqm.internal.ConcreteSqmSelectQueryPlan.withCacheableSqmInterpretation(Lorg/hibernate/query/spi/DomainQueryExecutionContext;Ljava/lang/Object;Lorg/hibernate/query/sqm/internal/ConcreteSqmSelectQueryPlan$SqmInterpreter;)Ljava/lang/Object;+313
j  org.hibernate.query.sqm.internal.ConcreteSqmSelectQueryPlan.performList(Lorg/hibernate/query/spi/DomainQueryExecutionContext;)Ljava/util/List;+30
j  org.hibernate.query.sqm.internal.SqmQueryImpl.doList()Ljava/util/List;+65
j  org.hibernate.query.spi.AbstractSelectionQuery.list()Ljava/util/List;+8
j  org.hibernate.query.Query.getResultList()Ljava/util/List;+1
j  org.springframework.data.jpa.repository.support.SimpleJpaRepository.findAll()Ljava/util/List;+10
v  ~StubRoutines::call_stub
J 4459  jdk.internal.reflect.NativeMethodAccessorImpl.invoke0(Ljava/lang/reflect/Method;Ljava/lang/Object;[Ljava/lang/Object;)Ljava/lang/Object; java.base@17.0.5 (0 bytes) @ 0x00000151116f1327 [0x00000151116f12a0+0x0000000000000087]
J 4458 c1 jdk.internal.reflect.NativeMethodAccessorImpl.invoke(Ljava/lang/Object;[Ljava/lang/Object;)Ljava/lang/Object; java.base@17.0.5 (137 bytes) @ 0x00000151116f1b14 [0x00000151116f1800+0x0000000000000314]
J 3700 c1 jdk.internal.reflect.DelegatingMethodAccessorImpl.invoke(Ljava/lang/Object;[Ljava/lang/Object;)Ljava/lang/Object; java.base@17.0.5 (10 bytes) @ 0x00000151115af5e4 [0x00000151115af5a0+0x0000000000000044]
J 3701 c1 java.lang.reflect.Method.invoke(Ljava/lang/Object;[Ljava/lang/Object;)Ljava/lang/Object; java.base@17.0.5 (65 bytes) @ 0x00000151115af9e4 [0x00000151115af8e0+0x0000000000000104]
j  org.springframework.aop.support.AopUtils.invokeJoinpointUsingReflection(Ljava/lang/Object;Ljava/lang/reflect/Method;[Ljava/lang/Object;)Ljava/lang/Object;+34
j  org.springframework.data.repository.core.support.RepositoryMethodInvoker$RepositoryFragmentMethodInvoker.lambda$new$0(Lorg/springframework/data/repository/core/support/RepositoryMethodInvoker$RepositoryFragmentMethodInvoker$CoroutineAdapterInformation;Ljava/lang/Object;Ljava/lang/reflect/Method;[Ljava/lang/Object;)Ljava/lang/Object;+38
j  org.springframework.data.repository.core.support.RepositoryMethodInvoker$RepositoryFragmentMethodInvoker$$Lambda$2102+0x0000000801802e00.invoke([Ljava/lang/Object;)Ljava/lang/Object;+13
j  org.springframework.data.repository.core.support.RepositoryMethodInvoker.doInvoke(Ljava/lang/Class;Lorg/springframework/data/repository/core/support/RepositoryInvocationMulticaster;[Ljava/lang/Object;)Ljava/lang/Object;+11
j  org.springframework.data.repository.core.support.RepositoryMethodInvoker.invoke(Ljava/lang/Class;Lorg/springframework/data/repository/core/support/RepositoryInvocationMulticaster;[Ljava/lang/Object;)Ljava/lang/Object;+4
j  org.springframework.data.repository.core.support.RepositoryComposition$RepositoryFragments.invoke(Ljava/lang/Class;Lorg/springframework/data/repository/core/support/RepositoryInvocationMulticaster;Ljava/lang/reflect/Method;Ljava/lang/reflect/Method;[Ljava/lang/Object;)Ljava/lang/Object;+119
j  org.springframework.data.repository.core.support.RepositoryComposition.invoke(Lorg/springframework/data/repository/core/support/RepositoryInvocationMulticaster;Ljava/lang/reflect/Method;[Ljava/lang/Object;)Ljava/lang/Object;+84
j  org.springframework.data.repository.core.support.RepositoryFactorySupport$ImplementationMethodExecutionInterceptor.invoke(Lorg/aopalliance/intercept/MethodInvocation;)Ljava/lang/Object;+24
j  org.springframework.aop.framework.ReflectiveMethodInvocation.proceed()Ljava/lang/Object;+120
j  org.springframework.data.repository.core.support.QueryExecutorMethodInterceptor.doInvoke(Lorg/aopalliance/intercept/MethodInvocation;)Ljava/lang/Object;+88
j  org.springframework.data.repository.core.support.QueryExecutorMethodInterceptor.invoke(Lorg/aopalliance/intercept/MethodInvocation;)Ljava/lang/Object;+46
j  org.springframework.aop.framework.ReflectiveMethodInvocation.proceed()Ljava/lang/Object;+120
j  org.springframework.data.projection.DefaultMethodInvokingMethodInterceptor.invoke(Lorg/aopalliance/intercept/MethodInvocation;)Ljava/lang/Object;+15
j  org.springframework.aop.framework.ReflectiveMethodInvocation.proceed()Ljava/lang/Object;+120
j  org.springframework.transaction.interceptor.TransactionInterceptor$1.proceedWithInvocation()Ljava/lang/Object;+4
j  org.springframework.transaction.interceptor.TransactionAspectSupport.invokeWithinTransaction(Ljava/lang/reflect/Method;Ljava/lang/Class;Lorg/springframework/transaction/interceptor/TransactionAspectSupport$InvocationCallback;)Ljava/lang/Object;+193
j  org.springframework.transaction.interceptor.TransactionInterceptor.invoke(Lorg/aopalliance/intercept/MethodInvocation;)Ljava/lang/Object;+40
j  org.springframework.aop.framework.ReflectiveMethodInvocation.proceed()Ljava/lang/Object;+120
j  org.springframework.dao.support.PersistenceExceptionTranslationInterceptor.invoke(Lorg/aopalliance/intercept/MethodInvocation;)Ljava/lang/Object;+1
j  org.springframework.aop.framework.ReflectiveMethodInvocation.proceed()Ljava/lang/Object;+120
j  org.springframework.data.jpa.repository.support.CrudMethodMetadataPostProcessor$CrudMethodMetadataPopulatingMethodInterceptor.invoke(Lorg/aopalliance/intercept/MethodInvocation;)Ljava/lang/Object;+139
j  org.springframework.aop.framework.ReflectiveMethodInvocation.proceed()Ljava/lang/Object;+120
j  org.springframework.aop.framework.JdkDynamicAopProxy.invoke(Ljava/lang/Object;Ljava/lang/reflect/Method;[Ljava/lang/Object;)Ljava/lang/Object;+392
j  jdk.proxy4.$Proxy141.findAll()Ljava/util/List;+9 jdk.proxy4
j  com.shopping.service.impl.CategoryServiceImpl.getAllCategories()Ljava/util/List;+4
j  com.shopping.controller.CategoryController.getAllCategories()Ljava/util/List;+24
v  ~StubRoutines::call_stub
J 4459  jdk.internal.reflect.NativeMethodAccessorImpl.invoke0(Ljava/lang/reflect/Method;Ljava/lang/Object;[Ljava/lang/Object;)Ljava/lang/Object; java.base@17.0.5 (0 bytes) @ 0x00000151116f1327 [0x00000151116f12a0+0x0000000000000087]
J 4458 c1 jdk.internal.reflect.NativeMethodAccessorImpl.invoke(Ljava/lang/Object;[Ljava/lang/Object;)Ljava/lang/Object; java.base@17.0.5 (137 bytes) @ 0x00000151116f1b14 [0x00000151116f1800+0x0000000000000314]
J 3700 c1 jdk.internal.reflect.DelegatingMethodAccessorImpl.invoke(Ljava/lang/Object;[Ljava/lang/Object;)Ljava/lang/Object; java.base@17.0.5 (10 bytes) @ 0x00000151115af5e4 [0x00000151115af5a0+0x0000000000000044]
J 3701 c1 java.lang.reflect.Method.invoke(Ljava/lang/Object;[Ljava/lang/Object;)Ljava/lang/Object; java.base@17.0.5 (65 bytes) @ 0x00000151115af9e4 [0x00000151115af8e0+0x0000000000000104]
j  org.springframework.web.method.support.InvocableHandlerMethod.doInvoke([Ljava/lang/Object;)Ljava/lang/Object;+55
j  org.springframework.web.method.support.InvocableHandlerMethod.invokeForRequest(Lorg/springframework/web/context/request/NativeWebRequest;Lorg/springframework/web/method/support/ModelAndViewContainer;[Ljava/lang/Object;)Ljava/lang/Object;+82
j  org.springframework.web.servlet.mvc.method.annotation.ServletInvocableHandlerMethod.invokeAndHandle(Lorg/springframework/web/context/request/ServletWebRequest;Lorg/springframework/web/method/support/ModelAndViewContainer;[Ljava/lang/Object;)V+4
j  org.springframework.web.servlet.mvc.method.annotation.RequestMappingHandlerAdapter.invokeHandlerMethod(Ljakarta/servlet/http/HttpServletRequest;Ljakarta/servlet/http/HttpServletResponse;Lorg/springframework/web/method/HandlerMethod;)Lorg/springframework/web/servlet/ModelAndView;+300
j  org.springframework.web.servlet.mvc.method.annotation.RequestMappingHandlerAdapter.handleInternal(Ljakarta/servlet/http/HttpServletRequest;Ljakarta/servlet/http/HttpServletResponse;Lorg/springframework/web/method/HandlerMethod;)Lorg/springframework/web/servlet/ModelAndView;+81
j  org.springframework.web.servlet.mvc.method.AbstractHandlerMethodAdapter.handle(Ljakarta/servlet/http/HttpServletRequest;Ljakarta/servlet/http/HttpServletResponse;Ljava/lang/Object;)Lorg/springframework/web/servlet/ModelAndView;+7
j  org.springframework.web.servlet.DispatcherServlet.doDispatch(Ljakarta/servlet/http/HttpServletRequest;Ljakarta/servlet/http/HttpServletResponse;)V+184
j  org.springframework.web.servlet.DispatcherServlet.doService(Ljakarta/servlet/http/HttpServletRequest;Ljakarta/servlet/http/HttpServletResponse;)V+216
j  org.springframework.web.servlet.FrameworkServlet.processRequest(Ljakarta/servlet/http/HttpServletRequest;Ljakarta/servlet/http/HttpServletResponse;)V+70
j  org.springframework.web.servlet.FrameworkServlet.doGet(Ljakarta/servlet/http/HttpServletRequest;Ljakarta/servlet/http/HttpServletResponse;)V+3
j  jakarta.servlet.http.HttpServlet.service(Ljakarta/servlet/http/HttpServletRequest;Ljakarta/servlet/http/HttpServletResponse;)V+287
j  org.springframework.web.servlet.FrameworkServlet.service(Ljakarta/servlet/http/HttpServletRequest;Ljakarta/servlet/http/HttpServletResponse;)V+20
j  jakarta.servlet.http.HttpServlet.service(Ljakarta/servlet/ServletRequest;Ljakarta/servlet/ServletResponse;)V+37
j  org.apache.catalina.core.ApplicationFilterChain.doFilter(Ljakarta/servlet/ServletRequest;Ljakarta/servlet/ServletResponse;)V+162
j  org.apache.tomcat.websocket.server.WsFilter.doFilter(Ljakarta/servlet/ServletRequest;Ljakarta/servlet/ServletResponse;Ljakarta/servlet/FilterChain;)V+21
j  org.apache.catalina.core.ApplicationFilterChain.doFilter(Ljakarta/servlet/ServletRequest;Ljakarta/servlet/ServletResponse;)V+69
j  org.springframework.web.filter.RequestContextFilter.doFilterInternal(Ljakarta/servlet/http/HttpServletRequest;Ljakarta/servlet/http/HttpServletResponse;Ljakarta/servlet/FilterChain;)V+21
j  org.springframework.web.filter.OncePerRequestFilter.doFilter(Ljakarta/servlet/ServletRequest;Ljakarta/servlet/ServletResponse;Ljakarta/servlet/FilterChain;)V+150
j  org.apache.catalina.core.ApplicationFilterChain.doFilter(Ljakarta/servlet/ServletRequest;Ljakarta/servlet/ServletResponse;)V+69
j  org.springframework.web.filter.FormContentFilter.doFilterInternal(Ljakarta/servlet/http/HttpServletRequest;Ljakarta/servlet/http/HttpServletResponse;Ljakarta/servlet/FilterChain;)V+38
j  org.springframework.web.filter.OncePerRequestFilter.doFilter(Ljakarta/servlet/ServletRequest;Ljakarta/servlet/ServletResponse;Ljakarta/servlet/FilterChain;)V+150
j  org.apache.catalina.core.ApplicationFilterChain.doFilter(Ljakarta/servlet/ServletRequest;Ljakarta/servlet/ServletResponse;)V+69
j  org.springframework.web.filter.CharacterEncodingFilter.doFilterInternal(Ljakarta/servlet/http/HttpServletRequest;Ljakarta/servlet/http/HttpServletResponse;Ljakarta/servlet/FilterChain;)V+53
j  org.springframework.web.filter.OncePerRequestFilter.doFilter(Ljakarta/servlet/ServletRequest;Ljakarta/servlet/ServletResponse;Ljakarta/servlet/FilterChain;)V+150
j  org.apache.catalina.core.ApplicationFilterChain.doFilter(Ljakarta/servlet/ServletRequest;Ljakarta/servlet/ServletResponse;)V+69
j  org.apache.catalina.core.StandardWrapperValve.invoke(Lorg/apache/catalina/connector/Request;Lorg/apache/catalina/connector/Response;)V+510
j  org.apache.catalina.core.StandardContextValve.invoke(Lorg/apache/catalina/connector/Request;Lorg/apache/catalina/connector/Response;)V+124
j  org.apache.catalina.authenticator.AuthenticatorBase.invoke(Lorg/apache/catalina/connector/Request;Lorg/apache/catalina/connector/Response;)V+221
j  org.apache.catalina.core.StandardHostValve.invoke(Lorg/apache/catalina/connector/Request;Lorg/apache/catalina/connector/Response;)V+125
j  org.apache.catalina.valves.ErrorReportValve.invoke(Lorg/apache/catalina/connector/Request;Lorg/apache/catalina/connector/Response;)V+6
j  org.apache.catalina.core.StandardEngineValve.invoke(Lorg/apache/catalina/connector/Request;Lorg/apache/catalina/connector/Response;)V+59
j  org.apache.catalina.connector.CoyoteAdapter.service(Lorg/apache/coyote/Request;Lorg/apache/coyote/Response;)V+179
j  org.apache.coyote.http11.Http11Processor.service(Lorg/apache/tomcat/util/net/SocketWrapperBase;)Lorg/apache/tomcat/util/net/AbstractEndpoint$Handler$SocketState;+796
j  org.apache.coyote.AbstractProcessorLight.process(Lorg/apache/tomcat/util/net/SocketWrapperBase;Lorg/apache/tomcat/util/net/SocketEvent;)Lorg/apache/tomcat/util/net/AbstractEndpoint$Handler$SocketState;+155
j  org.apache.coyote.AbstractProtocol$ConnectionHandler.process(Lorg/apache/tomcat/util/net/SocketWrapperBase;Lorg/apache/tomcat/util/net/SocketEvent;)Lorg/apache/tomcat/util/net/AbstractEndpoint$Handler$SocketState;+477
j  org.apache.tomcat.util.net.NioEndpoint$SocketProcessor.doRun()V+222
j  org.apache.tomcat.util.net.SocketProcessorBase.run()V+32
j  org.apache.tomcat.util.threads.ThreadPoolExecutor.runWorker(Lorg/apache/tomcat/util/threads/ThreadPoolExecutor$Worker;)V+92
j  org.apache.tomcat.util.threads.ThreadPoolExecutor$Worker.run()V+5
j  org.apache.tomcat.util.threads.TaskThread$WrappingRunnable.run()V+4
j  java.lang.Thread.run()V+11 java.base@17.0.5
v  ~StubRoutines::call_stub

---------------  P R O C E S S  ---------------

Threads class SMR info:
_java_thread_list=0x0000015122c772b0, length=42, elements={
0x000001511b338c00, 0x000001511b33b6d0, 0x000001511b34ef40, 0x000001511b350280,
0x000001511b350750, 0x000001511b351a90, 0x000001511b355940, 0x000001511b36a280,
0x000001511b34fdb0, 0x000001511b34f8e0, 0x000001511b352430, 0x000001511b350c20,
0x000001511b3515c0, 0x000001511b351f60, 0x000001511b34f410, 0x000001511b352900,
0x000001511ced6370, 0x000001511ced76b0, 0x000001511ced6840, 0x000001511ced4690,
0x000001511ced6d10, 0x000001511ced7b80, 0x000001511ced5ea0, 0x000001511ced5500,
0x0000015122bb23a0, 0x0000015122bb2870, 0x0000015122bb1a00, 0x0000015122bb1530,
0x0000015122bb1060, 0x0000015122baf380, 0x0000015122bb2d40, 0x0000015122baf850,
0x0000015122bb0b90, 0x0000015122bafd20, 0x0000015122bb01f0, 0x0000015122bb06c0,
0x0000015122c4b110, 0x0000015122c48a90, 0x0000015122c4a770, 0x0000015122c485c0,
0x0000015122c4ac40, 0x0000015122c48f60
}

Java Threads: ( => current thread )
  0x000001511b338c00 JavaThread "Reference Handler" daemon [_thread_blocked, id=13344, stack(0x00000013c3300000,0x00000013c3400000)]
  0x000001511b33b6d0 JavaThread "Finalizer" daemon [_thread_blocked, id=15328, stack(0x00000013c3400000,0x00000013c3500000)]
  0x000001511b34ef40 JavaThread "Signal Dispatcher" daemon [_thread_blocked, id=9684, stack(0x00000013c3500000,0x00000013c3600000)]
  0x000001511b350280 JavaThread "Attach Listener" daemon [_thread_blocked, id=4836, stack(0x00000013c3600000,0x00000013c3700000)]
  0x000001511b350750 JavaThread "Service Thread" daemon [_thread_blocked, id=14428, stack(0x00000013c3700000,0x00000013c3800000)]
  0x000001511b351a90 JavaThread "Monitor Deflation Thread" daemon [_thread_blocked, id=15344, stack(0x00000013c3800000,0x00000013c3900000)]
  0x000001511b355940 JavaThread "C1 CompilerThread0" daemon [_thread_blocked, id=16464, stack(0x00000013c3900000,0x00000013c3a00000)]
  0x000001511b36a280 JavaThread "Sweeper thread" daemon [_thread_blocked, id=15708, stack(0x00000013c3a00000,0x00000013c3b00000)]
  0x000001511b34fdb0 JavaThread "Common-Cleaner" daemon [_thread_blocked, id=17880, stack(0x00000013c3b00000,0x00000013c3c00000)]
  0x000001511b34f8e0 JavaThread "Notification Thread" daemon [_thread_blocked, id=11968, stack(0x00000013c3d00000,0x00000013c3e00000)]
  0x000001511b352430 JavaThread "RMI TCP Accept-0" daemon [_thread_in_native, id=5952, stack(0x00000013c3f00000,0x00000013c4000000)]
  0x000001511b350c20 JavaThread "RMI TCP Accept-64409" daemon [_thread_in_native, id=16316, stack(0x00000013c4000000,0x00000013c4100000)]
  0x000001511b3515c0 JavaThread "RMI TCP Accept-0" daemon [_thread_in_native, id=10456, stack(0x00000013c4200000,0x00000013c4300000)]
  0x000001511b351f60 JavaThread "RMI Scheduler(0)" daemon [_thread_blocked, id=1080, stack(0x00000013c4400000,0x00000013c4500000)]
  0x000001511b34f410 JavaThread "RMI TCP Connection(6)-127.0.0.1" daemon [_thread_in_native, id=3964, stack(0x00000013c4500000,0x00000013c4600000)]
  0x000001511b352900 JavaThread "JMX server connection timeout 22" daemon [_thread_blocked, id=16744, stack(0x00000013c4600000,0x00000013c4700000)]
  0x000001511ced6370 JavaThread "Catalina-utility-1" [_thread_blocked, id=4840, stack(0x00000013c5300000,0x00000013c5400000)]
  0x000001511ced76b0 JavaThread "Catalina-utility-2" [_thread_blocked, id=19100, stack(0x00000013c5500000,0x00000013c5600000)]
  0x000001511ced6840 JavaThread "container-0" [_thread_blocked, id=4376, stack(0x00000013c5600000,0x00000013c5700000)]
  0x000001511ced4690 JavaThread "mysql-cj-abandoned-connection-cleanup" daemon [_thread_blocked, id=6548, stack(0x00000013c5700000,0x00000013c5800000)]
  0x000001511ced6d10 JavaThread "HikariPool-1:housekeeper" daemon [_thread_blocked, id=11244, stack(0x00000013c5900000,0x00000013c5a00000)]
  0x000001511ced7b80 JavaThread "File Watcher" daemon [_thread_blocked, id=19060, stack(0x00000013c5b00000,0x00000013c5c00000)]
  0x000001511ced5ea0 JavaThread "spectator-gauge-polling-0" daemon [_thread_blocked, id=18676, stack(0x00000013c5d00000,0x00000013c5e00000)]
  0x000001511ced5500 JavaThread "AsyncResolver-bootstrap-%d" daemon [_thread_blocked, id=15928, stack(0x00000013c5e00000,0x00000013c5f00000)]
  0x0000015122bb23a0 JavaThread "DiscoveryClient-%d" daemon [_thread_blocked, id=13072, stack(0x00000013c5f00000,0x00000013c6000000)]
  0x0000015122bb2870 JavaThread "DiscoveryClient-%d" daemon [_thread_blocked, id=9888, stack(0x00000013c6000000,0x00000013c6100000)]
  0x0000015122bb1a00 JavaThread "DiscoveryClient-InstanceInfoReplicator-%d" daemon [_thread_blocked, id=4324, stack(0x00000013c6100000,0x00000013c6200000)]
=>0x0000015122bb1530 JavaThread "http-nio-3333-exec-1" daemon [_thread_in_vm, id=16864, stack(0x00000013c6200000,0x00000013c6300000)]
  0x0000015122bb1060 JavaThread "http-nio-3333-exec-2" daemon [_thread_blocked, id=14476, stack(0x00000013c6300000,0x00000013c6400000)]
  0x0000015122baf380 JavaThread "http-nio-3333-exec-3" daemon [_thread_blocked, id=11852, stack(0x00000013c6400000,0x00000013c6500000)]
  0x0000015122bb2d40 JavaThread "http-nio-3333-exec-4" daemon [_thread_blocked, id=17268, stack(0x00000013c6500000,0x00000013c6600000)]
  0x0000015122baf850 JavaThread "http-nio-3333-exec-5" daemon [_thread_blocked, id=8348, stack(0x00000013c6600000,0x00000013c6700000)]
  0x0000015122bb0b90 JavaThread "http-nio-3333-exec-6" daemon [_thread_blocked, id=3692, stack(0x00000013c6700000,0x00000013c6800000)]
  0x0000015122bafd20 JavaThread "http-nio-3333-exec-7" daemon [_thread_blocked, id=13548, stack(0x00000013c6800000,0x00000013c6900000)]
  0x0000015122bb01f0 JavaThread "http-nio-3333-exec-8" daemon [_thread_blocked, id=15284, stack(0x00000013c6900000,0x00000013c6a00000)]
  0x0000015122bb06c0 JavaThread "http-nio-3333-exec-9" daemon [_thread_blocked, id=9096, stack(0x00000013c6a00000,0x00000013c6b00000)]
  0x0000015122c4b110 JavaThread "http-nio-3333-exec-10" daemon [_thread_blocked, id=6712, stack(0x00000013c6b00000,0x00000013c6c00000)]
  0x0000015122c48a90 JavaThread "http-nio-3333-Poller" daemon [_thread_in_vm, id=13908, stack(0x00000013c6c00000,0x00000013c6d00000)]
  0x0000015122c4a770 JavaThread "http-nio-3333-Acceptor" daemon [_thread_in_native, id=1676, stack(0x00000013c6d00000,0x00000013c6e00000)]
  0x0000015122c485c0 JavaThread "DestroyJavaVM" [_thread_blocked, id=14092, stack(0x00000013c2c00000,0x00000013c2d00000)]
  0x0000015122c4ac40 JavaThread "DiscoveryClient-CacheRefreshExecutor-%d" daemon [_thread_blocked, id=12048, stack(0x00000013c5000000,0x00000013c5100000)]
  0x0000015122c48f60 JavaThread "DiscoveryClient-HeartbeatExecutor-%d" daemon [_thread_blocked, id=8892, stack(0x00000013c5100000,0x00000013c5200000)]

Other Threads:
  0x000001511b3335b0 VMThread "VM Thread" [stack: 0x00000013c3200000,0x00000013c3300000] [id=17924] _threads_hazard_ptr=0x0000015122c772b0
  0x000001511c589fb0 WatcherThread [stack: 0x00000013c4300000,0x00000013c4400000] [id=12928]
  0x0000015109557860 GCTaskThread "GC Thread#0" [stack: 0x00000013c2d00000,0x00000013c2e00000] [id=5528]
  0x000001511c6279e0 GCTaskThread "GC Thread#1" [stack: 0x00000013c4700000,0x00000013c4800000] [id=8764]
  0x000001511c85d360 GCTaskThread "GC Thread#2" [stack: 0x00000013c4800000,0x00000013c4900000] [id=2356]
  0x000001511c85e200 GCTaskThread "GC Thread#3" [stack: 0x00000013c4900000,0x00000013c4a00000] [id=13044]
  0x000001511c8b6b60 GCTaskThread "GC Thread#4" [stack: 0x00000013c4a00000,0x00000013c4b00000] [id=10208]
  0x000001511c8b7020 GCTaskThread "GC Thread#5" [stack: 0x00000013c4b00000,0x00000013c4c00000] [id=18816]
  0x000001511c8b72d0 GCTaskThread "GC Thread#6" [stack: 0x00000013c4c00000,0x00000013c4d00000] [id=4144]
  0x000001511c8b7580 GCTaskThread "GC Thread#7" [stack: 0x00000013c4d00000,0x00000013c4e00000] [id=13216]
  0x0000015109567ff0 ConcurrentGCThread "G1 Main Marker" [stack: 0x00000013c2e00000,0x00000013c2f00000] [id=19148]
  0x0000015109569d80 ConcurrentGCThread "G1 Conc#0" [stack: 0x00000013c2f00000,0x00000013c3000000] [id=1964]
  0x000001511d3f5290 ConcurrentGCThread "G1 Conc#1" [stack: 0x00000013c5400000,0x00000013c5500000] [id=2612]
  0x00000151095ae450 ConcurrentGCThread "G1 Refine#0" [stack: 0x00000013c3000000,0x00000013c3100000] [id=18900]
  0x000001511c7f0ca0 ConcurrentGCThread "G1 Refine#1" [stack: 0x00000013c4e00000,0x00000013c4f00000] [id=17160]
  0x000001511c7f0f80 ConcurrentGCThread "G1 Refine#2" [stack: 0x00000013c4f00000,0x00000013c5000000] [id=3488]
  0x00000151095aec20 ConcurrentGCThread "G1 Service" [stack: 0x00000013c3100000,0x00000013c3200000] [id=6236]

Threads with active compile tasks:

VM state: synchronizing (normal execution)

VM Mutex/Monitor currently owned by a thread:  ([mutex/lock_event])
[0x00000151094e6700] Metaspace_lock - owner thread: 0x0000015122bb1530
[0x00000151094e6940] Threads_lock - owner thread: 0x000001511b3335b0
[0x00000151094f7c40] MultiArray_lock - owner thread: 0x0000015122bb1530

Heap address: 0x0000000083600000, size: 1994 MB, Compressed Oops mode: 32-bit

CDS archive(s) mapped at: [0x0000000800000000-0x0000000800bd0000-0x0000000800bd0000), size 12386304, SharedBaseAddress: 0x0000000800000000, ArchiveRelocationMode: 0.
Compressed class space mapped at: 0x0000000800c00000-0x0000000840c00000, reserved size: 1073741824
Narrow klass base: 0x0000000800000000, Narrow klass shift: 0, Narrow klass range: 0x100000000

GC Precious Log:
 CPUs: 8 total, 8 available
 Memory: 7973M
 Large Page Support: Disabled
 NUMA Support: Disabled
 Compressed Oops: Enabled (32-bit)
 Heap Region Size: 1M
 Heap Min Capacity: 8M
 Heap Initial Capacity: 126M
 Heap Max Capacity: 1994M
 Pre-touch: Disabled
 Parallel Workers: 8
 Concurrent Workers: 2
 Concurrent Refinement Workers: 8
 Periodic GC: Disabled

Heap:
 garbage-first heap   total 86016K, used 57102K [0x0000000083600000, 0x0000000100000000)
  region size 1024K, 13 young (13312K), 2 survivors (2048K)
 Metaspace       used 85659K, committed 86272K, reserved 1130496K
  class space    used 12413K, committed 12672K, reserved 1048576K

Heap Regions: E=young(eden), S=young(survivor), O=old, HS=humongous(starts), HC=humongous(continues), CS=collection set, F=free, OA=open archive, CA=closed archive, TAMS=top-at-mark-start (previous, next)
|   0|0x0000000083600000, 0x0000000083700000, 0x0000000083700000|100%|HS|  |TAMS 0x0000000083700000, 0x0000000083600000| Complete 
|   1|0x0000000083700000, 0x0000000083800000, 0x0000000083800000|100%|HS|  |TAMS 0x0000000083800000, 0x0000000083700000| Complete 
|   2|0x0000000083800000, 0x0000000083900000, 0x0000000083900000|100%| O|  |TAMS 0x0000000083900000, 0x0000000083800000| Untracked 
|   3|0x0000000083900000, 0x0000000083a00000, 0x0000000083a00000|100%|HS|  |TAMS 0x0000000083a00000, 0x0000000083900000| Complete 
|   4|0x0000000083a00000, 0x0000000083b00000, 0x0000000083b00000|100%| O|  |TAMS 0x0000000083b00000, 0x0000000083a00000| Untracked 
|   5|0x0000000083b00000, 0x0000000083c00000, 0x0000000083c00000|100%| O|  |TAMS 0x0000000083c00000, 0x0000000083b00000| Untracked 
|   6|0x0000000083c00000, 0x0000000083d00000, 0x0000000083d00000|100%| O|  |TAMS 0x0000000083d00000, 0x0000000083c00000| Untracked 
|   7|0x0000000083d00000, 0x0000000083e00000, 0x0000000083e00000|100%| O|  |TAMS 0x0000000083e00000, 0x0000000083d00000| Untracked 
|   8|0x0000000083e00000, 0x0000000083f00000, 0x0000000083f00000|100%| O|  |TAMS 0x0000000083f00000, 0x0000000083e00000| Untracked 
|   9|0x0000000083f00000, 0x0000000084000000, 0x0000000084000000|100%| O|  |TAMS 0x0000000084000000, 0x0000000083f00000| Untracked 
|  10|0x0000000084000000, 0x0000000084100000, 0x0000000084100000|100%| O|  |TAMS 0x0000000084100000, 0x0000000084000000| Untracked 
|  11|0x0000000084100000, 0x00000000841a4200, 0x0000000084200000| 64%| O|  |TAMS 0x00000000841a4200, 0x0000000084100000| Untracked 
|  12|0x0000000084200000, 0x0000000084300000, 0x0000000084300000|100%| O|  |TAMS 0x0000000084300000, 0x0000000084200000| Untracked 
|  13|0x0000000084300000, 0x0000000084400000, 0x0000000084400000|100%| O|  |TAMS 0x0000000084400000, 0x0000000084300000| Untracked 
|  14|0x0000000084400000, 0x0000000084500000, 0x0000000084500000|100%| O|  |TAMS 0x0000000084500000, 0x0000000084400000| Untracked 
|  15|0x0000000084500000, 0x0000000084600000, 0x0000000084600000|100%| O|  |TAMS 0x0000000084600000, 0x0000000084500000| Untracked 
|  16|0x0000000084600000, 0x0000000084700000, 0x0000000084700000|100%| O|  |TAMS 0x0000000084700000, 0x0000000084600000| Untracked 
|  17|0x0000000084700000, 0x0000000084800000, 0x0000000084800000|100%| O|  |TAMS 0x0000000084800000, 0x0000000084700000| Untracked 
|  18|0x0000000084800000, 0x0000000084900000, 0x0000000084900000|100%| O|  |TAMS 0x0000000084900000, 0x0000000084800000| Untracked 
|  19|0x0000000084900000, 0x0000000084a00000, 0x0000000084a00000|100%| O|  |TAMS 0x0000000084a00000, 0x0000000084900000| Untracked 
|  20|0x0000000084a00000, 0x0000000084b00000, 0x0000000084b00000|100%| O|  |TAMS 0x0000000084b00000, 0x0000000084a00000| Untracked 
|  21|0x0000000084b00000, 0x0000000084c00000, 0x0000000084c00000|100%| O|  |TAMS 0x0000000084c00000, 0x0000000084b00000| Untracked 
|  22|0x0000000084c00000, 0x0000000084d00000, 0x0000000084d00000|100%| O|  |TAMS 0x0000000084d00000, 0x0000000084c00000| Untracked 
|  23|0x0000000084d00000, 0x0000000084e00000, 0x0000000084e00000|100%| O|  |TAMS 0x0000000084e00000, 0x0000000084d00000| Untracked 
|  24|0x0000000084e00000, 0x0000000084f00000, 0x0000000084f00000|100%| O|  |TAMS 0x0000000084f00000, 0x0000000084e00000| Untracked 
|  25|0x0000000084f00000, 0x0000000085000000, 0x0000000085000000|100%| O|  |TAMS 0x0000000085000000, 0x0000000084f00000| Untracked 
|  26|0x0000000085000000, 0x0000000085100000, 0x0000000085100000|100%| O|  |TAMS 0x0000000085100000, 0x0000000085000000| Untracked 
|  27|0x0000000085100000, 0x0000000085200000, 0x0000000085200000|100%| O|  |TAMS 0x0000000085200000, 0x0000000085100000| Untracked 
|  28|0x0000000085200000, 0x0000000085300000, 0x0000000085300000|100%| O|  |TAMS 0x0000000085300000, 0x0000000085200000| Untracked 
|  29|0x0000000085300000, 0x0000000085400000, 0x0000000085400000|100%| O|  |TAMS 0x0000000085400000, 0x0000000085300000| Untracked 
|  30|0x0000000085400000, 0x0000000085500000, 0x0000000085500000|100%| O|  |TAMS 0x0000000085500000, 0x0000000085400000| Untracked 
|  31|0x0000000085500000, 0x0000000085600000, 0x0000000085600000|100%| O|  |TAMS 0x0000000085600000, 0x0000000085500000| Untracked 
|  32|0x0000000085600000, 0x0000000085700000, 0x0000000085700000|100%| O|  |TAMS 0x0000000085700000, 0x0000000085600000| Untracked 
|  33|0x0000000085700000, 0x0000000085800000, 0x0000000085800000|100%| O|  |TAMS 0x0000000085800000, 0x0000000085700000| Untracked 
|  34|0x0000000085800000, 0x0000000085900000, 0x0000000085900000|100%| O|  |TAMS 0x0000000085900000, 0x0000000085800000| Untracked 
|  35|0x0000000085900000, 0x0000000085a00000, 0x0000000085a00000|100%| O|  |TAMS 0x0000000085a00000, 0x0000000085900000| Untracked 
|  36|0x0000000085a00000, 0x0000000085b00000, 0x0000000085b00000|100%| O|  |TAMS 0x0000000085b00000, 0x0000000085a00000| Untracked 
|  37|0x0000000085b00000, 0x0000000085c00000, 0x0000000085c00000|100%| O|  |TAMS 0x0000000085c00000, 0x0000000085b00000| Untracked 
|  38|0x0000000085c00000, 0x0000000085d00000, 0x0000000085d00000|100%| O|  |TAMS 0x0000000085d00000, 0x0000000085c00000| Untracked 
|  39|0x0000000085d00000, 0x0000000085e00000, 0x0000000085e00000|100%| O|  |TAMS 0x0000000085df5600, 0x0000000085d00000| Untracked 
|  40|0x0000000085e00000, 0x0000000085f00000, 0x0000000085f00000|100%| O|  |TAMS 0x0000000085e00000, 0x0000000085e00000| Untracked 
|  41|0x0000000085f00000, 0x0000000086000000, 0x0000000086000000|100%| O|  |TAMS 0x0000000085f00000, 0x0000000085f00000| Untracked 
|  42|0x0000000086000000, 0x0000000086100000, 0x0000000086100000|100%| O|  |TAMS 0x0000000086000000, 0x0000000086000000| Untracked 
|  43|0x0000000086100000, 0x0000000086200000, 0x0000000086200000|100%| O|  |TAMS 0x0000000086100000, 0x0000000086100000| Untracked 
|  44|0x0000000086200000, 0x0000000086300000, 0x0000000086300000|100%| O|  |TAMS 0x0000000086200000, 0x0000000086200000| Untracked 
|  45|0x0000000086300000, 0x00000000863b3400, 0x0000000086400000| 70%| O|  |TAMS 0x0000000086300000, 0x0000000086300000| Untracked 
|  46|0x0000000086400000, 0x0000000086400000, 0x0000000086500000|  0%| F|  |TAMS 0x0000000086400000, 0x0000000086400000| Untracked 
|  47|0x0000000086500000, 0x0000000086500000, 0x0000000086600000|  0%| F|  |TAMS 0x0000000086500000, 0x0000000086500000| Untracked 
|  48|0x0000000086600000, 0x0000000086600000, 0x0000000086700000|  0%| F|  |TAMS 0x0000000086600000, 0x0000000086600000| Untracked 
|  49|0x0000000086700000, 0x0000000086700000, 0x0000000086800000|  0%| F|  |TAMS 0x0000000086700000, 0x0000000086700000| Untracked 
|  50|0x0000000086800000, 0x0000000086800000, 0x0000000086900000|  0%| F|  |TAMS 0x0000000086800000, 0x0000000086800000| Untracked 
|  51|0x0000000086900000, 0x0000000086900000, 0x0000000086a00000|  0%| F|  |TAMS 0x0000000086900000, 0x0000000086900000| Untracked 
|  52|0x0000000086a00000, 0x0000000086a00000, 0x0000000086b00000|  0%| F|  |TAMS 0x0000000086a00000, 0x0000000086a00000| Untracked 
|  53|0x0000000086b00000, 0x0000000086b00000, 0x0000000086c00000|  0%| F|  |TAMS 0x0000000086b00000, 0x0000000086b00000| Untracked 
|  54|0x0000000086c00000, 0x0000000086c00000, 0x0000000086d00000|  0%| F|  |TAMS 0x0000000086c00000, 0x0000000086c00000| Untracked 
|  55|0x0000000086d00000, 0x0000000086d00000, 0x0000000086e00000|  0%| F|  |TAMS 0x0000000086d00000, 0x0000000086d00000| Untracked 
|  56|0x0000000086e00000, 0x0000000086e00000, 0x0000000086f00000|  0%| F|  |TAMS 0x0000000086e00000, 0x0000000086e00000| Untracked 
|  57|0x0000000086f00000, 0x0000000086f00000, 0x0000000087000000|  0%| F|  |TAMS 0x0000000086f00000, 0x0000000086f00000| Untracked 
|  58|0x0000000087000000, 0x0000000087000000, 0x0000000087100000|  0%| F|  |TAMS 0x0000000087000000, 0x0000000087000000| Untracked 
|  59|0x0000000087100000, 0x0000000087100000, 0x0000000087200000|  0%| F|  |TAMS 0x0000000087100000, 0x0000000087100000| Untracked 
|  60|0x0000000087200000, 0x000000008726c330, 0x0000000087300000| 42%| S|CS|TAMS 0x0000000087200000, 0x0000000087200000| Complete 
|  61|0x0000000087300000, 0x0000000087400000, 0x0000000087400000|100%| S|CS|TAMS 0x0000000087300000, 0x0000000087300000| Complete 
|  62|0x0000000087400000, 0x0000000087400000, 0x0000000087500000|  0%| F|  |TAMS 0x0000000087400000, 0x0000000087400000| Untracked 
|  63|0x0000000087500000, 0x0000000087500000, 0x0000000087600000|  0%| F|  |TAMS 0x0000000087500000, 0x0000000087500000| Untracked 
|  64|0x0000000087600000, 0x0000000087600000, 0x0000000087700000|  0%| F|  |TAMS 0x0000000087600000, 0x0000000087600000| Untracked 
|  65|0x0000000087700000, 0x0000000087700000, 0x0000000087800000|  0%| F|  |TAMS 0x0000000087700000, 0x0000000087700000| Untracked 
|  66|0x0000000087800000, 0x0000000087800000, 0x0000000087900000|  0%| F|  |TAMS 0x0000000087800000, 0x0000000087800000| Untracked 
|  67|0x0000000087900000, 0x0000000087900000, 0x0000000087a00000|  0%| F|  |TAMS 0x0000000087900000, 0x0000000087900000| Untracked 
|  68|0x0000000087a00000, 0x0000000087a00000, 0x0000000087b00000|  0%| F|  |TAMS 0x0000000087a00000, 0x0000000087a00000| Untracked 
|  69|0x0000000087b00000, 0x0000000087b00000, 0x0000000087c00000|  0%| F|  |TAMS 0x0000000087b00000, 0x0000000087b00000| Untracked 
|  70|0x0000000087c00000, 0x0000000087c00000, 0x0000000087d00000|  0%| F|  |TAMS 0x0000000087c00000, 0x0000000087c00000| Untracked 
|  71|0x0000000087d00000, 0x0000000087d00000, 0x0000000087e00000|  0%| F|  |TAMS 0x0000000087d00000, 0x0000000087d00000| Untracked 
|  72|0x0000000087e00000, 0x0000000087e00000, 0x0000000087f00000|  0%| F|  |TAMS 0x0000000087e00000, 0x0000000087e00000| Untracked 
|  73|0x0000000087f00000, 0x0000000087f9bf28, 0x0000000088000000| 60%| E|  |TAMS 0x0000000087f00000, 0x0000000087f00000| Complete 
|  74|0x0000000088000000, 0x0000000088100000, 0x0000000088100000|100%| E|CS|TAMS 0x0000000088000000, 0x0000000088000000| Complete 
|  75|0x0000000088100000, 0x0000000088200000, 0x0000000088200000|100%| E|  |TAMS 0x0000000088100000, 0x0000000088100000| Complete 
|  76|0x0000000088200000, 0x0000000088300000, 0x0000000088300000|100%| E|CS|TAMS 0x0000000088200000, 0x0000000088200000| Complete 
|  77|0x0000000088300000, 0x0000000088400000, 0x0000000088400000|100%| E|CS|TAMS 0x0000000088300000, 0x0000000088300000| Complete 
| 119|0x000000008ad00000, 0x000000008ae00000, 0x000000008ae00000|100%| E|CS|TAMS 0x000000008ad00000, 0x000000008ad00000| Complete 
| 120|0x000000008ae00000, 0x000000008af00000, 0x000000008af00000|100%| E|CS|TAMS 0x000000008ae00000, 0x000000008ae00000| Complete 
| 121|0x000000008af00000, 0x000000008b000000, 0x000000008b000000|100%| E|CS|TAMS 0x000000008af00000, 0x000000008af00000| Complete 
| 122|0x000000008b000000, 0x000000008b100000, 0x000000008b100000|100%| E|CS|TAMS 0x000000008b000000, 0x000000008b000000| Complete 
| 124|0x000000008b200000, 0x000000008b300000, 0x000000008b300000|100%| E|CS|TAMS 0x000000008b200000, 0x000000008b200000| Complete 
| 125|0x000000008b300000, 0x000000008b400000, 0x000000008b400000|100%| E|CS|TAMS 0x000000008b300000, 0x000000008b300000| Complete 

Card table byte_map: [0x0000015114250000,0x0000015114640000] _byte_map_base: 0x0000015113e35000

Marking Bits (Prev, Next): (CMBitMap*) 0x0000015109557dc0, (CMBitMap*) 0x0000015109557d80
 Prev Bits: [0x0000015116960000, 0x0000015118888000)
 Next Bits: [0x0000015114a30000, 0x0000015116958000)

Polling page: 0x0000015107680000

Metaspace:

Usage:
  Non-class:     71.53 MB used.
      Class:     12.12 MB used.
       Both:     83.65 MB used.

Virtual space:
  Non-class space:       80.00 MB reserved,      71.88 MB ( 90%) committed,  10 nodes.
      Class space:        1.00 GB reserved,      12.38 MB (  1%) committed,  1 nodes.
             Both:        1.08 GB reserved,      84.25 MB (  8%) committed. 

Chunk freelists:
   Non-Class:  3.73 MB
       Class:  3.55 MB
        Both:  7.28 MB

MaxMetaspaceSize: unlimited
CompressedClassSpaceSize: 1.00 GB
Initial GC threshold: 21.00 MB
Current GC threshold: 131.19 MB
CDS: on
MetaspaceReclaimPolicy: balanced
 - commit_granule_bytes: 65536.
 - commit_granule_words: 8192.
 - virtual_space_node_default_size: 1048576.
 - enlarge_chunks_in_place: 1.
 - new_chunks_are_fully_committed: 0.
 - uncommit_free_chunks: 1.
 - use_allocation_guard: 0.
 - handle_deallocations: 1.


Internal statistics:

num_allocs_failed_limit: 14.
num_arena_births: 984.
num_arena_deaths: 0.
num_vsnodes_births: 11.
num_vsnodes_deaths: 0.
num_space_committed: 1348.
num_space_uncommitted: 0.
num_chunks_returned_to_freelist: 14.
num_chunks_taken_from_freelist: 4042.
num_chunk_merges: 14.
num_chunk_splits: 2971.
num_chunks_enlarged: 2340.
num_purges: 0.
num_inconsistent_stats: 0.

CodeCache: size=49152Kb used=12371Kb max_used=13634Kb free=36780Kb
 bounds [0x0000015110d50000, 0x0000015111ab0000, 0x0000015113d50000]
 total_blobs=7687 nmethods=6966 adapters=647
 compilation: enabled
              stopped_count=0, restarted_count=0
 full_count=0

Compilation events (20 events):
Event: 255.608 Thread 0x000001511b355940 6949 %     1       java.util.Properties$LineReader::readLine @ 53 (584 bytes)
Event: 255.610 Thread 0x000001511b355940 nmethod 6949% 0x00000151111c6690 code [0x00000151111c6920, 0x00000151111c7c78]
Event: 255.611 Thread 0x000001511b355940 6950   !   1       jdk.proxy1.$Proxy5::annotationType (29 bytes)
Event: 255.611 Thread 0x000001511b355940 nmethod 6950 0x00000151111c6190 code [0x00000151111c6340, 0x00000151111c6558]
Event: 255.611 Thread 0x000001511b355940 6951       1       org.springframework.core.annotation.AnnotationTypeMapping$MirrorSets$MirrorSet::size (5 bytes)
Event: 255.611 Thread 0x000001511b355940 nmethod 6951 0x00000151111c5e90 code [0x00000151111c6020, 0x00000151111c60f8]
Event: 255.611 Thread 0x000001511b355940 6952       1       org.springframework.core.annotation.AnnotationTypeMapping$$Lambda$497/0x0000000800e80690::apply (8 bytes)
Event: 255.612 Thread 0x000001511b355940 nmethod 6952 0x00000151111c5a90 code [0x00000151111c5c20, 0x00000151111c5dd8]
Event: 255.612 Thread 0x000001511b355940 6953       1       org.springframework.core.annotation.AnnotationTypeMapping::lambda$resolveAliasedForTargets$0 (8 bytes)
Event: 255.612 Thread 0x000001511b355940 nmethod 6953 0x00000151111c5710 code [0x00000151111c58a0, 0x00000151111c59f8]
Event: 255.620 Thread 0x000001511b355940 6954       1       ch.qos.logback.classic.Level::toString (5 bytes)
Event: 255.620 Thread 0x000001511b355940 nmethod 6954 0x00000151111c5410 code [0x00000151111c55a0, 0x00000151111c5678]
Event: 255.626 Thread 0x000001511b355940 6955       1       java.lang.invoke.MethodType::listToArray (22 bytes)
Event: 255.626 Thread 0x000001511b355940 nmethod 6955 0x00000151111c4d90 code [0x00000151111c4f80, 0x00000151111c5248]
Event: 255.847 Thread 0x000001511b355940 6961       1       java.lang.invoke.LambdaForm$NamedFunction::<init> (7 bytes)
Event: 255.847 Thread 0x000001511b355940 nmethod 6961 0x00000151111c3810 code [0x00000151111c39a0, 0x00000151111c3ad8]
Event: 255.855 Thread 0x000001511b355940 6965       1       org.hibernate.sql.ast.spi.AbstractSqlAstTranslator::appendSql (10 bytes)
Event: 255.855 Thread 0x000001511b355940 nmethod 6965 0x00000151111c2b90 code [0x00000151111c2d20, 0x00000151111c2e08]
Event: 255.882 Thread 0x000001511b355940 6966   !   1       java.util.regex.Pattern::<init> (144 bytes)
Event: 255.884 Thread 0x000001511b355940 nmethod 6966 0x00000151111c1d10 code [0x00000151111c1f60, 0x00000151111c2838]

GC Heap History (20 events):
Event: 3.907 GC heap before
{Heap before GC invocations=9 (full 0):
 garbage-first heap   total 86016K, used 35573K [0x0000000083600000, 0x0000000100000000)
  region size 1024K, 12 young (12288K), 6 survivors (6144K)
 Metaspace       used 35667K, committed 36160K, reserved 1081344K
  class space    used 4944K, committed 5184K, reserved 1048576K
}
Event: 3.912 GC heap after
{Heap after GC invocations=10 (full 0):
 garbage-first heap   total 86016K, used 30645K [0x0000000083600000, 0x0000000100000000)
  region size 1024K, 1 young (1024K), 1 survivors (1024K)
 Metaspace       used 35667K, committed 36160K, reserved 1081344K
  class space    used 4944K, committed 5184K, reserved 1048576K
}
Event: 4.522 GC heap before
{Heap before GC invocations=11 (full 0):
 garbage-first heap   total 86016K, used 65461K [0x0000000083600000, 0x0000000100000000)
  region size 1024K, 35 young (35840K), 1 survivors (1024K)
 Metaspace       used 42295K, committed 42816K, reserved 1089536K
  class space    used 6071K, committed 6336K, reserved 1048576K
}
Event: 4.525 GC heap after
{Heap after GC invocations=12 (full 0):
 garbage-first heap   total 86016K, used 32352K [0x0000000083600000, 0x0000000100000000)
  region size 1024K, 3 young (3072K), 3 survivors (3072K)
 Metaspace       used 42295K, committed 42816K, reserved 1089536K
  class space    used 6071K, committed 6336K, reserved 1048576K
}
Event: 5.488 GC heap before
{Heap before GC invocations=12 (full 0):
 garbage-first heap   total 86016K, used 66144K [0x0000000083600000, 0x0000000100000000)
  region size 1024K, 36 young (36864K), 3 survivors (3072K)
 Metaspace       used 52270K, committed 52800K, reserved 1097728K
  class space    used 7432K, committed 7680K, reserved 1048576K
}
Event: 5.493 GC heap after
{Heap after GC invocations=13 (full 0):
 garbage-first heap   total 86016K, used 35057K [0x0000000083600000, 0x0000000100000000)
  region size 1024K, 5 young (5120K), 5 survivors (5120K)
 Metaspace       used 52270K, committed 52800K, reserved 1097728K
  class space    used 7432K, committed 7680K, reserved 1048576K
}
Event: 6.145 GC heap before
{Heap before GC invocations=13 (full 0):
 garbage-first heap   total 86016K, used 66801K [0x0000000083600000, 0x0000000100000000)
  region size 1024K, 36 young (36864K), 5 survivors (5120K)
 Metaspace       used 58810K, committed 59328K, reserved 1105920K
  class space    used 8303K, committed 8512K, reserved 1048576K
}
Event: 6.150 GC heap after
{Heap after GC invocations=14 (full 0):
 garbage-first heap   total 86016K, used 36876K [0x0000000083600000, 0x0000000100000000)
  region size 1024K, 5 young (5120K), 5 survivors (5120K)
 Metaspace       used 58810K, committed 59328K, reserved 1105920K
  class space    used 8303K, committed 8512K, reserved 1048576K
}
Event: 6.224 GC heap before
{Heap before GC invocations=14 (full 0):
 garbage-first heap   total 86016K, used 39948K [0x0000000083600000, 0x0000000100000000)
  region size 1024K, 9 young (9216K), 5 survivors (5120K)
 Metaspace       used 59906K, committed 60416K, reserved 1105920K
  class space    used 8444K, committed 8704K, reserved 1048576K
}
Event: 6.228 GC heap after
{Heap after GC invocations=15 (full 0):
 garbage-first heap   total 86016K, used 37057K [0x0000000083600000, 0x0000000100000000)
  region size 1024K, 2 young (2048K), 2 survivors (2048K)
 Metaspace       used 59906K, committed 60416K, reserved 1105920K
  class space    used 8444K, committed 8704K, reserved 1048576K
}
Event: 6.945 GC heap before
{Heap before GC invocations=16 (full 0):
 garbage-first heap   total 86016K, used 68801K [0x0000000083600000, 0x0000000100000000)
  region size 1024K, 33 young (33792K), 2 survivors (2048K)
 Metaspace       used 67321K, committed 67840K, reserved 1114112K
  class space    used 9748K, committed 9984K, reserved 1048576K
}
Event: 6.948 GC heap after
{Heap after GC invocations=17 (full 0):
 garbage-first heap   total 86016K, used 37937K [0x0000000083600000, 0x0000000100000000)
  region size 1024K, 3 young (3072K), 3 survivors (3072K)
 Metaspace       used 67321K, committed 67840K, reserved 1114112K
  class space    used 9748K, committed 9984K, reserved 1048576K
}
Event: 8.030 GC heap before
{Heap before GC invocations=18 (full 0):
 garbage-first heap   total 86016K, used 69681K [0x0000000083600000, 0x0000000100000000)
  region size 1024K, 34 young (34816K), 3 survivors (3072K)
 Metaspace       used 71803K, committed 72448K, reserved 1114112K
  class space    used 10392K, committed 10688K, reserved 1048576K
}
Event: 8.035 GC heap after
{Heap after GC invocations=19 (full 0):
 garbage-first heap   total 86016K, used 40868K [0x0000000083600000, 0x0000000100000000)
  region size 1024K, 5 young (5120K), 5 survivors (5120K)
 Metaspace       used 71803K, committed 72448K, reserved 1114112K
  class space    used 10392K, committed 10688K, reserved 1048576K
}
Event: 8.968 GC heap before
{Heap before GC invocations=19 (full 0):
 garbage-first heap   total 86016K, used 68516K [0x0000000083600000, 0x0000000100000000)
  region size 1024K, 32 young (32768K), 5 survivors (5120K)
 Metaspace       used 75377K, committed 76032K, reserved 1114112K
  class space    used 10880K, committed 11200K, reserved 1048576K
}
Event: 8.974 GC heap after
{Heap after GC invocations=20 (full 0):
 garbage-first heap   total 86016K, used 43477K [0x0000000083600000, 0x0000000100000000)
  region size 1024K, 3 young (3072K), 3 survivors (3072K)
 Metaspace       used 75377K, committed 76032K, reserved 1114112K
  class space    used 10880K, committed 11200K, reserved 1048576K
}
Event: 9.833 GC heap before
{Heap before GC invocations=20 (full 0):
 garbage-first heap   total 86016K, used 68053K [0x0000000083600000, 0x0000000100000000)
  region size 1024K, 28 young (28672K), 3 survivors (3072K)
 Metaspace       used 79571K, committed 80256K, reserved 1122304K
  class space    used 11507K, committed 11840K, reserved 1048576K
}
Event: 9.840 GC heap after
{Heap after GC invocations=21 (full 0):
 garbage-first heap   total 86016K, used 46405K [0x0000000083600000, 0x0000000100000000)
  region size 1024K, 3 young (3072K), 3 survivors (3072K)
 Metaspace       used 79571K, committed 80256K, reserved 1122304K
  class space    used 11507K, committed 11840K, reserved 1048576K
}
Event: 255.541 GC heap before
{Heap before GC invocations=22 (full 0):
 garbage-first heap   total 86016K, used 67909K [0x0000000083600000, 0x0000000100000000)
  region size 1024K, 25 young (25600K), 3 survivors (3072K)
 Metaspace       used 82360K, committed 82944K, reserved 1122304K
  class space    used 11892K, committed 12160K, reserved 1048576K
}
Event: 255.548 GC heap after
{Heap after GC invocations=23 (full 0):
 garbage-first heap   total 86016K, used 47886K [0x0000000083600000, 0x0000000100000000)
  region size 1024K, 2 young (2048K), 2 survivors (2048K)
 Metaspace       used 82360K, committed 82944K, reserved 1122304K
  class space    used 11892K, committed 12160K, reserved 1048576K
}

Deoptimization events (12 events):
Event: 1.805 Thread 0x000001511ced71e0 DEOPT PACKING pc=0x00000151113dd319 sp=0x00000013c52fcd90
Event: 1.805 Thread 0x000001511ced71e0 DEOPT UNPACKING pc=0x0000015110da66e3 sp=0x00000013c52fc270 mode 3
Event: 1.994 Thread 0x000001511ced71e0 DEOPT PACKING pc=0x0000015111409ed5 sp=0x00000013c52fd3b0
Event: 1.994 Thread 0x000001511ced71e0 DEOPT UNPACKING pc=0x0000015110da66e3 sp=0x00000013c52fc858 mode 3
Event: 3.400 Thread 0x000001511ced71e0 DEOPT PACKING pc=0x00000151115b4334 sp=0x00000013c52fb5e0
Event: 3.400 Thread 0x000001511ced71e0 DEOPT UNPACKING pc=0x0000015110da66e3 sp=0x00000013c52fab68 mode 0
Event: 3.400 Thread 0x000001511ced71e0 DEOPT PACKING pc=0x000001511155746c sp=0x00000013c52fb7c0
Event: 3.400 Thread 0x000001511ced71e0 DEOPT UNPACKING pc=0x0000015110da66e3 sp=0x00000013c52fac80 mode 0
Event: 3.678 Thread 0x000001511ced71e0 DEOPT PACKING pc=0x000001511167861d sp=0x00000013c52fcd00
Event: 3.678 Thread 0x000001511ced71e0 DEOPT UNPACKING pc=0x0000015110da66e3 sp=0x00000013c52fc268 mode 3
Event: 8.119 Thread 0x000001511ced71e0 DEOPT PACKING pc=0x000001511196ae99 sp=0x00000013c52f5910
Event: 8.119 Thread 0x000001511ced71e0 DEOPT UNPACKING pc=0x0000015110da66e3 sp=0x00000013c52f4df0 mode 3

Classes unloaded (0 events):
No events

Classes redefined (0 events):
No events

Internal exceptions (20 events):
Event: 8.414 Thread 0x000001511ced71e0 Exception <a 'java/lang/IncompatibleClassChangeError'{0x0000000087845cf8}: Found class java.lang.Object, but interface was expected> (0x0000000087845cf8) 
thrown [s\open\src\hotspot\share\interpreter\linkResolver.cpp, line 826]
Event: 8.470 Thread 0x000001511ced71e0 Exception <a 'java/lang/NoSuchMethodError'{0x000000008761a820}: 'java.lang.Object java.lang.invoke.DirectMethodHandle$Holder.invokeSpecial(java.lang.Object, java.lang.Object, java.lang.Object, java.lang.Object, java.lang.Object, java.lang.Object, java.lang.Object, java.lang.Object, java.lang.Object, java.lang.Object, java.lang.Object)'> (0x000000008761a820) 
thrown [s\open\src\hotspot\share\interpreter\linkResolver.cpp, line 759]
Event: 8.470 Thread 0x000001511ced71e0 Exception <a 'java/lang/NoSuchMethodError'{0x000000008761ec50}: 'java.lang.Object java.lang.invoke.Invokers$Holder.invoke_MT(java.lang.Object, java.lang.Object, java.lang.Object, java.lang.Object, java.lang.Object, java.lang.Object, java.lang.Object, java.lang.Object, java.lang.Object, java.lang.Object, java.lang.Object)'> (0x000000008761ec50) 
thrown [s\open\src\hotspot\share\interpreter\linkResolver.cpp, line 759]
Event: 8.507 Thread 0x000001511ced71e0 Exception <a 'sun/nio/fs/WindowsException'{0x000000008759e218}> (0x000000008759e218) 
thrown [s\open\src\hotspot\share\prims\jni.cpp, line 516]
Event: 9.023 Thread 0x000001511ced71e0 Exception <a 'java/lang/IncompatibleClassChangeError'{0x000000008b2c2418}: Found class java.lang.Object, but interface was expected> (0x000000008b2c2418) 
thrown [s\open\src\hotspot\share\interpreter\linkResolver.cpp, line 826]
Event: 9.109 Thread 0x000001511ced71e0 Exception <a 'java/lang/NoSuchMethodError'{0x000000008aebc5f8}: 'java.lang.Object java.lang.invoke.DirectMethodHandle$Holder.newInvokeSpecial(java.lang.Object, java.lang.Object, int, java.lang.Object, java.lang.Object)'> (0x000000008aebc5f8) 
thrown [s\open\src\hotspot\share\interpreter\linkResolver.cpp, line 759]
Event: 9.157 Thread 0x000001511ced71e0 Exception <a 'java/lang/NoSuchMethodError'{0x000000008834cc08}: 'double java.lang.invoke.DirectMethodHandle$Holder.invokeVirtual(java.lang.Object, java.lang.Object)'> (0x000000008834cc08) 
thrown [s\open\src\hotspot\share\interpreter\linkResolver.cpp, line 759]
Event: 9.387 Thread 0x000001511ced71e0 Exception <a 'java/lang/NoSuchMethodError'{0x0000000087825000}: 'java.lang.Object java.lang.invoke.DirectMethodHandle$Holder.invokeStatic(java.lang.Object, java.lang.Object, java.lang.Object, java.lang.Object, int, java.lang.Object, java.lang.Object)'> (0x0000000087825000) 
thrown [s\open\src\hotspot\share\interpreter\linkResolver.cpp, line 759]
Event: 9.460 Thread 0x000001511ced71e0 Exception <a 'java/lang/IncompatibleClassChangeError'{0x0000000087511678}: Found class java.lang.Object, but interface was expected> (0x0000000087511678) 
thrown [s\open\src\hotspot\share\interpreter\linkResolver.cpp, line 826]
Event: 9.460 Thread 0x000001511ced71e0 Exception <a 'java/lang/NoSuchMethodError'{0x0000000087519ed8}: 'java.lang.Object java.lang.invoke.DirectMethodHandle$Holder.invokeSpecialIFC(java.lang.Object, java.lang.Object, java.lang.Object, java.lang.Object, java.lang.Object)'> (0x0000000087519ed8) 
thrown [s\open\src\hotspot\share\interpreter\linkResolver.cpp, line 759]
Event: 9.750 Thread 0x000001511ced71e0 Exception <a 'java/lang/NoSuchMethodError'{0x0000000087356368}: 'java.lang.Object java.lang.invoke.DirectMethodHandle$Holder.invokeStatic(java.lang.Object, int, int)'> (0x0000000087356368) 
thrown [s\open\src\hotspot\share\interpreter\linkResolver.cpp, line 759]
Event: 255.411 Thread 0x0000015122c4a770 Exception <a 'java/lang/NoSuchMethodError'{0x00000000877f9808}: 'java.lang.Object java.lang.invoke.DirectMethodHandle$Holder.invokeStaticInit(java.lang.Object, java.lang.Object, java.lang.Object, int, int)'> (0x00000000877f9808) 
thrown [s\open\src\hotspot\share\interpreter\linkResolver.cpp, line 759]
Event: 255.477 Thread 0x0000015122bb1530 Exception <a 'java/lang/NoSuchMethodError'{0x0000000087588a88}: 'java.lang.Object java.lang.invoke.DirectMethodHandle$Holder.invokeSpecial(java.lang.Object, java.lang.Object, java.lang.Object, java.lang.Object, java.lang.Object, long)'> (0x0000000087588a88) 
thrown [s\open\src\hotspot\share\interpreter\linkResolver.cpp, line 759]
Event: 255.477 Thread 0x0000015122bb1530 Exception <a 'java/lang/NoSuchMethodError'{0x000000008758c4c8}: 'java.lang.Object java.lang.invoke.Invokers$Holder.linkToTargetMethod(java.lang.Object, java.lang.Object, java.lang.Object, long, java.lang.Object)'> (0x000000008758c4c8) 
thrown [s\open\src\hotspot\share\interpreter\linkResolver.cpp, line 759]
Event: 255.779 Thread 0x0000015122bb1530 Exception <a 'java/lang/NoSuchMethodError'{0x00000000883a8f48}: 'java.lang.Object java.lang.invoke.DirectMethodHandle$Holder.invokeInterface(java.lang.Object, java.lang.Object, java.lang.Object, java.lang.Object)'> (0x00000000883a8f48) 
thrown [s\open\src\hotspot\share\interpreter\linkResolver.cpp, line 759]
Event: 255.789 Thread 0x0000015122bb1530 Exception <a 'java/lang/NoSuchMethodError'{0x000000008821e468}: 'java.lang.Object java.lang.invoke.DirectMethodHandle$Holder.invokeStatic(java.lang.Object, java.lang.Object, java.lang.Object, java.lang.Object, java.lang.Object, java.lang.Object, java.lang.Object, java.lang.Object, java.lang.Object, int)'> (0x000000008821e468) 
thrown [s\open\src\hotspot\share\interpreter\linkResolver.cpp, line 759]
Event: 255.790 Thread 0x0000015122bb1530 Exception <a 'java/lang/NoSuchMethodError'{0x000000008822aa38}: 'java.lang.Object java.lang.invoke.DirectMethodHandle$Holder.invokeStatic(java.lang.Object, java.lang.Object, java.lang.Object, java.lang.Object, java.lang.Object, java.lang.Object, java.lang.Object, java.lang.Object, java.lang.Object, java.lang.Object, int)'> (0x000000008822aa38) 
thrown [s\open\src\hotspot\share\interpreter\linkResolver.cpp, line 759]
Event: 255.791 Thread 0x0000015122bb1530 Exception <a 'java/lang/NoSuchMethodError'{0x00000000882391e8}: 'java.lang.Object java.lang.invoke.DirectMethodHandle$Holder.invokeStatic(java.lang.Object, java.lang.Object, java.lang.Object, java.lang.Object, java.lang.Object, java.lang.Object, java.lang.Object, java.lang.Object, int)'> (0x00000000882391e8) 
thrown [s\open\src\hotspot\share\interpreter\linkResolver.cpp, line 759]
Event: 255.847 Thread 0x0000015122bb1530 Exception <a 'java/lang/NoSuchMethodError'{0x00000000881ec7f8}: 'java.lang.Object java.lang.invoke.DirectMethodHandle$Holder.newInvokeSpecial(java.lang.Object, java.lang.Object, int, int)'> (0x00000000881ec7f8) 
thrown [s\open\src\hotspot\share\interpreter\linkResolver.cpp, line 759]
Event: 255.848 Thread 0x0000015122bb1530 Exception <a 'java/lang/NoSuchMethodError'{0x00000000881f0f50}: 'java.lang.Object java.lang.invoke.DirectMethodHandle$Holder.invokeSpecial(java.lang.Object, java.lang.Object, java.lang.Object, int, int)'> (0x00000000881f0f50) 
thrown [s\open\src\hotspot\share\interpreter\linkResolver.cpp, line 759]

VM Operations (20 events):
Event: 180.214 Executing VM operation: Cleanup done
Event: 190.344 Executing VM operation: Cleanup
Event: 190.344 Executing VM operation: Cleanup done
Event: 198.395 Executing VM operation: Cleanup
Event: 198.395 Executing VM operation: Cleanup done
Event: 208.474 Executing VM operation: Cleanup
Event: 208.474 Executing VM operation: Cleanup done
Event: 220.587 Executing VM operation: Cleanup
Event: 220.588 Executing VM operation: Cleanup done
Event: 250.772 Executing VM operation: Cleanup
Event: 250.772 Executing VM operation: Cleanup done
Event: 255.503 Executing VM operation: HandshakeAllThreads
Event: 255.503 Executing VM operation: HandshakeAllThreads done
Event: 255.503 Executing VM operation: Cleanup
Event: 255.503 Executing VM operation: Cleanup done
Event: 255.540 Executing VM operation: G1CollectForAllocation
Event: 255.548 Executing VM operation: G1CollectForAllocation done
Event: 255.618 Executing VM operation: HandshakeAllThreads
Event: 255.619 Executing VM operation: HandshakeAllThreads done
Event: 256.620 Executing VM operation: Cleanup

Events (20 events):
Event: 255.415 loading class java/util/concurrent/Semaphore$NonfairSync
Event: 255.415 loading class java/util/concurrent/Semaphore$Sync
Event: 255.415 loading class java/util/concurrent/Semaphore$Sync done
Event: 255.415 loading class java/util/concurrent/Semaphore$NonfairSync done
Event: 255.415 loading class sun/nio/ch/SocketAdaptor
Event: 255.416 loading class sun/nio/ch/SocketAdaptor done
Event: 255.416 loading class sun/nio/ch/SocketChannelImpl$DefaultOptionsHolder
Event: 255.417 loading class sun/nio/ch/SocketChannelImpl$DefaultOptionsHolder done
Event: 255.419 loading class sun/nio/ch/SelectionKeyImpl
Event: 255.419 loading class java/nio/channels/spi/AbstractSelectionKey
Event: 255.419 loading class java/nio/channels/SelectionKey
Event: 255.419 loading class java/nio/channels/SelectionKey done
Event: 255.419 loading class java/nio/channels/spi/AbstractSelectionKey done
Event: 255.419 loading class sun/nio/ch/SelectionKeyImpl done
Event: 255.419 loading class java/lang/invoke/ConstantBootstraps
Event: 255.419 loading class java/lang/invoke/ConstantBootstraps done
Event: 255.641 loading class java/lang/invoke/SerializedLambda
Event: 255.641 loading class java/lang/invoke/SerializedLambda done
Event: 255.881 loading class java/util/regex/Pattern$Bound
Event: 255.882 loading class java/util/regex/Pattern$Bound done


Dynamic libraries:
0x00007ff68b480000 - 0x00007ff68b490000 	C:\Program Files\Java\jdk-17.0.5\bin\javaw.exe
0x00007ffadf600000 - 0x00007ffadf867000 	C:\WINDOWS\SYSTEM32\ntdll.dll
0x00007ffaddf50000 - 0x00007ffade019000 	C:\WINDOWS\System32\KERNEL32.DLL
0x00007ffadc320000 - 0x00007ffadc717000 	C:\WINDOWS\System32\KERNELBASE.dll
0x00007ffadc720000 - 0x00007ffadc86b000 	C:\WINDOWS\System32\ucrtbase.dll
0x00007ffacf2e0000 - 0x00007ffacf2fa000 	C:\Program Files\Java\jdk-17.0.5\bin\VCRUNTIME140.dll
0x00007ffacf690000 - 0x00007ffacf6a8000 	C:\Program Files\Java\jdk-17.0.5\bin\jli.dll
0x00007ffadeb50000 - 0x00007ffadec06000 	C:\WINDOWS\System32\ADVAPI32.dll
0x00007ffadec10000 - 0x00007ffadecb9000 	C:\WINDOWS\System32\msvcrt.dll
0x00007ffadf1b0000 - 0x00007ffadf257000 	C:\WINDOWS\System32\sechost.dll
0x00007ffade820000 - 0x00007ffade938000 	C:\WINDOWS\System32\RPCRT4.dll
0x00007ffade020000 - 0x00007ffade1e6000 	C:\WINDOWS\System32\USER32.dll
0x00007ffadc030000 - 0x00007ffadc057000 	C:\WINDOWS\System32\win32u.dll
0x00007ffabc300000 - 0x00007ffabc592000 	C:\WINDOWS\WinSxS\amd64_microsoft.windows.common-controls_6595b64144ccf1df_6.0.26100.8457_none_3e0b2faee331e92d\COMCTL32.dll
0x00007ffade1f0000 - 0x00007ffade21b000 	C:\WINDOWS\System32\GDI32.dll
0x00007ffadd250000 - 0x00007ffadd37c000 	C:\WINDOWS\System32\gdi32full.dll
0x00007ffadc060000 - 0x00007ffadc103000 	C:\WINDOWS\System32\msvcp_win.dll
0x00007ffad1420000 - 0x00007ffad142b000 	C:\WINDOWS\SYSTEM32\VERSION.dll
0x00007ffade7e0000 - 0x00007ffade812000 	C:\WINDOWS\System32\IMM32.DLL
0x00007ffad2040000 - 0x00007ffad204c000 	C:\Program Files\Java\jdk-17.0.5\bin\vcruntime140_1.dll
0x00007ffaa5d90000 - 0x00007ffaa5e1d000 	C:\Program Files\Java\jdk-17.0.5\bin\msvcp140.dll
0x00007ffa608d0000 - 0x00007ffa61492000 	C:\Program Files\Java\jdk-17.0.5\bin\server\jvm.dll
0x00007ffaddef0000 - 0x00007ffaddef8000 	C:\WINDOWS\System32\PSAPI.DLL
0x00007ffacfd30000 - 0x00007ffacfd3a000 	C:\WINDOWS\SYSTEM32\WSOCK32.dll
0x00007ffac2360000 - 0x00007ffac2396000 	C:\WINDOWS\SYSTEM32\WINMM.dll
0x00007ffadf470000 - 0x00007ffadf4f0000 	C:\WINDOWS\System32\WS2_32.dll
0x00007ffadad60000 - 0x00007ffadad7b000 	C:\WINDOWS\SYSTEM32\kernel.appcore.dll
0x00007ffacf350000 - 0x00007ffacf35a000 	C:\Program Files\Java\jdk-17.0.5\bin\jimage.dll
0x00007ffad6320000 - 0x00007ffad6562000 	C:\WINDOWS\SYSTEM32\DBGHELP.DLL
0x00007ffadee20000 - 0x00007ffadf1a3000 	C:\WINDOWS\System32\combase.dll
0x00007ffaded40000 - 0x00007ffadee19000 	C:\WINDOWS\System32\OLEAUT32.dll
0x00007ffab80b0000 - 0x00007ffab80eb000 	C:\WINDOWS\SYSTEM32\dbgcore.DLL
0x00007ffadc870000 - 0x00007ffadc918000 	C:\WINDOWS\System32\bcryptPrimitives.dll
0x00007ffabe7d0000 - 0x00007ffabe7f5000 	C:\Program Files\Java\jdk-17.0.5\bin\java.dll
0x00007ffaa5630000 - 0x00007ffaa5706000 	C:\Program Files\Java\jdk-17.0.5\bin\jsvml.dll
0x00007ffadd770000 - 0x00007ffaddede000 	C:\WINDOWS\System32\SHELL32.dll
0x00007ffadc920000 - 0x00007ffadd18c000 	C:\WINDOWS\System32\windows.storage.dll
0x00007ffadd480000 - 0x00007ffadd576000 	C:\WINDOWS\System32\SHCORE.dll
0x00007ffade220000 - 0x00007ffade286000 	C:\WINDOWS\System32\shlwapi.dll
0x00007ffadbf50000 - 0x00007ffadbf79000 	C:\WINDOWS\SYSTEM32\profapi.dll
0x00007ffabe7b0000 - 0x00007ffabe7c9000 	C:\Program Files\Java\jdk-17.0.5\bin\net.dll
0x00007ffaca5a0000 - 0x00007ffaca6c9000 	C:\WINDOWS\SYSTEM32\WINHTTP.dll
0x00007ffadb330000 - 0x00007ffadb39c000 	C:\WINDOWS\system32\mswsock.dll
0x00007ffab26b0000 - 0x00007ffab26c6000 	C:\Program Files\Java\jdk-17.0.5\bin\nio.dll
0x00007ffaaa740000 - 0x00007ffaaa758000 	C:\Program Files\Java\jdk-17.0.5\bin\zip.dll
0x00007ffacf140000 - 0x00007ffacf149000 	C:\Program Files\Java\jdk-17.0.5\bin\management.dll
0x00007ffac0760000 - 0x00007ffac076b000 	C:\Program Files\Java\jdk-17.0.5\bin\management_ext.dll
0x00007ffab3d30000 - 0x00007ffab3d48000 	C:\WINDOWS\system32\napinsp.dll
0x00007ffada860000 - 0x00007ffada992000 	C:\WINDOWS\SYSTEM32\DNSAPI.dll
0x00007ffada7d0000 - 0x00007ffada802000 	C:\WINDOWS\SYSTEM32\IPHLPAPI.DLL
0x00007ffade9a0000 - 0x00007ffade9aa000 	C:\WINDOWS\System32\NSI.dll
0x00007ffab3c30000 - 0x00007ffab3c43000 	C:\WINDOWS\System32\winrnr.dll
0x00007ffab3c00000 - 0x00007ffab3c22000 	C:\WINDOWS\system32\nlansp_c.dll
0x00007ffad1450000 - 0x00007ffad1466000 	C:\WINDOWS\system32\wshbth.dll
0x00007ffac27d0000 - 0x00007ffac27db000 	C:\Windows\System32\rasadhlp.dll
0x00007ffac86d0000 - 0x00007ffac8756000 	C:\WINDOWS\System32\fwpuclnt.dll
0x00007ffadb620000 - 0x00007ffadb63b000 	C:\WINDOWS\SYSTEM32\CRYPTSP.dll
0x00007ffadad20000 - 0x00007ffadad59000 	C:\WINDOWS\system32\rsaenh.dll
0x00007ffadb3e0000 - 0x00007ffadb413000 	C:\WINDOWS\SYSTEM32\USERENV.dll
0x00007ffadbf20000 - 0x00007ffadbf4a000 	C:\WINDOWS\SYSTEM32\bcrypt.dll
0x00007ffadb610000 - 0x00007ffadb61c000 	C:\WINDOWS\SYSTEM32\CRYPTBASE.dll
0x00007ffaca400000 - 0x00007ffaca41d000 	C:\WINDOWS\SYSTEM32\dhcpcsvc6.DLL
0x00007ffaca3d0000 - 0x00007ffaca3f5000 	C:\WINDOWS\SYSTEM32\dhcpcsvc.DLL
0x00007ffabe640000 - 0x00007ffabe64e000 	C:\Program Files\Java\jdk-17.0.5\bin\sunmscapi.dll
0x00007ffadc1a0000 - 0x00007ffadc318000 	C:\WINDOWS\System32\CRYPT32.dll
0x00007ffadb830000 - 0x00007ffadb860000 	C:\WINDOWS\SYSTEM32\ncrypt.dll
0x00007ffadb7e0000 - 0x00007ffadb81f000 	C:\WINDOWS\SYSTEM32\NTASN1.dll
0x00007ffabe500000 - 0x00007ffabe510000 	C:\Program Files\Java\jdk-17.0.5\bin\verify.dll
0x00007ffab1d90000 - 0x00007ffab1d98000 	C:\WINDOWS\system32\wshunix.dll

dbghelp: loaded successfully - version: 4.0.5 - missing functions: none
symbol engine: initialized successfully - sym options: 0x614 - pdb path: .;C:\Program Files\Java\jdk-17.0.5\bin;C:\WINDOWS\SYSTEM32;C:\WINDOWS\WinSxS\amd64_microsoft.windows.common-controls_6595b64144ccf1df_6.0.26100.8457_none_3e0b2faee331e92d;C:\Program Files\Java\jdk-17.0.5\bin\server

VM Arguments:
jvm_args: -Dcom.sun.management.jmxremote -Dcom.sun.management.jmxremote.port=64409 -Dcom.sun.management.jmxremote.authenticate=false -Dcom.sun.management.jmxremote.ssl=false -Djava.rmi.server.hostname=localhost -Dspring.jmx.enabled=true -Dmanagement.endpoints.jmx.exposure.include=* -Dspring.application.admin.enabled=true -Dspring.output.ansi.enabled=always -XX:TieredStopAtLevel=1 -Dspring.boot.project.name=EcommerceShoppingSiteCategory -Dfile.encoding=UTF-8 -Dstdout.encoding=UTF-8 -Dstderr.encoding=UTF-8 -XX:+ShowCodeDetailsInExceptionMessages 
java_command: com.shopping.EcommerceShoppingSiteCategoryApplication
java_class_path (initial): C:\Users\Rashmi\SpringBoot_Workspace\EcommerceShoppingSiteCategory\target\classes;C:\Users\Rashmi\.m2\repository\org\springframework\boot\spring-boot-starter-data-jpa\4.0.6\spring-boot-starter-data-jpa-4.0.6.jar;C:\Users\Rashmi\.m2\repository\org\springframework\boot\spring-boot-starter\4.0.6\spring-boot-starter-4.0.6.jar;C:\Users\Rashmi\.m2\repository\org\springframework\boot\spring-boot-starter-logging\4.0.6\spring-boot-starter-logging-4.0.6.jar;C:\Users\Rashmi\.m2\repository\ch\qos\logback\logback-classic\1.5.32\logback-classic-1.5.32.jar;C:\Users\Rashmi\.m2\repository\ch\qos\logback\logback-core\1.5.32\logback-core-1.5.32.jar;C:\Users\Rashmi\.m2\repository\org\apache\logging\log4j\log4j-to-slf4j\2.25.4\log4j-to-slf4j-2.25.4.jar;C:\Users\Rashmi\.m2\repository\org\apache\logging\log4j\log4j-api\2.25.4\log4j-api-2.25.4.jar;C:\Users\Rashmi\.m2\repository\org\slf4j\jul-to-slf4j\2.0.17\jul-to-slf4j-2.0.17.jar;C:\Users\Rashmi\.m2\repository\jakarta\annotation\jakarta.annotation-api\3.0.0\jakarta.annotation-api-3.0.0.jar;C:\Users\Rashmi\.m2\repository\org\yaml\snakeyaml\2.5\snakeyaml-2.5.jar;C:\Users\Rashmi\.m2\repository\org\springframework\boot\spring-boot-starter-jdbc\4.0.6\spring-boot-starter-jdbc-4.0.6.jar;C:\Users\Rashmi\.m2\repository\com\zaxxer\HikariCP\7.0.2\HikariCP-7.0.2.jar;C:\Users\Rashmi\.m2\repository\org\springframework\boot\spring-boot-data-jpa\4.0.6\spring-boot-data-jpa-4.0.6.jar;C:\Users\Rashmi\.m2\repository\org\springframework\boot\spring-boot-data-commons\4.0.6\spring-boot-data-commons-4.0.6.jar;C:\Users\Rashmi\.m2\repository\org\springframework\boot\spring-boot-persistence\4.0.6\spring-boot-persistence-4.0.6.jar;C:\Users\Rashmi\.m2\repository\org\springframework\data\spring-data-commons\4.0.5\spring-data-commons-4.0.5.jar;C:\Users\Rashmi\.m2\repository\org\springframework\boot\spring-boot-hibernate\4.0.6\spring-boot-hibernate-4.0.6.jar;C:\Users\Rashmi\.m2\repository\org\springframework\boot\spring-boot-jpa\4.0.6\spring
Launcher Type: SUN_STANDARD

[Global flags]
     intx CICompilerCount                          = 4                                         {product} {ergonomic}
     uint ConcGCThreads                            = 2                                         {product} {ergonomic}
     uint G1ConcRefinementThreads                  = 8                                         {product} {ergonomic}
   size_t G1HeapRegionSize                         = 1048576                                   {product} {ergonomic}
    uintx GCDrainStackTargetSize                   = 64                                        {product} {ergonomic}
   size_t InitialHeapSize                          = 132120576                                 {product} {ergonomic}
     bool ManagementServer                         = true                                      {product} {command line}
   size_t MarkStackSize                            = 4194304                                   {product} {ergonomic}
   size_t MaxHeapSize                              = 2090860544                                {product} {ergonomic}
   size_t MaxNewSize                               = 1254096896                                {product} {ergonomic}
   size_t MinHeapDeltaBytes                        = 1048576                                   {product} {ergonomic}
   size_t MinHeapSize                              = 8388608                                   {product} {ergonomic}
    uintx NonProfiledCodeHeapSize                  = 0                                      {pd product} {ergonomic}
     bool ProfileInterpreter                       = false                                  {pd product} {command line}
    uintx ProfiledCodeHeapSize                     = 0                                      {pd product} {ergonomic}
     bool ShowCodeDetailsInExceptionMessages       = true                                   {manageable} {command line}
   size_t SoftMaxHeapSize                          = 2090860544                             {manageable} {ergonomic}
     intx TieredStopAtLevel                        = 1                                         {product} {command line}
     bool UseCompressedClassPointers               = true                           {product lp64_product} {ergonomic}
     bool UseCompressedOops                        = true                           {product lp64_product} {ergonomic}
     bool UseG1GC                                  = true                                      {product} {ergonomic}
     bool UseLargePagesIndividualAllocation        = false                                  {pd product} {ergonomic}

Logging:
Log output configuration:
 #0: stdout all=warning uptime,level,tags
 #1: stderr all=off uptime,level,tags

Environment Variables:
JAVA_HOME=C:\Program Files\Java\jdk-17.0.5
PATH=C:/Users/Rashmi/.p2/pool/plugins/org.eclipse.justj.openjdk.hotspot.jre.full.win32.x86_64_23.0.2.v20250131-0604/jre/bin/server;C:/Users/Rashmi/.p2/pool/plugins/org.eclipse.justj.openjdk.hotspot.jre.full.win32.x86_64_23.0.2.v20250131-0604/jre/bin;C:\Program_Selenium_NOV\jdk-17_windows-x64_bin\apache-maven-3.8.6-bin\apache-maven-3.8.6\bin;C:\Program Files\Common Files\Oracle\Java\javapath;C:\Program Files (x86)\Common Files\Oracle\Java\java8path;C:\Program Files (x86)\Common Files\Oracle\Java\javapath;C:\WINDOWS\system32;C:\WINDOWS;C:\WINDOWS\System32\Wbem;C:\WINDOWS\System32\WindowsPowerShell\v1.0\;C:\WINDOWS\System32\OpenSSH\;C:\Program Files\Java\jdk1.8.0_291\bin;C:\Android;C:\Windows\System32;C:\Program Files\HP\HP One Agent;C:\WINDOWS\system32;C:\WINDOWS;C:\WINDOWS\System32\Wbem;C:\WINDOWS\System32\WindowsPowerShell\v1.0\;C:\WINDOWS\System32\OpenSSH\;C:\Program Files\Microsoft VS Code\bin;C:\Program Files\Git\cmd;C:\Program Files\nodejs\;C:\Program Files\MySQL\MySQL Shell 8.0\bin\;C:\Users\Rashmi\AppData\Local\Microsoft\WindowsApps;C:\Users\Rashmi\AppData\Roaming\npm;C:\WINDOWS\System32;
USERNAME=Rashmi
OS=Windows_NT
PROCESSOR_IDENTIFIER=Intel64 Family 6 Model 126 Stepping 5, GenuineIntel



---------------  S Y S T E M  ---------------

OS:
 Windows 11 , 64 bit Build 26100 (10.0.26100.8328)
OS uptime: 0 days 20:56 hours

CPU: total 8 (initial active 8) (4 cores per cpu, 2 threads per core) family 6 model 126 stepping 5 microcode 0xa6, cx8, cmov, fxsr, ht, mmx, 3dnowpref, sse, sse2, sse3, ssse3, sse4.1, sse4.2, popcnt, lzcnt, tsc, tscinvbit, avx, avx2, aes, erms, clmul, bmi1, bmi2, adx, avx512f, avx512dq, avx512cd, avx512bw, avx512vl, sha, fma, vzeroupper, avx512_vpopcntdq, avx512_vpclmulqdq, avx512_vaes, avx512_vnni, clflush, clflushopt, avx512_vbmi2, avx512_vbmi

Memory: 4k page, system-wide physical 7973M (792M free)
TotalPageFile size 10021M (AvailPageFile size 7M)
current process WorkingSet (physical memory assigned to process): 264M, peak: 264M
current process commit charge ("private bytes"): 305M, peak: 305M

vm_info: Java HotSpot(TM) 64-Bit Server VM (17.0.5+9-LTS-191) for windows-amd64 JRE (17.0.5+9-LTS-191), built on Sep 13 2022 17:31:43 by "mach5one" with MS VC++ 16.8 / 16.9 (VS2019)

END.
