#
# There is insufficient memory for the Java Runtime Environment to continue.
# Native memory allocation (malloc) failed to allocate 1048576 bytes for AllocateHeap
# Possible reasons:
#   The system is out of physical RAM or swap space
#   The process is running with CompressedOops enabled, and the Java Heap may be blocking the growth of the native heap
# Possible solutions:
#   Reduce memory load on the system
#   Increase physical memory or swap space
#   Check if swap backing store is full
#   Decrease Java heap size (-Xmx/-Xms)
#   Decrease number of Java threads
#   Decrease Java thread stack sizes (-Xss)
#   Set larger code cache with -XX:ReservedCodeCacheSize=
#   JVM is running with Unscaled Compressed Oops mode in which the Java heap is
#     placed in the first 4GB address space. The Java Heap base address is the
#     maximum limit for the native heap growth. Please use -XX:HeapBaseMinAddress
#     to set the Java Heap base and to place the Java Heap above 4GB virtual address.
# This output file may be truncated or incomplete.
#
#  Out of Memory Error (allocation.cpp:44), pid=8292, tid=5220
#
# JRE version: Java(TM) SE Runtime Environment (17.0.5+9) (build 17.0.5+9-LTS-191)
# Java VM: Java HotSpot(TM) 64-Bit Server VM (17.0.5+9-LTS-191, mixed mode, emulated-client, sharing, tiered, compressed oops, compressed class ptrs, g1 gc, windows-amd64)
# No core dump will be written. Minidumps are not enabled by default on client versions of Windows
#

---------------  S U M M A R Y ------------

Command Line: -Dcom.sun.management.jmxremote -Dcom.sun.management.jmxremote.port=49282 -Dcom.sun.management.jmxremote.authenticate=false -Dcom.sun.management.jmxremote.ssl=false -Djava.rmi.server.hostname=localhost -Dspring.jmx.enabled=true -Dmanagement.endpoints.jmx.exposure.include=* -Dspring.application.admin.enabled=true -Dspring.output.ansi.enabled=always -XX:TieredStopAtLevel=1 -Dspring.boot.project.name=EcommerceShoppingSiteCart -Dfile.encoding=UTF-8 -Dstdout.encoding=UTF-8 -Dstderr.encoding=UTF-8 -XX:+ShowCodeDetailsInExceptionMessages com.shopping.EcommerceShoppingSiteCartApplication

Host: Intel(R) Core(TM) i5-1035G1 CPU @ 1.00GHz, 8 cores, 7G,  Windows 11 , 64 bit Build 26100 (10.0.26100.8328)
Time: Mon Jun  8 17:06:13 2026 India Standard Time elapsed time: 413.108175 seconds (0d 0h 6m 53s)

---------------  T H R E A D  ---------------

Current thread (0x000001d3c3ba5360):  VMThread "VM Thread" [stack: 0x00000088f2f00000,0x00000088f3000000] [id=5220]

Stack: [0x00000088f2f00000,0x00000088f3000000]
Native frames: (J=compiled Java code, j=interpreted, Vv=VM code, C=native code)
V  [jvm.dll+0x672eea]
V  [jvm.dll+0x7d2a04]
V  [jvm.dll+0x7d41ae]
V  [jvm.dll+0x7d4813]
V  [jvm.dll+0x242c15]
V  [jvm.dll+0xa4b93]
V  [jvm.dll+0x2f21d3]
V  [jvm.dll+0x2ee080]
V  [jvm.dll+0x2d6817]
V  [jvm.dll+0x319487]
V  [jvm.dll+0x7d8ceb]
V  [jvm.dll+0x7d9a24]
V  [jvm.dll+0x7d9f3c]
V  [jvm.dll+0x7da314]
V  [jvm.dll+0x7da3e0]
V  [jvm.dll+0x782b4a]
V  [jvm.dll+0x671d75]
C  [ucrtbase.dll+0x37b0]
C  [KERNEL32.DLL+0x2e957]
C  [ntdll.dll+0x427c]

VM_Operation (0x00000088f3afee30): G1CollectFull, mode: safepoint, requested by thread 0x000001d3c88013c0


---------------  P R O C E S S  ---------------

Threads class SMR info:
_java_thread_list=0x000001d3c8f6c9a0, length=22, elements={
0x000001d3c3baa8b0, 0x000001d3c3bad380, 0x000001d3c3bc1c40, 0x000001d3c3bc2500,
0x000001d3c3bc2dc0, 0x000001d3c3bc3680, 0x000001d3c3bc7440, 0x000001d3c3bd3d70,
0x000001d3c4964150, 0x000001d3c49baee0, 0x000001d3c5073580, 0x000001d3c5040ca0,
0x000001d3c508da00, 0x000001d3c5890460, 0x000001d3c5868670, 0x000001d3c58a82d0,
0x000001d3c58a7460, 0x000001d3c88cf6e0, 0x000001d3c88d3a40, 0x000001d3c88d13c0,
0x000001d3c88d0550, 0x000001d3c88013c0
}

Java Threads: ( => current thread )
  0x000001d3c3baa8b0 JavaThread "Reference Handler" daemon [_thread_blocked, id=3644, stack(0x00000088f3000000,0x00000088f3100000)]
  0x000001d3c3bad380 JavaThread "Finalizer" daemon [_thread_blocked, id=4944, stack(0x00000088f3100000,0x00000088f3200000)]
  0x000001d3c3bc1c40 JavaThread "Signal Dispatcher" daemon [_thread_blocked, id=5064, stack(0x00000088f3200000,0x00000088f3300000)]
  0x000001d3c3bc2500 JavaThread "Attach Listener" daemon [_thread_blocked, id=9104, stack(0x00000088f3300000,0x00000088f3400000)]
  0x000001d3c3bc2dc0 JavaThread "Service Thread" daemon [_thread_blocked, id=736, stack(0x00000088f3400000,0x00000088f3500000)]
  0x000001d3c3bc3680 JavaThread "Monitor Deflation Thread" daemon [_thread_blocked, id=4416, stack(0x00000088f3500000,0x00000088f3600000)]
  0x000001d3c3bc7440 JavaThread "C1 CompilerThread0" daemon [_thread_blocked, id=13604, stack(0x00000088f3600000,0x00000088f3700000)]
  0x000001d3c3bd3d70 JavaThread "Sweeper thread" daemon [_thread_blocked, id=7264, stack(0x00000088f3700000,0x00000088f3800000)]
  0x000001d3c4964150 JavaThread "Common-Cleaner" daemon [_thread_blocked, id=14292, stack(0x00000088f3800000,0x00000088f3900000)]
  0x000001d3c49baee0 JavaThread "Notification Thread" daemon [_thread_blocked, id=12796, stack(0x00000088f3b00000,0x00000088f3c00000)]
  0x000001d3c5073580 JavaThread "RMI TCP Accept-0" daemon [_thread_in_native, id=10296, stack(0x00000088f3c00000,0x00000088f3d00000)]
  0x000001d3c5040ca0 JavaThread "RMI TCP Accept-49282" daemon [_thread_in_native, id=2268, stack(0x00000088f3d00000,0x00000088f3e00000)]
  0x000001d3c508da00 JavaThread "RMI TCP Accept-0" daemon [_thread_in_native, id=7236, stack(0x00000088f3e00000,0x00000088f3f00000)]
  0x000001d3c5890460 JavaThread "RMI Scheduler(0)" daemon [_thread_blocked, id=8960, stack(0x00000088f4c00000,0x00000088f4d00000)]
  0x000001d3c5868670 JavaThread "RMI TCP Connection(idle)" daemon [_thread_blocked, id=8692, stack(0x00000088f4e00000,0x00000088f4f00000)]
  0x000001d3c58a82d0 JavaThread "JMX server connection timeout 25" daemon [_thread_blocked, id=4168, stack(0x00000088f4f00000,0x00000088f5000000)]
  0x000001d3c58a7460 JavaThread "mysql-cj-abandoned-connection-cleanup" daemon [_thread_blocked, id=12452, stack(0x00000088f5400000,0x00000088f5500000)]
  0x000001d3c88cf6e0 JavaThread "spectator-gauge-polling-0" daemon [_thread_blocked, id=9084, stack(0x00000088f5a00000,0x00000088f5b00000)]
  0x000001d3c88d3a40 JavaThread "DestroyJavaVM" [_thread_blocked, id=6292, stack(0x00000088f2900000,0x00000088f2a00000)]
  0x000001d3c88d13c0 JavaThread "boundedElastic-evictor-1" daemon [_thread_blocked, id=11260, stack(0x00000088f2700000,0x00000088f2800000)]
  0x000001d3c88d0550 JavaThread "pool-4-thread-1" daemon [_thread_blocked, id=9352, stack(0x00000088f2800000,0x00000088f2900000)]
  0x000001d3c88013c0 JavaThread "Thread-1" [_thread_blocked, id=14952, stack(0x00000088f3a00000,0x00000088f3b00000)]

Other Threads:
=>0x000001d3c3ba5360 VMThread "VM Thread" [stack: 0x00000088f2f00000,0x00000088f3000000] [id=5220]
  0x000001d3b0011bd0 WatcherThread [stack: 0x00000088f3f00000,0x00000088f4000000] [id=11152]
  0x000001d3afff67e0 GCTaskThread "GC Thread#0" [stack: 0x00000088f2a00000,0x00000088f2b00000] [id=11164]
  0x000001d3c53fc8f0 GCTaskThread "GC Thread#1" [stack: 0x00000088f4000000,0x00000088f4100000] [id=6008]
  0x000001d3c53fcba0 GCTaskThread "GC Thread#2" [stack: 0x00000088f4100000,0x00000088f4200000] [id=10096]
  0x000001d3c57ca4c0 GCTaskThread "GC Thread#3" [stack: 0x00000088f4200000,0x00000088f4300000] [id=14264]
  0x000001d3c57ca770 GCTaskThread "GC Thread#4" [stack: 0x00000088f4300000,0x00000088f4400000] [id=13944]
  0x000001d3c57caa20 GCTaskThread "GC Thread#5" [stack: 0x00000088f4400000,0x00000088f4500000] [id=13664]
  0x000001d3c57cacd0 GCTaskThread "GC Thread#6" [stack: 0x00000088f4500000,0x00000088f4600000] [id=13456]
  0x000001d3c57caf80 GCTaskThread "GC Thread#7" [stack: 0x00000088f4600000,0x00000088f4700000] [id=7676]
  0x000001d3b0006f70 ConcurrentGCThread "G1 Main Marker" [stack: 0x00000088f2b00000,0x00000088f2c00000] [id=4356]
  0x000001d3b0008d00 ConcurrentGCThread "G1 Conc#0" [stack: 0x00000088f2c00000,0x00000088f2d00000] [id=8620]
  0x000001d3c5e01c00 ConcurrentGCThread "G1 Conc#1" [stack: 0x00000088f5100000,0x00000088f5200000] [id=10544]
  0x000001d3b004dbf0 ConcurrentGCThread "G1 Refine#0" [stack: 0x00000088f2d00000,0x00000088f2e00000] [id=3668]
  0x000001d3c579ff70 ConcurrentGCThread "G1 Refine#1" [stack: 0x00000088f4700000,0x00000088f4800000] [id=5784]
  0x000001d3c57a0250 ConcurrentGCThread "G1 Refine#2" [stack: 0x00000088f4800000,0x00000088f4900000] [id=13588]
  0x000001d3c89fac80 ConcurrentGCThread "G1 Refine#3" [stack: 0x00000088f4d00000,0x00000088f4e00000] [id=1756]
  0x000001d3b004e3c0 ConcurrentGCThread "G1 Service" [stack: 0x00000088f2e00000,0x00000088f2f00000] [id=2420]

Threads with active compile tasks:
C1 CompilerThread0   413123 7165  s    1       org.apache.catalina.util.LifecycleBase::setStateInternal (144 bytes)

VM state: at safepoint (normal execution)

VM Mutex/Monitor currently owned by a thread:  ([mutex/lock_event])
[0x000001d3aff95560] Threads_lock - owner thread: 0x000001d3c3ba5360
[0x000001d3aff96760] Heap_lock - owner thread: 0x000001d3c88013c0

Heap address: 0x0000000083600000, size: 1994 MB, Compressed Oops mode: 32-bit

CDS archive(s) mapped at: [0x0000000800000000-0x0000000800bd0000-0x0000000800bd0000), size 12386304, SharedBaseAddress: 0x0000000800000000, ArchiveRelocationMode: 0.
Compressed class space mapped at: 0x0000000800c00000-0x0000000840c00000, reserved size: 1073741824
Narrow klass base: 0x0000000800000000, Narrow klass shift: 0, Narrow klass range: 0x100000000

GC Precious Log:
 CPUs: 8 total, 8 available
 Memory: 7973M
 Large Page Support: Disabled
 NUMA Support: Disabled
 Compressed Oops: Enabled (32-bit)
 Heap Region Size: 1M
 Heap Min Capacity: 8M
 Heap Initial Capacity: 126M
 Heap Max Capacity: 1994M
 Pre-touch: Disabled
 Parallel Workers: 8
 Concurrent Workers: 2
 Concurrent Refinement Workers: 8
 Periodic GC: Disabled

Heap:
 garbage-first heap   total 134144K, used 55432K [0x0000000083600000, 0x0000000100000000)
  region size 1024K, 12 young (12288K), 1 survivors (1024K)
 Metaspace       used 91782K, committed 92352K, reserved 1130496K
  class space    used 13466K, committed 13760K, reserved 1048576K

Heap Regions: E=young(eden), S=young(survivor), O=old, HS=humongous(starts), HC=humongous(continues), CS=collection set, F=free, OA=open archive, CA=closed archive, TAMS=top-at-mark-start (previous, next)
|   0|0x0000000083600000, 0x0000000083700000, 0x0000000083700000|100%|HS|  |TAMS 0x0000000083700000, 0x0000000083600000| Complete 
|   1|0x0000000083700000, 0x0000000083800000, 0x0000000083800000|100%|HS|  |TAMS 0x0000000083800000, 0x0000000083700000| Complete 
|   2|0x0000000083800000, 0x0000000083900000, 0x0000000083900000|100%| O|  |TAMS 0x0000000083900000, 0x0000000083800000| Untracked 
|   3|0x0000000083900000, 0x0000000083a00000, 0x0000000083a00000|100%|HS|  |TAMS 0x0000000083a00000, 0x0000000083900000| Complete 
|   4|0x0000000083a00000, 0x0000000083b00000, 0x0000000083b00000|100%| O|  |TAMS 0x0000000083b00000, 0x0000000083a00000| Untracked 
|   5|0x0000000083b00000, 0x0000000083c00000, 0x0000000083c00000|100%| O|  |TAMS 0x0000000083c00000, 0x0000000083b00000| Untracked 
|   6|0x0000000083c00000, 0x0000000083d00000, 0x0000000083d00000|100%| O|  |TAMS 0x0000000083d00000, 0x0000000083c00000| Untracked 
|   7|0x0000000083d00000, 0x0000000083e00000, 0x0000000083e00000|100%| O|  |TAMS 0x0000000083e00000, 0x0000000083d00000| Untracked 
|   8|0x0000000083e00000, 0x0000000083f00000, 0x0000000083f00000|100%| O|  |TAMS 0x0000000083f00000, 0x0000000083e00000| Untracked 
|   9|0x0000000083f00000, 0x0000000084000000, 0x0000000084000000|100%| O|  |TAMS 0x0000000083f00000, 0x0000000083f00000| Untracked 
|  10|0x0000000084000000, 0x0000000084100000, 0x0000000084100000|100%| O|  |TAMS 0x0000000084100000, 0x0000000084000000| Untracked 
|  11|0x0000000084100000, 0x0000000084100000, 0x0000000084200000|  0%| F|  |TAMS 0x0000000084100000, 0x0000000084100000| Untracked 
|  12|0x0000000084200000, 0x00000000842e8800, 0x0000000084300000| 90%| O|  |TAMS 0x0000000084200000, 0x0000000084200000| Untracked 
|  13|0x0000000084300000, 0x0000000084400000, 0x0000000084400000|100%| O|  |TAMS 0x0000000084400000, 0x0000000084300000| Untracked 
|  14|0x0000000084400000, 0x0000000084500000, 0x0000000084500000|100%| O|  |TAMS 0x0000000084500000, 0x0000000084400000| Untracked 
|  15|0x0000000084500000, 0x0000000084500000, 0x0000000084600000|  0%| F|  |TAMS 0x0000000084500000, 0x0000000084500000| Untracked 
|  16|0x0000000084600000, 0x0000000084700000, 0x0000000084700000|100%| O|  |TAMS 0x0000000084700000, 0x0000000084600000| Untracked 
|  17|0x0000000084700000, 0x0000000084700000, 0x0000000084800000|  0%| F|  |TAMS 0x0000000084700000, 0x0000000084700000| Untracked 
|  18|0x0000000084800000, 0x0000000084900000, 0x0000000084900000|100%| O|  |TAMS 0x0000000084900000, 0x0000000084800000| Untracked 
|  19|0x0000000084900000, 0x0000000084a00000, 0x0000000084a00000|100%| O|  |TAMS 0x0000000084a00000, 0x0000000084900000| Untracked 
|  20|0x0000000084a00000, 0x0000000084b00000, 0x0000000084b00000|100%| O|  |TAMS 0x0000000084b00000, 0x0000000084a00000| Untracked 
|  21|0x0000000084b00000, 0x0000000084c00000, 0x0000000084c00000|100%| O|  |TAMS 0x0000000084c00000, 0x0000000084b00000| Untracked 
|  22|0x0000000084c00000, 0x0000000084d00000, 0x0000000084d00000|100%| O|  |TAMS 0x0000000084d00000, 0x0000000084c00000| Untracked 
|  23|0x0000000084d00000, 0x0000000084d00000, 0x0000000084e00000|  0%| F|  |TAMS 0x0000000084d00000, 0x0000000084d00000| Untracked 
|  24|0x0000000084e00000, 0x0000000084f00000, 0x0000000084f00000|100%| O|  |TAMS 0x0000000084f00000, 0x0000000084e00000| Untracked 
|  25|0x0000000084f00000, 0x0000000085000000, 0x0000000085000000|100%| O|  |TAMS 0x0000000085000000, 0x0000000084f00000| Untracked 
|  26|0x0000000085000000, 0x0000000085100000, 0x0000000085100000|100%| O|  |TAMS 0x0000000085000000, 0x0000000085000000| Untracked 
|  27|0x0000000085100000, 0x0000000085200000, 0x0000000085200000|100%| O|  |TAMS 0x0000000085200000, 0x0000000085100000| Untracked 
|  28|0x0000000085200000, 0x0000000085300000, 0x0000000085300000|100%| O|  |TAMS 0x0000000085300000, 0x0000000085200000| Untracked 
|  29|0x0000000085300000, 0x0000000085400000, 0x0000000085400000|100%| O|  |TAMS 0x0000000085400000, 0x0000000085300000| Untracked 
|  30|0x0000000085400000, 0x0000000085500000, 0x0000000085500000|100%| O|  |TAMS 0x0000000085500000, 0x0000000085400000| Untracked 
|  31|0x0000000085500000, 0x0000000085500000, 0x0000000085600000|  0%| F|  |TAMS 0x0000000085500000, 0x0000000085500000| Untracked 
|  32|0x0000000085600000, 0x0000000085700000, 0x0000000085700000|100%| O|  |TAMS 0x0000000085700000, 0x0000000085600000| Untracked 
|  33|0x0000000085700000, 0x0000000085800000, 0x0000000085800000|100%| O|  |TAMS 0x0000000085800000, 0x0000000085700000| Untracked 
|  34|0x0000000085800000, 0x0000000085800000, 0x0000000085900000|  0%| F|  |TAMS 0x0000000085800000, 0x0000000085800000| Untracked 
|  35|0x0000000085900000, 0x0000000085a00000, 0x0000000085a00000|100%| O|  |TAMS 0x0000000085a00000, 0x0000000085900000| Untracked 
|  36|0x0000000085a00000, 0x0000000085b00000, 0x0000000085b00000|100%| O|  |TAMS 0x0000000085b00000, 0x0000000085a00000| Untracked 
|  37|0x0000000085b00000, 0x0000000085b00000, 0x0000000085c00000|  0%| F|  |TAMS 0x0000000085b00000, 0x0000000085b00000| Untracked 
|  38|0x0000000085c00000, 0x0000000085d00000, 0x0000000085d00000|100%| O|  |TAMS 0x0000000085d00000, 0x0000000085c00000| Untracked 
|  39|0x0000000085d00000, 0x0000000085e00000, 0x0000000085e00000|100%| O|  |TAMS 0x0000000085e00000, 0x0000000085d00000| Untracked 
|  40|0x0000000085e00000, 0x0000000085e00000, 0x0000000085f00000|  0%| F|  |TAMS 0x0000000085e00000, 0x0000000085e00000| Untracked 
|  41|0x0000000085f00000, 0x0000000085f00000, 0x0000000086000000|  0%| F|  |TAMS 0x0000000085f00000, 0x0000000085f00000| Untracked 
|  42|0x0000000086000000, 0x0000000086000000, 0x0000000086100000|  0%| F|  |TAMS 0x0000000086000000, 0x0000000086000000| Untracked 
|  43|0x0000000086100000, 0x0000000086200000, 0x0000000086200000|100%| O|  |TAMS 0x0000000086200000, 0x0000000086100000| Untracked 
|  44|0x0000000086200000, 0x0000000086300000, 0x0000000086300000|100%| O|  |TAMS 0x0000000086300000, 0x0000000086200000| Untracked 
|  45|0x0000000086300000, 0x0000000086300000, 0x0000000086400000|  0%| F|  |TAMS 0x0000000086300000, 0x0000000086300000| Untracked 
|  46|0x0000000086400000, 0x0000000086500000, 0x0000000086500000|100%| O|  |TAMS 0x0000000086500000, 0x0000000086400000| Untracked 
|  47|0x0000000086500000, 0x0000000086600000, 0x0000000086600000|100%| O|  |TAMS 0x0000000086600000, 0x0000000086500000| Untracked 
|  48|0x0000000086600000, 0x0000000086700000, 0x0000000086700000|100%| O|  |TAMS 0x0000000086600000, 0x0000000086600000| Untracked 
|  49|0x0000000086700000, 0x0000000086800000, 0x0000000086800000|100%| O|  |TAMS 0x0000000086700000, 0x0000000086700000| Untracked 
|  50|0x0000000086800000, 0x0000000086900000, 0x0000000086900000|100%| O|  |TAMS 0x0000000086800000, 0x0000000086800000| Untracked 
|  51|0x0000000086900000, 0x0000000086a00000, 0x0000000086a00000|100%| O|  |TAMS 0x0000000086900000, 0x0000000086900000| Untracked 
|  52|0x0000000086a00000, 0x0000000086b00000, 0x0000000086b00000|100%| O|  |TAMS 0x0000000086a00000, 0x0000000086a00000| Untracked 
|  53|0x0000000086b00000, 0x0000000086c00000, 0x0000000086c00000|100%| O|  |TAMS 0x0000000086b00000, 0x0000000086b00000| Untracked 
|  54|0x0000000086c00000, 0x0000000086d00000, 0x0000000086d00000|100%| O|  |TAMS 0x0000000086c00000, 0x0000000086c00000| Untracked 
|  55|0x0000000086d00000, 0x0000000086d00000, 0x0000000086e00000|  0%| F|  |TAMS 0x0000000086d00000, 0x0000000086d00000| Untracked 
|  56|0x0000000086e00000, 0x0000000086e00000, 0x0000000086f00000|  0%| F|  |TAMS 0x0000000086e00000, 0x0000000086e00000| Untracked 
|  57|0x0000000086f00000, 0x0000000086f00000, 0x0000000087000000|  0%| F|  |TAMS 0x0000000086f00000, 0x0000000086f00000| Untracked 
|  58|0x0000000087000000, 0x0000000087000000, 0x0000000087100000|  0%| F|  |TAMS 0x0000000087000000, 0x0000000087000000| Untracked 
|  59|0x0000000087100000, 0x0000000087100000, 0x0000000087200000|  0%| F|  |TAMS 0x0000000087100000, 0x0000000087100000| Untracked 
|  60|0x0000000087200000, 0x0000000087200000, 0x0000000087300000|  0%| F|  |TAMS 0x0000000087200000, 0x0000000087200000| Untracked 
|  61|0x0000000087300000, 0x0000000087300000, 0x0000000087400000|  0%| F|  |TAMS 0x0000000087300000, 0x0000000087300000| Untracked 
|  62|0x0000000087400000, 0x0000000087400000, 0x0000000087500000|  0%| F|  |TAMS 0x0000000087400000, 0x0000000087400000| Untracked 
|  63|0x0000000087500000, 0x0000000087500000, 0x0000000087600000|  0%| F|  |TAMS 0x0000000087500000, 0x0000000087500000| Untracked 
|  64|0x0000000087600000, 0x0000000087600000, 0x0000000087700000|  0%| F|  |TAMS 0x0000000087600000, 0x0000000087600000| Untracked 
|  65|0x0000000087700000, 0x0000000087700000, 0x0000000087800000|  0%| F|  |TAMS 0x0000000087700000, 0x0000000087700000| Untracked 
|  66|0x0000000087800000, 0x0000000087800000, 0x0000000087900000|  0%| F|  |TAMS 0x0000000087800000, 0x0000000087800000| Untracked 
|  67|0x0000000087900000, 0x0000000087900000, 0x0000000087a00000|  0%| F|  |TAMS 0x0000000087900000, 0x0000000087900000| Untracked 
|  68|0x0000000087a00000, 0x0000000087a00000, 0x0000000087b00000|  0%| F|  |TAMS 0x0000000087a00000, 0x0000000087a00000| Untracked 
|  69|0x0000000087b00000, 0x0000000087b00000, 0x0000000087c00000|  0%| F|  |TAMS 0x0000000087b00000, 0x0000000087b00000| Untracked 
|  70|0x0000000087c00000, 0x0000000087c00000, 0x0000000087d00000|  0%| F|  |TAMS 0x0000000087c00000, 0x0000000087c00000| Untracked 
|  71|0x0000000087d00000, 0x0000000087d00000, 0x0000000087e00000|  0%| F|  |TAMS 0x0000000087d00000, 0x0000000087d00000| Untracked 
|  72|0x0000000087e00000, 0x0000000087e00000, 0x0000000087f00000|  0%| F|  |TAMS 0x0000000087e00000, 0x0000000087e00000| Untracked 
|  73|0x0000000087f00000, 0x0000000087f00000, 0x0000000088000000|  0%| F|  |TAMS 0x0000000087f00000, 0x0000000087f00000| Untracked 
|  74|0x0000000088000000, 0x0000000088000000, 0x0000000088100000|  0%| F|  |TAMS 0x0000000088000000, 0x0000000088000000| Untracked 
|  75|0x0000000088100000, 0x0000000088100000, 0x0000000088200000|  0%| F|  |TAMS 0x0000000088100000, 0x0000000088100000| Untracked 
|  76|0x0000000088200000, 0x0000000088200000, 0x0000000088300000|  0%| F|  |TAMS 0x0000000088200000, 0x0000000088200000| Untracked 
|  77|0x0000000088300000, 0x0000000088300000, 0x0000000088400000|  0%| F|  |TAMS 0x0000000088300000, 0x0000000088300000| Untracked 
|  78|0x0000000088400000, 0x0000000088400000, 0x0000000088500000|  0%| F|  |TAMS 0x0000000088400000, 0x0000000088400000| Untracked 
|  79|0x0000000088500000, 0x0000000088500000, 0x0000000088600000|  0%| F|  |TAMS 0x0000000088500000, 0x0000000088500000| Untracked 
|  80|0x0000000088600000, 0x0000000088600000, 0x0000000088700000|  0%| F|  |TAMS 0x0000000088600000, 0x0000000088600000| Untracked 
|  81|0x0000000088700000, 0x0000000088700000, 0x0000000088800000|  0%| F|  |TAMS 0x0000000088700000, 0x0000000088700000| Untracked 
|  82|0x0000000088800000, 0x0000000088800000, 0x0000000088900000|  0%| F|  |TAMS 0x0000000088800000, 0x0000000088800000| Untracked 
|  83|0x0000000088900000, 0x0000000088900000, 0x0000000088a00000|  0%| F|  |TAMS 0x0000000088900000, 0x0000000088900000| Untracked 
|  84|0x0000000088a00000, 0x0000000088a00000, 0x0000000088b00000|  0%| F|  |TAMS 0x0000000088a00000, 0x0000000088a00000| Untracked 
|  85|0x0000000088b00000, 0x0000000088b00000, 0x0000000088c00000|  0%| F|  |TAMS 0x0000000088b00000, 0x0000000088b00000| Untracked 
|  86|0x0000000088c00000, 0x0000000088c00000, 0x0000000088d00000|  0%| F|  |TAMS 0x0000000088c00000, 0x0000000088c00000| Untracked 
|  87|0x0000000088d00000, 0x0000000088d00000, 0x0000000088e00000|  0%| F|  |TAMS 0x0000000088d00000, 0x0000000088d00000| Untracked 
|  88|0x0000000088e00000, 0x0000000088e00000, 0x0000000088f00000|  0%| F|  |TAMS 0x0000000088e00000, 0x0000000088e00000| Untracked 
|  89|0x0000000088f00000, 0x0000000088f00000, 0x0000000089000000|  0%| F|  |TAMS 0x0000000088f00000, 0x0000000088f00000| Untracked 
|  90|0x0000000089000000, 0x0000000089000000, 0x0000000089100000|  0%| F|  |TAMS 0x0000000089000000, 0x0000000089000000| Untracked 
|  91|0x0000000089100000, 0x0000000089100000, 0x0000000089200000|  0%| F|  |TAMS 0x0000000089100000, 0x0000000089100000| Untracked 
|  92|0x0000000089200000, 0x0000000089200000, 0x0000000089300000|  0%| F|  |TAMS 0x0000000089200000, 0x0000000089200000| Untracked 
|  93|0x0000000089300000, 0x0000000089300000, 0x0000000089400000|  0%| F|  |TAMS 0x0000000089300000, 0x0000000089300000| Untracked 
|  94|0x0000000089400000, 0x0000000089400000, 0x0000000089500000|  0%| F|  |TAMS 0x0000000089400000, 0x0000000089400000| Untracked 
|  95|0x0000000089500000, 0x0000000089500000, 0x0000000089600000|  0%| F|  |TAMS 0x0000000089500000, 0x0000000089500000| Untracked 
|  96|0x0000000089600000, 0x0000000089600000, 0x0000000089700000|  0%| F|  |TAMS 0x0000000089600000, 0x0000000089600000| Untracked 
|  97|0x0000000089700000, 0x0000000089700000, 0x0000000089800000|  0%| F|  |TAMS 0x0000000089700000, 0x0000000089700000| Untracked 
|  98|0x0000000089800000, 0x0000000089800000, 0x0000000089900000|  0%| F|  |TAMS 0x0000000089800000, 0x0000000089800000| Untracked 
|  99|0x0000000089900000, 0x0000000089900000, 0x0000000089a00000|  0%| F|  |TAMS 0x0000000089900000, 0x0000000089900000| Untracked 
| 100|0x0000000089a00000, 0x0000000089a00000, 0x0000000089b00000|  0%| F|  |TAMS 0x0000000089a00000, 0x0000000089a00000| Untracked 
| 101|0x0000000089b00000, 0x0000000089b00000, 0x0000000089c00000|  0%| F|  |TAMS 0x0000000089b00000, 0x0000000089b00000| Untracked 
| 102|0x0000000089c00000, 0x0000000089c00000, 0x0000000089d00000|  0%| F|  |TAMS 0x0000000089c00000, 0x0000000089c00000| Untracked 
| 103|0x0000000089d00000, 0x0000000089d00000, 0x0000000089e00000|  0%| F|  |TAMS 0x0000000089d00000, 0x0000000089d00000| Untracked 
| 104|0x0000000089e00000, 0x0000000089e00000, 0x0000000089f00000|  0%| F|  |TAMS 0x0000000089e00000, 0x0000000089e00000| Untracked 
| 105|0x0000000089f00000, 0x0000000089f00000, 0x000000008a000000|  0%| F|  |TAMS 0x0000000089f00000, 0x0000000089f00000| Untracked 
| 106|0x000000008a000000, 0x000000008a000000, 0x000000008a100000|  0%| F|  |TAMS 0x000000008a000000, 0x000000008a000000| Untracked 
| 107|0x000000008a100000, 0x000000008a100000, 0x000000008a200000|  0%| F|  |TAMS 0x000000008a100000, 0x000000008a100000| Untracked 
| 108|0x000000008a200000, 0x000000008a200000, 0x000000008a300000|  0%| F|  |TAMS 0x000000008a200000, 0x000000008a200000| Untracked 
| 109|0x000000008a300000, 0x000000008a300000, 0x000000008a400000|  0%| F|  |TAMS 0x000000008a300000, 0x000000008a300000| Untracked 
| 110|0x000000008a400000, 0x000000008a400000, 0x000000008a500000|  0%| F|  |TAMS 0x000000008a400000, 0x000000008a400000| Untracked 
| 111|0x000000008a500000, 0x000000008a500000, 0x000000008a600000|  0%| F|  |TAMS 0x000000008a500000, 0x000000008a500000| Untracked 
| 112|0x000000008a600000, 0x000000008a600000, 0x000000008a700000|  0%| F|  |TAMS 0x000000008a600000, 0x000000008a600000| Untracked 
| 113|0x000000008a700000, 0x000000008a700000, 0x000000008a800000|  0%| F|  |TAMS 0x000000008a700000, 0x000000008a700000| Untracked 
| 114|0x000000008a800000, 0x000000008a800000, 0x000000008a900000|  0%| F|  |TAMS 0x000000008a800000, 0x000000008a800000| Untracked 
| 115|0x000000008a900000, 0x000000008a900000, 0x000000008aa00000|  0%| F|  |TAMS 0x000000008a900000, 0x000000008a900000| Untracked 
| 116|0x000000008aa00000, 0x000000008aa00000, 0x000000008ab00000|  0%| F|  |TAMS 0x000000008aa00000, 0x000000008aa00000| Untracked 
| 117|0x000000008ab00000, 0x000000008ab00000, 0x000000008ac00000|  0%| F|  |TAMS 0x000000008ab00000, 0x000000008ab00000| Untracked 
| 118|0x000000008ac00000, 0x000000008ac00000, 0x000000008ad00000|  0%| F|  |TAMS 0x000000008ac00000, 0x000000008ac00000| Untracked 
| 119|0x000000008ad00000, 0x000000008adb50b8, 0x000000008ae00000| 70%| E|  |TAMS 0x000000008ad00000, 0x000000008ad00000| Complete 
| 120|0x000000008ae00000, 0x000000008af00000, 0x000000008af00000|100%| E|CS|TAMS 0x000000008ae00000, 0x000000008ae00000| Complete 
| 121|0x000000008af00000, 0x000000008af39890, 0x000000008b000000| 22%| S|CS|TAMS 0x000000008af00000, 0x000000008af00000| Complete 
| 122|0x000000008b000000, 0x000000008b100000, 0x000000008b100000|100%| E|CS|TAMS 0x000000008b000000, 0x000000008b000000| Complete 
| 123|0x000000008b100000, 0x000000008b200000, 0x000000008b200000|100%| E|CS|TAMS 0x000000008b100000, 0x000000008b100000| Complete 
| 124|0x000000008b200000, 0x000000008b300000, 0x000000008b300000|100%| E|CS|TAMS 0x000000008b200000, 0x000000008b200000| Complete 
| 125|0x000000008b300000, 0x000000008b400000, 0x000000008b400000|100%| E|CS|TAMS 0x000000008b300000, 0x000000008b300000| Complete 
| 126|0x000000008b400000, 0x000000008b500000, 0x000000008b500000|100%| E|CS|TAMS 0x000000008b400000, 0x000000008b400000| Complete 
| 127|0x000000008b500000, 0x000000008b600000, 0x000000008b600000|100%| E|CS|TAMS 0x000000008b500000, 0x000000008b500000| Complete 
| 128|0x000000008b600000, 0x000000008b700000, 0x000000008b700000|100%| E|CS|TAMS 0x000000008b600000, 0x000000008b600000| Complete 
| 129|0x000000008b700000, 0x000000008b800000, 0x000000008b800000|100%| E|CS|TAMS 0x000000008b700000, 0x000000008b700000| Complete 
| 130|0x000000008b800000, 0x000000008b900000, 0x000000008b900000|100%| E|CS|TAMS 0x000000008b800000, 0x000000008b800000| Complete 

Card table byte_map: [0x000001d3bcac0000,0x000001d3bceb0000] _byte_map_base: 0x000001d3bc6a5000

Marking Bits (Prev, Next): (CMBitMap*) 0x000001d3afff6d40, (CMBitMap*) 0x000001d3afff6d00
 Prev Bits: [0x000001d3bf1d0000, 0x000001d3c10f8000)
 Next Bits: [0x000001d3bd2a0000, 0x000001d3bf1c8000)

Polling page: 0x000001d3b0050000

Metaspace:

Usage:
  Non-class:     76.48 MB used.
      Class:     13.15 MB used.
       Both:     89.63 MB used.

Virtual space:
  Non-class space:       80.00 MB reserved,      76.75 MB ( 96%) committed,  10 nodes.
      Class space:        1.00 GB reserved,      13.44 MB (  1%) committed,  1 nodes.
             Both:        1.08 GB reserved,      90.19 MB (  8%) committed. 

Chunk freelists:
   Non-Class:  3.00 MB
       Class:  2.60 MB
        Both:  5.60 MB

MaxMetaspaceSize: unlimited
CompressedClassSpaceSize: 1.00 GB
Initial GC threshold: 21.00 MB
Current GC threshold: 142.81 MB
CDS: on
MetaspaceReclaimPolicy: balanced
 - commit_granule_bytes: 65536.
 - commit_granule_words: 8192.
 - virtual_space_node_default_size: 1048576.
 - enlarge_chunks_in_place: 1.
 - new_chunks_are_fully_committed: 0.
 - uncommit_free_chunks: 1.
 - use_allocation_guard: 0.
 - handle_deallocations: 1.


Internal statistics:

num_allocs_failed_limit: 13.
num_arena_births: 1068.
num_arena_deaths: 316.
num_vsnodes_births: 11.
num_vsnodes_deaths: 0.
num_space_committed: 1443.
num_space_uncommitted: 0.
num_chunks_returned_to_freelist: 386.
num_chunks_taken_from_freelist: 4522.
num_chunk_merges: 137.
num_chunk_splits: 3195.
num_chunks_enlarged: 2527.
num_purges: 2.
num_inconsistent_stats: 0.

CodeCache: size=49152Kb used=12719Kb max_used=13384Kb free=36432Kb
 bounds [0x000001d3b8de0000, 0x000001d3b9b00000, 0x000001d3bbde0000]
 total_blobs=7893 nmethods=7164 adapters=656
 compilation: enabled
              stopped_count=0, restarted_count=0
 full_count=0

Compilation events (20 events):
Event: 409.045 Thread 0x000001d3c3bc7440 nmethod 7155 0x000001d3b8f29110 code [0x000001d3b8f292a0, 0x000001d3b8f29488]
Event: 409.045 Thread 0x000001d3c3bc7440 7156   !   1       sun.nio.ch.NioSocketImpl::tryWrite (78 bytes)
Event: 409.045 Thread 0x000001d3c3bc7440 nmethod 7156 0x000001d3b8f28a90 code [0x000001d3b8f28c60, 0x000001d3b8f28eb8]
Event: 409.045 Thread 0x000001d3c3bc7440 7157   !   1       sun.nio.ch.NioSocketImpl::endWrite (58 bytes)
Event: 409.046 Thread 0x000001d3c3bc7440 nmethod 7157 0x000001d3b8f28490 code [0x000001d3b8f28640, 0x000001d3b8f288f8]
Event: 409.047 Thread 0x000001d3c3bc7440 7158       1       java.lang.Integer::toString (55 bytes)
Event: 409.048 Thread 0x000001d3c3bc7440 nmethod 7158 0x000001d3b8f27f90 code [0x000001d3b8f28140, 0x000001d3b8f28378]
Event: 409.048 Thread 0x000001d3c3bc7440 7159       1       java.time.temporal.ValueRange::checkValidValue (24 bytes)
Event: 409.048 Thread 0x000001d3c3bc7440 nmethod 7159 0x000001d3b8f27b10 code [0x000001d3b8f27cc0, 0x000001d3b8f27e98]
Event: 412.066 Thread 0x000001d3c3bc7440 7160       1       org.apache.hc.core5.http.message.BasicListHeaderIterator::<init> (37 bytes)
Event: 412.066 Thread 0x000001d3c3bc7440 nmethod 7160 0x000001d3b8f27590 code [0x000001d3b8f27740, 0x000001d3b8f279f8]
Event: 412.081 Thread 0x000001d3c3bc7440 7161       1       org.springframework.util.LinkedCaseInsensitiveMap$1::<init> (12 bytes)
Event: 412.082 Thread 0x000001d3c3bc7440 nmethod 7161 0x000001d3b8f27210 code [0x000001d3b8f273a0, 0x000001d3b8f274e8]
Event: 412.082 Thread 0x000001d3c3bc7440 7162       1       java.time.Instant::getNano (5 bytes)
Event: 412.082 Thread 0x000001d3c3bc7440 nmethod 7162 0x000001d3b8f26f10 code [0x000001d3b8f270a0, 0x000001d3b8f27178]
Event: 412.093 Thread 0x000001d3c3bc7440 7163       1       java.lang.invoke.LambdaForm$Name::<init> (9 bytes)
Event: 412.093 Thread 0x000001d3c3bc7440 nmethod 7163 0x000001d3b8f26c10 code [0x000001d3b8f26da0, 0x000001d3b8f26e88]
Event: 412.094 Thread 0x000001d3c3bc7440 7164       1       org.apache.juli.logging.DirectJDKLog::isDebugEnabled (11 bytes)
Event: 412.095 Thread 0x000001d3c3bc7440 nmethod 7164 0x000001d3b8f26810 code [0x000001d3b8f269a0, 0x000001d3b8f26ab8]
Event: 412.095 Thread 0x000001d3c3bc7440 7165  s    1       org.apache.catalina.util.LifecycleBase::setStateInternal (144 bytes)

GC Heap History (20 events):
Event: 8.411 GC heap before
{Heap before GC invocations=18 (full 0):
 garbage-first heap   total 86016K, used 69742K [0x0000000083600000, 0x0000000100000000)
  region size 1024K, 33 young (33792K), 2 survivors (2048K)
 Metaspace       used 67451K, committed 67968K, reserved 1114112K
  class space    used 9763K, committed 9984K, reserved 1048576K
}
Event: 8.416 GC heap after
{Heap after GC invocations=19 (full 0):
 garbage-first heap   total 86016K, used 39005K [0x0000000083600000, 0x0000000100000000)
  region size 1024K, 3 young (3072K), 3 survivors (3072K)
 Metaspace       used 67451K, committed 67968K, reserved 1114112K
  class space    used 9763K, committed 9984K, reserved 1048576K
}
Event: 9.470 GC heap before
{Heap before GC invocations=19 (full 0):
 garbage-first heap   total 86016K, used 69725K [0x0000000083600000, 0x0000000100000000)
  region size 1024K, 33 young (33792K), 3 survivors (3072K)
 Metaspace       used 71997K, committed 72640K, reserved 1114112K
  class space    used 10383K, committed 10688K, reserved 1048576K
}
Event: 9.478 GC heap after
{Heap after GC invocations=20 (full 0):
 garbage-first heap   total 86016K, used 41973K [0x0000000083600000, 0x0000000100000000)
  region size 1024K, 5 young (5120K), 5 survivors (5120K)
 Metaspace       used 71997K, committed 72640K, reserved 1114112K
  class space    used 10383K, committed 10688K, reserved 1048576K
}
Event: 10.261 GC heap before
{Heap before GC invocations=20 (full 0):
 garbage-first heap   total 86016K, used 69621K [0x0000000083600000, 0x0000000100000000)
  region size 1024K, 32 young (32768K), 5 survivors (5120K)
 Metaspace       used 75303K, committed 75904K, reserved 1114112K
  class space    used 10857K, committed 11136K, reserved 1048576K
}
Event: 10.270 GC heap after
{Heap after GC invocations=21 (full 0):
 garbage-first heap   total 86016K, used 44278K [0x0000000083600000, 0x0000000100000000)
  region size 1024K, 3 young (3072K), 3 survivors (3072K)
 Metaspace       used 75303K, committed 75904K, reserved 1114112K
  class space    used 10857K, committed 11136K, reserved 1048576K
}
Event: 11.293 GC heap before
{Heap before GC invocations=21 (full 0):
 garbage-first heap   total 86016K, used 68854K [0x0000000083600000, 0x0000000100000000)
  region size 1024K, 28 young (28672K), 3 survivors (3072K)
 Metaspace       used 78596K, committed 79232K, reserved 1122304K
  class space    used 11346K, committed 11648K, reserved 1048576K
}
Event: 11.299 GC heap after
{Heap after GC invocations=22 (full 0):
 garbage-first heap   total 86016K, used 47178K [0x0000000083600000, 0x0000000100000000)
  region size 1024K, 4 young (4096K), 4 survivors (4096K)
 Metaspace       used 78596K, committed 79232K, reserved 1122304K
  class space    used 11346K, committed 11648K, reserved 1048576K
}
Event: 70.381 GC heap before
{Heap before GC invocations=23 (full 0):
 garbage-first heap   total 86016K, used 68682K [0x0000000083600000, 0x0000000100000000)
  region size 1024K, 25 young (25600K), 4 survivors (4096K)
 Metaspace       used 82379K, committed 83072K, reserved 1122304K
  class space    used 11908K, committed 12224K, reserved 1048576K
}
Event: 70.387 GC heap after
{Heap after GC invocations=24 (full 0):
 garbage-first heap   total 86016K, used 48741K [0x0000000083600000, 0x0000000100000000)
  region size 1024K, 2 young (2048K), 2 survivors (2048K)
 Metaspace       used 82379K, committed 83072K, reserved 1122304K
  class space    used 11908K, committed 12224K, reserved 1048576K
}
Event: 70.443 GC heap before
{Heap before GC invocations=24 (full 0):
 garbage-first heap   total 86016K, used 49765K [0x0000000083600000, 0x0000000100000000)
  region size 1024K, 4 young (4096K), 2 survivors (2048K)
 Metaspace       used 82860K, committed 83520K, reserved 1122304K
  class space    used 11972K, committed 12288K, reserved 1048576K
}
Event: 70.447 GC heap after
{Heap after GC invocations=25 (full 0):
 garbage-first heap   total 86016K, used 48493K [0x0000000083600000, 0x0000000100000000)
  region size 1024K, 1 young (1024K), 1 survivors (1024K)
 Metaspace       used 82860K, committed 83520K, reserved 1122304K
  class space    used 11972K, committed 12288K, reserved 1048576K
}
Event: 70.809 GC heap before
{Heap before GC invocations=25 (full 0):
 garbage-first heap   total 86016K, used 68973K [0x0000000083600000, 0x0000000100000000)
  region size 1024K, 22 young (22528K), 1 survivors (1024K)
 Metaspace       used 86656K, committed 87296K, reserved 1130496K
  class space    used 12670K, committed 12992K, reserved 1048576K
}
Event: 70.812 GC heap after
{Heap after GC invocations=26 (full 0):
 garbage-first heap   total 86016K, used 50052K [0x0000000083600000, 0x0000000100000000)
  region size 1024K, 2 young (2048K), 2 survivors (2048K)
 Metaspace       used 86656K, committed 87296K, reserved 1130496K
  class space    used 12670K, committed 12992K, reserved 1048576K
}
Event: 76.203 GC heap before
{Heap before GC invocations=27 (full 0):
 garbage-first heap   total 87040K, used 69508K [0x0000000083600000, 0x0000000100000000)
  region size 1024K, 22 young (22528K), 2 survivors (2048K)
 Metaspace       used 91154K, committed 91712K, reserved 1130496K
  class space    used 13353K, committed 13632K, reserved 1048576K
}
Event: 76.210 GC heap after
{Heap after GC invocations=28 (full 0):
 garbage-first heap   total 87040K, used 51365K [0x0000000083600000, 0x0000000100000000)
  region size 1024K, 2 young (2048K), 2 survivors (2048K)
 Metaspace       used 91154K, committed 91712K, reserved 1130496K
  class space    used 13353K, committed 13632K, reserved 1048576K
}
Event: 76.304 GC heap before
{Heap before GC invocations=28 (full 0):
 garbage-first heap   total 87040K, used 53413K [0x0000000083600000, 0x0000000100000000)
  region size 1024K, 4 young (4096K), 2 survivors (2048K)
 Metaspace       used 91498K, committed 92096K, reserved 1130496K
  class space    used 13412K, committed 13696K, reserved 1048576K
}
Event: 76.316 GC heap after
{Heap after GC invocations=29 (full 0):
 garbage-first heap   total 87040K, used 46640K [0x0000000083600000, 0x0000000100000000)
  region size 1024K, 1 young (1024K), 1 survivors (1024K)
 Metaspace       used 91498K, committed 92096K, reserved 1130496K
  class space    used 13412K, committed 13696K, reserved 1048576K
}
Event: 187.372 GC heap before
{Heap before GC invocations=29 (full 0):
 garbage-first heap   total 87040K, used 49712K [0x0000000083600000, 0x0000000100000000)
  region size 1024K, 4 young (4096K), 1 survivors (1024K)
 Metaspace       used 91563K, committed 92160K, reserved 1130496K
  class space    used 13419K, committed 13696K, reserved 1048576K
}
Event: 187.381 GC heap after
{Heap after GC invocations=30 (full 0):
 garbage-first heap   total 134144K, used 45192K [0x0000000083600000, 0x0000000100000000)
  region size 1024K, 1 young (1024K), 1 survivors (1024K)
 Metaspace       used 91563K, committed 92160K, reserved 1130496K
  class space    used 13419K, committed 13696K, reserved 1048576K
}

Deoptimization events (16 events):
Event: 1.877 Thread 0x000001d3c5867ad0 DEOPT PACKING pc=0x000001d3b9460e99 sp=0x00000088f4dfc8b0
Event: 1.877 Thread 0x000001d3c5867ad0 DEOPT UNPACKING pc=0x000001d3b8e366e3 sp=0x00000088f4dfbd90 mode 3
Event: 2.161 Thread 0x000001d3c5867ad0 DEOPT PACKING pc=0x000001d3b9498755 sp=0x00000088f4dfced0
Event: 2.161 Thread 0x000001d3c5867ad0 DEOPT UNPACKING pc=0x000001d3b8e366e3 sp=0x00000088f4dfc378 mode 3
Event: 4.271 Thread 0x000001d3c5867ad0 DEOPT PACKING pc=0x000001d3b964c734 sp=0x00000088f4dfb0a0
Event: 4.271 Thread 0x000001d3c5867ad0 DEOPT UNPACKING pc=0x000001d3b8e366e3 sp=0x00000088f4dfa628 mode 0
Event: 4.271 Thread 0x000001d3c5867ad0 DEOPT PACKING pc=0x000001d3b95efeec sp=0x00000088f4dfb280
Event: 4.271 Thread 0x000001d3c5867ad0 DEOPT UNPACKING pc=0x000001d3b8e366e3 sp=0x00000088f4dfa740 mode 0
Event: 4.561 Thread 0x000001d3c5867ad0 DEOPT PACKING pc=0x000001d3b970571d sp=0x00000088f4dfc820
Event: 4.561 Thread 0x000001d3c5867ad0 DEOPT UNPACKING pc=0x000001d3b8e366e3 sp=0x00000088f4dfbd88 mode 3
Event: 9.841 Thread 0x000001d3c5867ad0 DEOPT PACKING pc=0x000001d3b99e4f99 sp=0x00000088f4df5460
Event: 9.841 Thread 0x000001d3c5867ad0 DEOPT UNPACKING pc=0x000001d3b8e366e3 sp=0x00000088f4df4940 mode 3
Event: 76.712 Thread 0x000001d3c58a6f90 DEOPT PACKING pc=0x000001d3b9232ccc sp=0x00000088f50fefb0
Event: 76.712 Thread 0x000001d3c58a6f90 DEOPT UNPACKING pc=0x000001d3b8e366e3 sp=0x00000088f50fe4b0 mode 0
Event: 78.721 Thread 0x000001d3c58a6ac0 DEOPT PACKING pc=0x000001d3b9232ccc sp=0x00000088f52ff2f0
Event: 78.721 Thread 0x000001d3c58a6ac0 DEOPT UNPACKING pc=0x000001d3b8e366e3 sp=0x00000088f52fe7f0 mode 0

Classes unloaded (20 events):
Event: 70.870 Thread 0x000001d3c3ba5360 Unloading class 0x0000000800cad400 'java/lang/invoke/LambdaForm$MH+0x0000000800cad400'
Event: 70.870 Thread 0x000001d3c3ba5360 Unloading class 0x0000000800cad000 'java/lang/invoke/LambdaForm$MH+0x0000000800cad000'
Event: 70.870 Thread 0x000001d3c3ba5360 Unloading class 0x0000000800cacc00 'java/lang/invoke/LambdaForm$MH+0x0000000800cacc00'
Event: 70.870 Thread 0x000001d3c3ba5360 Unloading class 0x0000000800cac400 'java/lang/invoke/LambdaForm$MH+0x0000000800cac400'
Event: 70.870 Thread 0x000001d3c3ba5360 Unloading class 0x0000000800cac000 'java/lang/invoke/LambdaForm$MH+0x0000000800cac000'
Event: 70.870 Thread 0x000001d3c3ba5360 Unloading class 0x0000000800c82c00 'java/lang/invoke/LambdaForm$MH+0x0000000800c82c00'
Event: 70.870 Thread 0x000001d3c3ba5360 Unloading class 0x0000000800c82800 'java/lang/invoke/LambdaForm$MH+0x0000000800c82800'
Event: 70.870 Thread 0x000001d3c3ba5360 Unloading class 0x0000000800c82400 'java/lang/invoke/LambdaForm$MH+0x0000000800c82400'
Event: 70.870 Thread 0x000001d3c3ba5360 Unloading class 0x0000000800c82000 'java/lang/invoke/LambdaForm$MH+0x0000000800c82000'
Event: 70.870 Thread 0x000001d3c3ba5360 Unloading class 0x0000000800c81c00 'java/lang/invoke/LambdaForm$MH+0x0000000800c81c00'
Event: 70.870 Thread 0x000001d3c3ba5360 Unloading class 0x0000000800c81800 'java/lang/invoke/LambdaForm$MH+0x0000000800c81800'
Event: 70.870 Thread 0x000001d3c3ba5360 Unloading class 0x0000000800c80800 'jdk/internal/reflect/GeneratedSerializationConstructorAccessor3'
Event: 70.870 Thread 0x000001d3c3ba5360 Unloading class 0x0000000800c80400 'jdk/internal/reflect/GeneratedSerializationConstructorAccessor2'
Event: 70.870 Thread 0x000001d3c3ba5360 Unloading class 0x0000000800c80000 'jdk/internal/reflect/GeneratedSerializationConstructorAccessor1'
Event: 70.870 Thread 0x000001d3c3ba5360 Unloading class 0x0000000800c08800 'java/lang/invoke/LambdaForm$DMH+0x0000000800c08800'
Event: 70.870 Thread 0x000001d3c3ba5360 Unloading class 0x0000000800c08000 'java/lang/invoke/LambdaForm$DMH+0x0000000800c08000'
Event: 70.870 Thread 0x000001d3c3ba5360 Unloading class 0x0000000800c07400 'jdk/internal/reflect/GeneratedConstructorAccessor1'
Event: 70.870 Thread 0x000001d3c3ba5360 Unloading class 0x0000000800c04400 'java/lang/invoke/LambdaForm$MH+0x0000000800c04400'
Event: 70.870 Thread 0x000001d3c3ba5360 Unloading class 0x0000000800c04000 'java/lang/invoke/LambdaForm$MH+0x0000000800c04000'
Event: 70.870 Thread 0x000001d3c3ba5360 Unloading class 0x0000000800c03800 'java/lang/invoke/LambdaForm$MH+0x0000000800c03800'

Classes redefined (0 events):
No events

Internal exceptions (20 events):
Event: 71.028 Thread 0x000001d3c88d0a20 Exception <a 'java/lang/NoSuchMethodError'{0x000000008ae4f7a0}: 'java.lang.Object java.lang.invoke.DirectMethodHandle$Holder.newInvokeSpecial(java.lang.Object, java.lang.Object, int, int)'> (0x000000008ae4f7a0) 
thrown [s\open\src\hotspot\share\interpreter\linkResolver.cpp, line 759]
Event: 71.029 Thread 0x000001d3c88d0a20 Exception <a 'java/lang/NoSuchMethodError'{0x000000008ae53de8}: 'java.lang.Object java.lang.invoke.DirectMethodHandle$Holder.invokeSpecial(java.lang.Object, java.lang.Object, java.lang.Object, int, int)'> (0x000000008ae53de8) 
thrown [s\open\src\hotspot\share\interpreter\linkResolver.cpp, line 759]
Event: 71.039 Thread 0x000001d3c88d0a20 Exception <a 'java/lang/NoSuchMethodError'{0x000000008aea69c8}: 'void java.lang.invoke.DirectMethodHandle$Holder.invokeStatic(java.lang.Object, java.lang.Object, int, int, java.lang.Object)'> (0x000000008aea69c8) 
thrown [s\open\src\hotspot\share\interpreter\linkResolver.cpp, line 759]
Event: 71.046 Thread 0x000001d3c88d0a20 Exception <a 'java/lang/NoSuchMethodError'{0x000000008aee5aa0}: 'void java.lang.invoke.DirectMethodHandle$Holder.invokeSpecialIFC(java.lang.Object, java.lang.Object, int, java.lang.Object, java.lang.Object, java.lang.Object, java.lang.Object)'> (0x000000008aee5aa0) 
thrown [s\open\src\hotspot\share\interpreter\linkResolver.cpp, line 759]
Event: 75.962 Thread 0x000001d3c88d1d60 Exception <a 'java/lang/NoSuchMethodError'{0x0000000087db2380}: 'void java.lang.invoke.Invokers$Holder.invokeExact_MT(java.lang.Object, java.lang.Object, java.lang.Object, java.lang.Object)'> (0x0000000087db2380) 
thrown [s\open\src\hotspot\share\interpreter\linkResolver.cpp, line 759]
Event: 76.008 Thread 0x000001d3c88d1d60 Exception <a 'java/lang/reflect/InvocationTargetException'{0x0000000087b1c160}> (0x0000000087b1c160) 
thrown [s\open\src\hotspot\share\runtime\reflection.cpp, line 1121]
Event: 76.107 Thread 0x000001d3c88d1d60 Exception <a 'java/lang/NoSuchMethodError'{0x000000008780b630}: 'int java.lang.invoke.DirectMethodHandle$Holder.invokeStatic(java.lang.Object, java.lang.Object, java.lang.Object, java.lang.Object, java.lang.Object)'> (0x000000008780b630) 
thrown [s\open\src\hotspot\share\interpreter\linkResolver.cpp, line 759]
Event: 76.201 Thread 0x000001d3c88d1d60 Exception <a 'java/lang/reflect/InvocationTargetException'{0x00000000877fd5a0}> (0x00000000877fd5a0) 
thrown [s\open\src\hotspot\share\runtime\reflection.cpp, line 1121]
Event: 301.119 Thread 0x000001d3c5868670 Exception <a 'java/lang/NoSuchMethodError'{0x000000008b5f16e8}: static [B.<clinit>()V> (0x000000008b5f16e8) 
thrown [s\open\src\hotspot\share\prims\jni.cpp, line 1107]
Event: 313.452 Thread 0x000001d3c88d48b0 Exception <a 'java/lang/reflect/InvocationTargetException'{0x000000008b4597f8}> (0x000000008b4597f8) 
thrown [s\open\src\hotspot\share\runtime\reflection.cpp, line 1121]
Event: 408.830 Thread 0x000001d3c88013c0 Exception <a 'java/lang/NoSuchMethodError'{0x000000008b1cc718}: 'java.lang.Object java.lang.invoke.DirectMethodHandle$Holder.newInvokeSpecial(java.lang.Object, java.lang.Object, java.lang.Object, java.lang.Object, int)'> (0x000000008b1cc718) 
thrown [s\open\src\hotspot\share\interpreter\linkResolver.cpp, line 759]
Event: 408.830 Thread 0x000001d3c88013c0 Exception <a 'java/lang/NoSuchMethodError'{0x000000008b1d06b0}: 'java.lang.Object java.lang.invoke.DirectMethodHandle$Holder.invokeSpecial(java.lang.Object, java.lang.Object, java.lang.Object, java.lang.Object, java.lang.Object, int)'> (0x000000008b1d06b0) 
thrown [s\open\src\hotspot\share\interpreter\linkResolver.cpp, line 759]
Event: 408.831 Thread 0x000001d3c88013c0 Exception <a 'java/lang/NoSuchMethodError'{0x000000008b1d4050}: 'java.lang.Object java.lang.invoke.Invokers$Holder.linkToTargetMethod(java.lang.Object, java.lang.Object, java.lang.Object, int, java.lang.Object)'> (0x000000008b1d4050) 
thrown [s\open\src\hotspot\share\interpreter\linkResolver.cpp, line 759]
Event: 409.042 Thread 0x000001d3c8802700 Exception <a 'java/io/IOException'{0x000000008aed3b68}> (0x000000008aed3b68) 
thrown [s\open\src\hotspot\share\prims\jni.cpp, line 516]
Event: 409.044 Thread 0x000001d3c8802700 Exception <a 'java/io/IOException'{0x000000008aedde30}> (0x000000008aedde30) 
thrown [s\open\src\hotspot\share\prims\jni.cpp, line 516]
Event: 409.044 Thread 0x000001d3c8802700 Exception <a 'java/io/IOException'{0x000000008aee0cc8}> (0x000000008aee0cc8) 
thrown [s\open\src\hotspot\share\prims\jni.cpp, line 516]
Event: 409.045 Thread 0x000001d3c8802700 Exception <a 'java/io/IOException'{0x000000008aee3b60}> (0x000000008aee3b60) 
thrown [s\open\src\hotspot\share\prims\jni.cpp, line 516]
Event: 409.045 Thread 0x000001d3c8802700 Exception <a 'java/io/IOException'{0x000000008aee69f8}> (0x000000008aee69f8) 
thrown [s\open\src\hotspot\share\prims\jni.cpp, line 516]
Event: 409.046 Thread 0x000001d3c8802700 Exception <a 'java/io/IOException'{0x000000008aee9988}> (0x000000008aee9988) 
thrown [s\open\src\hotspot\share\prims\jni.cpp, line 516]
Event: 412.094 Thread 0x000001d3c58a7930 Exception <a 'java/lang/InterruptedException'{0x000000008ad85460}: sleep interrupted> (0x000000008ad85460) 
thrown [s\open\src\hotspot\share\prims\jvm.cpp, line 3070]

VM Operations (20 events):
Event: 342.549 Executing VM operation: Cleanup done
Event: 361.698 Executing VM operation: Cleanup
Event: 361.698 Executing VM operation: Cleanup done
Event: 372.787 Executing VM operation: Cleanup
Event: 372.787 Executing VM operation: Cleanup done
Event: 402.029 Executing VM operation: Cleanup
Event: 402.030 Executing VM operation: Cleanup done
Event: 409.077 Executing VM operation: Cleanup
Event: 409.077 Executing VM operation: Cleanup done
Event: 412.089 Executing VM operation: Cleanup
Event: 412.090 Executing VM operation: Cleanup done
Event: 412.090 Executing VM operation: ThreadDump
Event: 412.090 Executing VM operation: ThreadDump done
Event: 412.090 Executing VM operation: ThreadDump
Event: 412.090 Executing VM operation: ThreadDump done
Event: 412.090 Executing VM operation: ThreadDump
Event: 412.091 Executing VM operation: ThreadDump done
Event: 412.091 Executing VM operation: ThreadDump
Event: 412.091 Executing VM operation: ThreadDump done
Event: 412.095 Executing VM operation: G1CollectFull

Events (20 events):
Event: 409.040 loading class sun/security/ssl/Alert done
Event: 409.040 loading class sun/security/ssl/Alert$AlertConsumer
Event: 409.041 loading class sun/security/ssl/Alert$AlertConsumer done
Event: 409.041 loading class sun/security/ssl/Alert$Level
Event: 409.041 loading class sun/security/ssl/Alert$Level done
Event: 409.047 Thread 0x000001d3c8802700 Thread exited: 0x000001d3c8802700
Event: 412.059 Thread 0x000001d3c88cf210 Thread exited: 0x000001d3c88cf210
Event: 412.059 Thread 0x000001d3c88cded0 Thread exited: 0x000001d3c88cded0
Event: 412.059 Thread 0x000001d3c88d3f10 Thread exited: 0x000001d3c88d3f10
Event: 412.059 Thread 0x000001d3c88cd530 Thread exited: 0x000001d3c88cd530
Event: 412.059 Thread 0x000001d3c88ce870 Thread exited: 0x000001d3c88ce870
Event: 412.082 Thread 0x000001d3c88d43e0 Thread exited: 0x000001d3c88d43e0
Event: 412.082 Thread 0x000001d3c88ced40 Thread exited: 0x000001d3c88ced40
Event: 412.091 loading class java/util/WeakHashMap$KeyIterator
Event: 412.092 loading class java/util/WeakHashMap$HashIterator
Event: 412.092 loading class java/util/WeakHashMap$HashIterator done
Event: 412.092 loading class java/util/WeakHashMap$KeyIterator done
Event: 412.094 Thread 0x000001d3c58a6f90 Thread exited: 0x000001d3c58a6f90
Event: 412.094 Thread 0x000001d3c58a6ac0 Thread exited: 0x000001d3c58a6ac0
Event: 412.094 Thread 0x000001d3c58a7930 Thread exited: 0x000001d3c58a7930


Dynamic libraries:
0x00007ff661130000 - 0x00007ff661140000 	C:\Program Files\Java\jdk-17.0.5\bin\javaw.exe
0x00007ffadf600000 - 0x00007ffadf867000 	C:\WINDOWS\SYSTEM32\ntdll.dll
0x00007ffaddf50000 - 0x00007ffade019000 	C:\WINDOWS\System32\KERNEL32.DLL
0x00007ffadc320000 - 0x00007ffadc717000 	C:\WINDOWS\System32\KERNELBASE.dll
0x00007ffadc720000 - 0x00007ffadc86b000 	C:\WINDOWS\System32\ucrtbase.dll
0x00007ffab5e10000 - 0x00007ffab5e28000 	C:\Program Files\Java\jdk-17.0.5\bin\jli.dll
0x00007ffab5df0000 - 0x00007ffab5e0a000 	C:\Program Files\Java\jdk-17.0.5\bin\VCRUNTIME140.dll
0x00007ffadeb50000 - 0x00007ffadec06000 	C:\WINDOWS\System32\ADVAPI32.dll
0x00007ffadec10000 - 0x00007ffadecb9000 	C:\WINDOWS\System32\msvcrt.dll
0x00007ffadf1b0000 - 0x00007ffadf257000 	C:\WINDOWS\System32\sechost.dll
0x00007ffade820000 - 0x00007ffade938000 	C:\WINDOWS\System32\RPCRT4.dll
0x00007ffade020000 - 0x00007ffade1e6000 	C:\WINDOWS\System32\USER32.dll
0x00007ffabc300000 - 0x00007ffabc592000 	C:\WINDOWS\WinSxS\amd64_microsoft.windows.common-controls_6595b64144ccf1df_6.0.26100.8457_none_3e0b2faee331e92d\COMCTL32.dll
0x00007ffadc030000 - 0x00007ffadc057000 	C:\WINDOWS\System32\win32u.dll
0x00007ffade1f0000 - 0x00007ffade21b000 	C:\WINDOWS\System32\GDI32.dll
0x00007ffadd250000 - 0x00007ffadd37c000 	C:\WINDOWS\System32\gdi32full.dll
0x00007ffadc060000 - 0x00007ffadc103000 	C:\WINDOWS\System32\msvcp_win.dll
0x00007ffad1420000 - 0x00007ffad142b000 	C:\WINDOWS\SYSTEM32\VERSION.dll
0x00007ffade7e0000 - 0x00007ffade812000 	C:\WINDOWS\System32\IMM32.DLL
0x00007ffabcfb0000 - 0x00007ffabcfbc000 	C:\Program Files\Java\jdk-17.0.5\bin\vcruntime140_1.dll
0x00007ffab5d60000 - 0x00007ffab5ded000 	C:\Program Files\Java\jdk-17.0.5\bin\msvcp140.dll
0x00007ffa39ae0000 - 0x00007ffa3a6a2000 	C:\Program Files\Java\jdk-17.0.5\bin\server\jvm.dll
0x00007ffaddef0000 - 0x00007ffaddef8000 	C:\WINDOWS\System32\PSAPI.DLL
0x00007ffab5d50000 - 0x00007ffab5d5a000 	C:\WINDOWS\SYSTEM32\WSOCK32.dll
0x00007ffac2360000 - 0x00007ffac2396000 	C:\WINDOWS\SYSTEM32\WINMM.dll
0x00007ffadf470000 - 0x00007ffadf4f0000 	C:\WINDOWS\System32\WS2_32.dll
0x00007ffadad60000 - 0x00007ffadad7b000 	C:\WINDOWS\SYSTEM32\kernel.appcore.dll
0x00007ffab5d40000 - 0x00007ffab5d4a000 	C:\Program Files\Java\jdk-17.0.5\bin\jimage.dll
0x00007ffad6320000 - 0x00007ffad6562000 	C:\WINDOWS\SYSTEM32\DBGHELP.DLL
0x00007ffadee20000 - 0x00007ffadf1a3000 	C:\WINDOWS\System32\combase.dll
0x00007ffaded40000 - 0x00007ffadee19000 	C:\WINDOWS\System32\OLEAUT32.dll
0x00007ffab80b0000 - 0x00007ffab80eb000 	C:\WINDOWS\SYSTEM32\dbgcore.DLL
0x00007ffadc870000 - 0x00007ffadc918000 	C:\WINDOWS\System32\bcryptPrimitives.dll
0x00007ffab4b50000 - 0x00007ffab4b75000 	C:\Program Files\Java\jdk-17.0.5\bin\java.dll
0x00007ffaa7090000 - 0x00007ffaa7166000 	C:\Program Files\Java\jdk-17.0.5\bin\jsvml.dll
0x00007ffadd770000 - 0x00007ffaddede000 	C:\WINDOWS\System32\SHELL32.dll
0x00007ffadc920000 - 0x00007ffadd18c000 	C:\WINDOWS\System32\windows.storage.dll
0x00007ffadd480000 - 0x00007ffadd576000 	C:\WINDOWS\System32\SHCORE.dll
0x00007ffade220000 - 0x00007ffade286000 	C:\WINDOWS\System32\shlwapi.dll
0x00007ffadbf50000 - 0x00007ffadbf79000 	C:\WINDOWS\SYSTEM32\profapi.dll
0x00007ffab4b30000 - 0x00007ffab4b49000 	C:\Program Files\Java\jdk-17.0.5\bin\net.dll
0x00007ffaca5a0000 - 0x00007ffaca6c9000 	C:\WINDOWS\SYSTEM32\WINHTTP.dll
0x00007ffadb330000 - 0x00007ffadb39c000 	C:\WINDOWS\system32\mswsock.dll
0x00007ffab4b10000 - 0x00007ffab4b26000 	C:\Program Files\Java\jdk-17.0.5\bin\nio.dll
0x00007ffab4af0000 - 0x00007ffab4b08000 	C:\Program Files\Java\jdk-17.0.5\bin\zip.dll
0x00007ffab5d30000 - 0x00007ffab5d39000 	C:\Program Files\Java\jdk-17.0.5\bin\management.dll
0x00007ffab4ae0000 - 0x00007ffab4aeb000 	C:\Program Files\Java\jdk-17.0.5\bin\management_ext.dll
0x00007ffab3d30000 - 0x00007ffab3d48000 	C:\WINDOWS\system32\napinsp.dll
0x00007ffada860000 - 0x00007ffada992000 	C:\WINDOWS\SYSTEM32\DNSAPI.dll
0x00007ffada7d0000 - 0x00007ffada802000 	C:\WINDOWS\SYSTEM32\IPHLPAPI.DLL
0x00007ffade9a0000 - 0x00007ffade9aa000 	C:\WINDOWS\System32\NSI.dll
0x00007ffab3c30000 - 0x00007ffab3c43000 	C:\WINDOWS\System32\winrnr.dll
0x00007ffab3c00000 - 0x00007ffab3c22000 	C:\WINDOWS\system32\nlansp_c.dll
0x00007ffad1450000 - 0x00007ffad1466000 	C:\WINDOWS\system32\wshbth.dll
0x00007ffac27d0000 - 0x00007ffac27db000 	C:\Windows\System32\rasadhlp.dll
0x00007ffac86d0000 - 0x00007ffac8756000 	C:\WINDOWS\System32\fwpuclnt.dll
0x00007ffadb620000 - 0x00007ffadb63b000 	C:\WINDOWS\SYSTEM32\CRYPTSP.dll
0x00007ffadad20000 - 0x00007ffadad59000 	C:\WINDOWS\system32\rsaenh.dll
0x00007ffadb3e0000 - 0x00007ffadb413000 	C:\WINDOWS\SYSTEM32\USERENV.dll
0x00007ffadbf20000 - 0x00007ffadbf4a000 	C:\WINDOWS\SYSTEM32\bcrypt.dll
0x00007ffadb610000 - 0x00007ffadb61c000 	C:\WINDOWS\SYSTEM32\CRYPTBASE.dll
0x00007ffaca400000 - 0x00007ffaca41d000 	C:\WINDOWS\SYSTEM32\dhcpcsvc6.DLL
0x00007ffaca3d0000 - 0x00007ffaca3f5000 	C:\WINDOWS\SYSTEM32\dhcpcsvc.DLL
0x00007ffab4a70000 - 0x00007ffab4a7e000 	C:\Program Files\Java\jdk-17.0.5\bin\sunmscapi.dll
0x00007ffadc1a0000 - 0x00007ffadc318000 	C:\WINDOWS\System32\CRYPT32.dll
0x00007ffadb830000 - 0x00007ffadb860000 	C:\WINDOWS\SYSTEM32\ncrypt.dll
0x00007ffadb7e0000 - 0x00007ffadb81f000 	C:\WINDOWS\SYSTEM32\NTASN1.dll
0x00007ffab4a60000 - 0x00007ffab4a70000 	C:\Program Files\Java\jdk-17.0.5\bin\verify.dll
0x00007ffa9d440000 - 0x00007ffa9d448000 	C:\WINDOWS\system32\wshunix.dll

dbghelp: loaded successfully - version: 4.0.5 - missing functions: none
symbol engine: initialized successfully - sym options: 0x614 - pdb path: .;C:\Program Files\Java\jdk-17.0.5\bin;C:\WINDOWS\SYSTEM32;C:\WINDOWS\WinSxS\amd64_microsoft.windows.common-controls_6595b64144ccf1df_6.0.26100.8457_none_3e0b2faee331e92d;C:\Program Files\Java\jdk-17.0.5\bin\server

VM Arguments:
jvm_args: -Dcom.sun.management.jmxremote -Dcom.sun.management.jmxremote.port=49282 -Dcom.sun.management.jmxremote.authenticate=false -Dcom.sun.management.jmxremote.ssl=false -Djava.rmi.server.hostname=localhost -Dspring.jmx.enabled=true -Dmanagement.endpoints.jmx.exposure.include=* -Dspring.application.admin.enabled=true -Dspring.output.ansi.enabled=always -XX:TieredStopAtLevel=1 -Dspring.boot.project.name=EcommerceShoppingSiteCart -Dfile.encoding=UTF-8 -Dstdout.encoding=UTF-8 -Dstderr.encoding=UTF-8 -XX:+ShowCodeDetailsInExceptionMessages 
java_command: com.shopping.EcommerceShoppingSiteCartApplication
java_class_path (initial): C:\Users\Rashmi\SpringBoot_Workspace\EcommerceShoppingSiteCart\target\classes;C:\Users\Rashmi\.m2\repository\org\springframework\boot\spring-boot-starter-data-jpa\4.0.6\spring-boot-starter-data-jpa-4.0.6.jar;C:\Users\Rashmi\.m2\repository\org\springframework\boot\spring-boot-starter\4.0.6\spring-boot-starter-4.0.6.jar;C:\Users\Rashmi\.m2\repository\org\springframework\boot\spring-boot-starter-logging\4.0.6\spring-boot-starter-logging-4.0.6.jar;C:\Users\Rashmi\.m2\repository\ch\qos\logback\logback-classic\1.5.32\logback-classic-1.5.32.jar;C:\Users\Rashmi\.m2\repository\ch\qos\logback\logback-core\1.5.32\logback-core-1.5.32.jar;C:\Users\Rashmi\.m2\repository\org\apache\logging\log4j\log4j-to-slf4j\2.25.4\log4j-to-slf4j-2.25.4.jar;C:\Users\Rashmi\.m2\repository\org\apache\logging\log4j\log4j-api\2.25.4\log4j-api-2.25.4.jar;C:\Users\Rashmi\.m2\repository\org\slf4j\jul-to-slf4j\2.0.17\jul-to-slf4j-2.0.17.jar;C:\Users\Rashmi\.m2\repository\jakarta\annotation\jakarta.annotation-api\3.0.0\jakarta.annotation-api-3.0.0.jar;C:\Users\Rashmi\.m2\repository\org\yaml\snakeyaml\2.5\snakeyaml-2.5.jar;C:\Users\Rashmi\.m2\repository\org\springframework\boot\spring-boot-starter-jdbc\4.0.6\spring-boot-starter-jdbc-4.0.6.jar;C:\Users\Rashmi\.m2\repository\com\zaxxer\HikariCP\7.0.2\HikariCP-7.0.2.jar;C:\Users\Rashmi\.m2\repository\org\springframework\boot\spring-boot-data-jpa\4.0.6\spring-boot-data-jpa-4.0.6.jar;C:\Users\Rashmi\.m2\repository\org\springframework\boot\spring-boot-data-commons\4.0.6\spring-boot-data-commons-4.0.6.jar;C:\Users\Rashmi\.m2\repository\org\springframework\boot\spring-boot-persistence\4.0.6\spring-boot-persistence-4.0.6.jar;C:\Users\Rashmi\.m2\repository\org\springframework\data\spring-data-commons\4.0.5\spring-data-commons-4.0.5.jar;C:\Users\Rashmi\.m2\repository\org\springframework\boot\spring-boot-hibernate\4.0.6\spring-boot-hibernate-4.0.6.jar;C:\Users\Rashmi\.m2\repository\org\springframework\boot\spring-boot-jpa\4.0.6\spring-boo
Launcher Type: SUN_STANDARD

[Global flags]
     intx CICompilerCount                          = 4                                         {product} {ergonomic}
     uint ConcGCThreads                            = 2                                         {product} {ergonomic}
     uint G1ConcRefinementThreads                  = 8                                         {product} {ergonomic}
   size_t G1HeapRegionSize                         = 1048576                                   {product} {ergonomic}
    uintx GCDrainStackTargetSize                   = 64                                        {product} {ergonomic}
   size_t InitialHeapSize                          = 132120576                                 {product} {ergonomic}
     bool ManagementServer                         = true                                      {product} {command line}
   size_t MarkStackSize                            = 4194304                                   {product} {ergonomic}
   size_t MaxHeapSize                              = 2090860544                                {product} {ergonomic}
   size_t MaxNewSize                               = 1254096896                                {product} {ergonomic}
   size_t MinHeapDeltaBytes                        = 1048576                                   {product} {ergonomic}
   size_t MinHeapSize                              = 8388608                                   {product} {ergonomic}
    uintx NonProfiledCodeHeapSize                  = 0                                      {pd product} {ergonomic}
     bool ProfileInterpreter                       = false                                  {pd product} {command line}
    uintx ProfiledCodeHeapSize                     = 0                                      {pd product} {ergonomic}
     bool ShowCodeDetailsInExceptionMessages       = true                                   {manageable} {command line}
   size_t SoftMaxHeapSize                          = 2090860544                             {manageable} {ergonomic}
     intx TieredStopAtLevel                        = 1                                         {product} {command line}
     bool UseCompressedClassPointers               = true                           {product lp64_product} {ergonomic}
     bool UseCompressedOops                        = true                           {product lp64_product} {ergonomic}
     bool UseG1GC                                  = true                                      {product} {ergonomic}
     bool UseLargePagesIndividualAllocation        = false                                  {pd product} {ergonomic}

Logging:
Log output configuration:
 #0: stdout all=warning uptime,level,tags
 #1: stderr all=off uptime,level,tags

Environment Variables:
JAVA_HOME=C:\Program Files\Java\jdk-17.0.5
PATH=C:/Users/Rashmi/.p2/pool/plugins/org.eclipse.justj.openjdk.hotspot.jre.full.win32.x86_64_23.0.2.v20250131-0604/jre/bin/server;C:/Users/Rashmi/.p2/pool/plugins/org.eclipse.justj.openjdk.hotspot.jre.full.win32.x86_64_23.0.2.v20250131-0604/jre/bin;C:\Program_Selenium_NOV\jdk-17_windows-x64_bin\apache-maven-3.8.6-bin\apache-maven-3.8.6\bin;C:\Program Files\Common Files\Oracle\Java\javapath;C:\Program Files (x86)\Common Files\Oracle\Java\java8path;C:\Program Files (x86)\Common Files\Oracle\Java\javapath;C:\WINDOWS\system32;C:\WINDOWS;C:\WINDOWS\System32\Wbem;C:\WINDOWS\System32\WindowsPowerShell\v1.0\;C:\WINDOWS\System32\OpenSSH\;C:\Program Files\Java\jdk1.8.0_291\bin;C:\Android;C:\Windows\System32;C:\Program Files\HP\HP One Agent;C:\WINDOWS\system32;C:\WINDOWS;C:\WINDOWS\System32\Wbem;C:\WINDOWS\System32\WindowsPowerShell\v1.0\;C:\WINDOWS\System32\OpenSSH\;C:\Program Files\Microsoft VS Code\bin;C:\Program Files\Git\cmd;C:\Program Files\nodejs\;C:\Program Files\MySQL\MySQL Shell 8.0\bin\;C:\Users\Rashmi\AppData\Local\Microsoft\WindowsApps;C:\Users\Rashmi\AppData\Roaming\npm;C:\WINDOWS\system32;
USERNAME=Rashmi
OS=Windows_NT
PROCESSOR_IDENTIFIER=Intel64 Family 6 Model 126 Stepping 5, GenuineIntel



---------------  S Y S T E M  ---------------

OS:
 Windows 11 , 64 bit Build 26100 (10.0.26100.8328)
OS uptime: 0 days 0:15 hours

CPU: total 8 (initial active 8) (4 cores per cpu, 2 threads per core) family 6 model 126 stepping 5 microcode 0xa6, cx8, cmov, fxsr, ht, mmx, 3dnowpref, sse, sse2, sse3, ssse3, sse4.1, sse4.2, popcnt, lzcnt, tsc, tscinvbit, avx, avx2, aes, erms, clmul, bmi1, bmi2, adx, avx512f, avx512dq, avx512cd, avx512bw, avx512vl, sha, fma, vzeroupper, avx512_vpopcntdq, avx512_vpclmulqdq, avx512_vaes, avx512_vnni, clflush, clflushopt, avx512_vbmi2, avx512_vbmi

Memory: 4k page, system-wide physical 7973M (558M free)
TotalPageFile size 10021M (AvailPageFile size 5M)
current process WorkingSet (physical memory assigned to process): 272M, peak: 281M
current process commit charge ("private bytes"): 362M, peak: 364M

vm_info: Java HotSpot(TM) 64-Bit Server VM (17.0.5+9-LTS-191) for windows-amd64 JRE (17.0.5+9-LTS-191), built on Sep 13 2022 17:31:43 by "mach5one" with MS VC++ 16.8 / 16.9 (VS2019)

END.
