#
# There is insufficient memory for the Java Runtime Environment to continue.
# Native memory allocation (mmap) failed to map 40894464 bytes for G1 virtual space
# Possible reasons:
#   The system is out of physical RAM or swap space
#   The process is running with CompressedOops enabled, and the Java Heap may be blocking the growth of the native heap
# Possible solutions:
#   Reduce memory load on the system
#   Increase physical memory or swap space
#   Check if swap backing store is full
#   Decrease Java heap size (-Xmx/-Xms)
#   Decrease number of Java threads
#   Decrease Java thread stack sizes (-Xss)
#   Set larger code cache with -XX:ReservedCodeCacheSize=
#   JVM is running with Unscaled Compressed Oops mode in which the Java heap is
#     placed in the first 4GB address space. The Java Heap base address is the
#     maximum limit for the native heap growth. Please use -XX:HeapBaseMinAddress
#     to set the Java Heap base and to place the Java Heap above 4GB virtual address.
# This output file may be truncated or incomplete.
#
#  Out of Memory Error (os_windows.cpp:3541), pid=12124, tid=15280
#
# JRE version: Java(TM) SE Runtime Environment (17.0.5+9) (build 17.0.5+9-LTS-191)
# Java VM: Java HotSpot(TM) 64-Bit Server VM (17.0.5+9-LTS-191, mixed mode, emulated-client, sharing, tiered, compressed oops, compressed class ptrs, g1 gc, windows-amd64)
# No core dump will be written. Minidumps are not enabled by default on client versions of Windows
#

---------------  S U M M A R Y ------------

Command Line: -Dcom.sun.management.jmxremote -Dcom.sun.management.jmxremote.port=64429 -Dcom.sun.management.jmxremote.authenticate=false -Dcom.sun.management.jmxremote.ssl=false -Djava.rmi.server.hostname=localhost -Dspring.jmx.enabled=true -Dmanagement.endpoints.jmx.exposure.include=* -Dspring.application.admin.enabled=true -Dspring.output.ansi.enabled=always -XX:TieredStopAtLevel=1 -Dspring.boot.project.name=EcommerceShoppingSiteCart -Dfile.encoding=UTF-8 -Dstdout.encoding=UTF-8 -Dstderr.encoding=UTF-8 -XX:+ShowCodeDetailsInExceptionMessages com.shopping.EcommerceShoppingSiteCartApplication

Host: Intel(R) Core(TM) i5-1035G1 CPU @ 1.00GHz, 8 cores, 7G,  Windows 11 , 64 bit Build 26100 (10.0.26100.8328)
Time: Tue Jun  9 13:42:55 2026 India Standard Time elapsed time: 7.428059 seconds (0d 0h 0m 7s)

---------------  T H R E A D  ---------------

Current thread (0x000002a5be3e43f0):  VMThread "VM Thread" [stack: 0x000000bc5b500000,0x000000bc5b600000] [id=15280]

Stack: [0x000000bc5b500000,0x000000bc5b600000]
Native frames: (J=compiled Java code, j=interpreted, Vv=VM code, C=native code)
V  [jvm.dll+0x672eea]
V  [jvm.dll+0x7d2a04]
V  [jvm.dll+0x7d41ae]
V  [jvm.dll+0x7d4813]
V  [jvm.dll+0x242c15]
V  [jvm.dll+0x66fe09]
V  [jvm.dll+0x664682]
V  [jvm.dll+0x300e8b]
V  [jvm.dll+0x308426]
V  [jvm.dll+0x357ffe]
V  [jvm.dll+0x35822f]
V  [jvm.dll+0x2d80a8]
V  [jvm.dll+0x2d6374]
V  [jvm.dll+0x2d597c]
V  [jvm.dll+0x3193eb]
V  [jvm.dll+0x7d8ceb]
V  [jvm.dll+0x7d9a24]
V  [jvm.dll+0x7d9f3c]
V  [jvm.dll+0x7da314]
V  [jvm.dll+0x7da3e0]
V  [jvm.dll+0x782b4a]
V  [jvm.dll+0x671d75]
C  [ucrtbase.dll+0x37b0]
C  [KERNEL32.DLL+0x2e957]
C  [ntdll.dll+0x427c]

VM_Operation (0x000000bc5d5fcfe0): G1CollectForAllocation, mode: safepoint, requested by thread 0x000002a580cddd60


---------------  P R O C E S S  ---------------

Threads class SMR info:
_java_thread_list=0x000002a58149ac60, length=23, elements={
0x000002a5ac63c630, 0x000002a5be3e9a40, 0x000002a5be3ea500, 0x000002a5be3fdd90,
0x000002a5be3fe650, 0x000002a5be400f20, 0x000002a5be4017e0, 0x000002a5be404160,
0x000002a5be42ff80, 0x000002a5ffda3070, 0x000002a5ffdef7e0, 0x000002a5802e0360,
0x000002a580442ba0, 0x000002a58046f240, 0x000002a580472380, 0x000002a580523880,
0x000002a58079a150, 0x000002a580748060, 0x000002a5807bbed0, 0x000002a580c1f3c0,
0x000002a580c1fe10, 0x000002a580cdcef0, 0x000002a580cddd60
}

Java Threads: ( => current thread )
  0x000002a5ac63c630 JavaThread "main" [_thread_blocked, id=15484, stack(0x000000bc5af00000,0x000000bc5b000000)]
  0x000002a5be3e9a40 JavaThread "Reference Handler" daemon [_thread_blocked, id=15144, stack(0x000000bc5b600000,0x000000bc5b700000)]
  0x000002a5be3ea500 JavaThread "Finalizer" daemon [_thread_blocked, id=12708, stack(0x000000bc5b700000,0x000000bc5b800000)]
  0x000002a5be3fdd90 JavaThread "Signal Dispatcher" daemon [_thread_blocked, id=3296, stack(0x000000bc5b800000,0x000000bc5b900000)]
  0x000002a5be3fe650 JavaThread "Attach Listener" daemon [_thread_blocked, id=15128, stack(0x000000bc5b900000,0x000000bc5ba00000)]
  0x000002a5be400f20 JavaThread "Service Thread" daemon [_thread_blocked, id=17088, stack(0x000000bc5ba00000,0x000000bc5bb00000)]
  0x000002a5be4017e0 JavaThread "Monitor Deflation Thread" daemon [_thread_blocked, id=8160, stack(0x000000bc5bb00000,0x000000bc5bc00000)]
  0x000002a5be404160 JavaThread "C1 CompilerThread0" daemon [_thread_blocked, id=9428, stack(0x000000bc5bc00000,0x000000bc5bd00000)]
  0x000002a5be42ff80 JavaThread "Sweeper thread" daemon [_thread_blocked, id=11588, stack(0x000000bc5bd00000,0x000000bc5be00000)]
  0x000002a5ffda3070 JavaThread "Common-Cleaner" daemon [_thread_blocked, id=5476, stack(0x000000bc5be00000,0x000000bc5bf00000)]
  0x000002a5ffdef7e0 JavaThread "Notification Thread" daemon [_thread_blocked, id=15132, stack(0x000000bc5c100000,0x000000bc5c200000)]
  0x000002a5802e0360 JavaThread "C1 CompilerThread1" daemon [_thread_blocked, id=9920, stack(0x000000bc5bf00000,0x000000bc5c000000)]
  0x000002a580442ba0 JavaThread "RMI TCP Accept-0" daemon [_thread_in_native, id=15660, stack(0x000000bc5c000000,0x000000bc5c100000)]
  0x000002a58046f240 JavaThread "RMI TCP Accept-64429" daemon [_thread_in_native, id=12872, stack(0x000000bc5c200000,0x000000bc5c300000)]
  0x000002a580472380 JavaThread "RMI TCP Accept-0" daemon [_thread_in_native, id=11116, stack(0x000000bc5c300000,0x000000bc5c400000)]
  0x000002a580523880 JavaThread "RMI TCP Connection(1)-127.0.0.1" daemon [_thread_in_native, id=11112, stack(0x000000bc5c500000,0x000000bc5c600000)]
  0x000002a58079a150 JavaThread "RMI Scheduler(0)" daemon [_thread_blocked, id=9036, stack(0x000000bc5c600000,0x000000bc5c700000)]
  0x000002a580748060 JavaThread "RMI TCP Connection(2)-127.0.0.1" daemon [_thread_blocked, id=1188, stack(0x000000bc5c700000,0x000000bc5c800000)]
  0x000002a5807bbed0 JavaThread "JMX server connection timeout 22" daemon [_thread_blocked, id=18740, stack(0x000000bc5c800000,0x000000bc5c900000)]
  0x000002a580c1f3c0 JavaThread "C1 CompilerThread2" daemon [_thread_blocked, id=6592, stack(0x000000bc5d200000,0x000000bc5d300000)]
  0x000002a580c1fe10 JavaThread "C1 CompilerThread3" daemon [_thread_blocked, id=2624, stack(0x000000bc5d300000,0x000000bc5d400000)]
  0x000002a580cdcef0 JavaThread "Thread-0" [_thread_blocked, id=12676, stack(0x000000bc5d400000,0x000000bc5d500000)]
  0x000002a580cddd60 JavaThread "restartedMain" [_thread_blocked, id=5052, stack(0x000000bc5d500000,0x000000bc5d600000)]

Other Threads:
=>0x000002a5be3e43f0 VMThread "VM Thread" [stack: 0x000000bc5b500000,0x000000bc5b600000] [id=15280]
  0x000002a5ac6c5920 WatcherThread [stack: 0x000000bc5c400000,0x000000bc5c500000] [id=7212]
  0x000002a5ac697310 GCTaskThread "GC Thread#0" [stack: 0x000000bc5b000000,0x000000bc5b100000] [id=8164]
  0x000002a5807bcb50 GCTaskThread "GC Thread#1" [stack: 0x000000bc5c900000,0x000000bc5ca00000] [id=18336]
  0x000002a5807a4ba0 GCTaskThread "GC Thread#2" [stack: 0x000000bc5ca00000,0x000000bc5cb00000] [id=14036]
  0x000002a5807e1cf0 GCTaskThread "GC Thread#3" [stack: 0x000000bc5cb00000,0x000000bc5cc00000] [id=9480]
  0x000002a5807e1fa0 GCTaskThread "GC Thread#4" [stack: 0x000000bc5cc00000,0x000000bc5cd00000] [id=15792]
  0x000002a5807ea260 GCTaskThread "GC Thread#5" [stack: 0x000000bc5cd00000,0x000000bc5ce00000] [id=17872]
  0x000002a5807ea510 GCTaskThread "GC Thread#6" [stack: 0x000000bc5ce00000,0x000000bc5cf00000] [id=10368]
  0x000002a5807eafd0 GCTaskThread "GC Thread#7" [stack: 0x000000bc5cf00000,0x000000bc5d000000] [id=2828]
  0x000002a5ac6a7aa0 ConcurrentGCThread "G1 Main Marker" [stack: 0x000000bc5b100000,0x000000bc5b200000] [id=14032]
  0x000002a5ac6aa6e0 ConcurrentGCThread "G1 Conc#0" [stack: 0x000000bc5b200000,0x000000bc5b300000] [id=4176]
  0x000002a5811c4440 ConcurrentGCThread "G1 Conc#1" [stack: 0x000000bc5d700000,0x000000bc5d800000] [id=7484]
  0x000002a5ac6ee250 ConcurrentGCThread "G1 Refine#0" [stack: 0x000000bc5b300000,0x000000bc5b400000] [id=18148]
  0x000002a5ffeba350 ConcurrentGCThread "G1 Refine#1" [stack: 0x000000bc5d000000,0x000000bc5d100000] [id=9336]
  0x000002a5807a7b60 ConcurrentGCThread "G1 Refine#2" [stack: 0x000000bc5d100000,0x000000bc5d200000] [id=17352]
  0x000002a5ac6eea20 ConcurrentGCThread "G1 Service" [stack: 0x000000bc5b400000,0x000000bc5b500000] [id=7152]

Threads with active compile tasks:

VM state: at safepoint (normal execution)

VM Mutex/Monitor currently owned by a thread:  ([mutex/lock_event])
[0x000002a5aa42d2d0] Threads_lock - owner thread: 0x000002a5be3e43f0
[0x000002a5ac6383e0] Heap_lock - owner thread: 0x000002a580cddd60

Heap address: 0x0000000083600000, size: 1994 MB, Compressed Oops mode: 32-bit

CDS archive(s) mapped at: [0x000002a5be800000-0x000002a5bf3d0000-0x000002a5bf3d0000), size 12386304, SharedBaseAddress: 0x000002a5be800000, ArchiveRelocationMode: 0.
Compressed class space mapped at: 0x000002a5bf400000-0x000002a5ff400000, reserved size: 1073741824
Narrow klass base: 0x000002a5be800000, Narrow klass shift: 0, Narrow klass range: 0x100000000

GC Precious Log:
 CPUs: 8 total, 8 available
 Memory: 7973M
 Large Page Support: Disabled
 NUMA Support: Disabled
 Compressed Oops: Enabled (32-bit)
 Heap Region Size: 1M
 Heap Min Capacity: 8M
 Heap Initial Capacity: 126M
 Heap Max Capacity: 1994M
 Pre-touch: Disabled
 Parallel Workers: 8
 Concurrent Workers: 2
 Concurrent Refinement Workers: 8
 Periodic GC: Disabled

Heap:
 garbage-first heap   total 68608K, used 30261K [0x0000000083600000, 0x0000000100000000)
  region size 1024K, 4 young (4096K), 4 survivors (4096K)
 Metaspace       used 35303K, committed 35776K, reserved 1081344K
  class space    used 4879K, committed 5120K, reserved 1048576K

Heap Regions: E=young(eden), S=young(survivor), O=old, HS=humongous(starts), HC=humongous(continues), CS=collection set, F=free, OA=open archive, CA=closed archive, TAMS=top-at-mark-start (previous, next)
|   0|0x0000000083600000, 0x0000000083700000, 0x0000000083700000|100%|HS|  |TAMS 0x0000000083700000, 0x0000000083600000| Complete 
|   1|0x0000000083700000, 0x0000000083800000, 0x0000000083800000|100%|HS|  |TAMS 0x0000000083800000, 0x0000000083700000| Complete 
|   2|0x0000000083800000, 0x0000000083900000, 0x0000000083900000|100%| O|  |TAMS 0x0000000083800000, 0x0000000083800000| Untracked 
|   3|0x0000000083900000, 0x0000000083a00000, 0x0000000083a00000|100%|HS|  |TAMS 0x0000000083a00000, 0x0000000083900000| Complete 
|   4|0x0000000083a00000, 0x0000000083b00000, 0x0000000083b00000|100%| O|  |TAMS 0x0000000083b00000, 0x0000000083a00000| Untracked 
|   5|0x0000000083b00000, 0x0000000083c00000, 0x0000000083c00000|100%| O|  |TAMS 0x0000000083c00000, 0x0000000083b00000| Untracked 
|   6|0x0000000083c00000, 0x0000000083d00000, 0x0000000083d00000|100%| O|  |TAMS 0x0000000083d00000, 0x0000000083c00000| Untracked 
|   7|0x0000000083d00000, 0x0000000083e00000, 0x0000000083e00000|100%| O|  |TAMS 0x0000000083e00000, 0x0000000083d00000| Untracked 
|   8|0x0000000083e00000, 0x0000000083f00000, 0x0000000083f00000|100%| O|  |TAMS 0x0000000083f00000, 0x0000000083e00000| Untracked 
|   9|0x0000000083f00000, 0x0000000084000000, 0x0000000084000000|100%| O|  |TAMS 0x0000000084000000, 0x0000000083f00000| Untracked 
|  10|0x0000000084000000, 0x0000000084100000, 0x0000000084100000|100%| O|  |TAMS 0x0000000084100000, 0x0000000084000000| Untracked 
|  11|0x0000000084100000, 0x0000000084200000, 0x0000000084200000|100%| O|  |TAMS 0x0000000084200000, 0x0000000084100000| Untracked 
|  12|0x0000000084200000, 0x0000000084300000, 0x0000000084300000|100%| O|  |TAMS 0x0000000084300000, 0x0000000084200000| Untracked 
|  13|0x0000000084300000, 0x0000000084400000, 0x0000000084400000|100%| O|  |TAMS 0x0000000084400000, 0x0000000084300000| Untracked 
|  14|0x0000000084400000, 0x0000000084500000, 0x0000000084500000|100%| O|  |TAMS 0x0000000084500000, 0x0000000084400000| Untracked 
|  15|0x0000000084500000, 0x0000000084600000, 0x0000000084600000|100%| O|  |TAMS 0x0000000084500000, 0x0000000084500000| Untracked 
|  16|0x0000000084600000, 0x0000000084700000, 0x0000000084700000|100%| O|  |TAMS 0x0000000084600000, 0x0000000084600000| Untracked 
|  17|0x0000000084700000, 0x0000000084800000, 0x0000000084800000|100%| O|  |TAMS 0x0000000084700000, 0x0000000084700000| Untracked 
|  18|0x0000000084800000, 0x0000000084900000, 0x0000000084900000|100%| O|  |TAMS 0x0000000084800000, 0x0000000084800000| Untracked 
|  19|0x0000000084900000, 0x0000000084a00000, 0x0000000084a00000|100%| O|  |TAMS 0x0000000084900000, 0x0000000084900000| Untracked 
|  20|0x0000000084a00000, 0x0000000084b00000, 0x0000000084b00000|100%| O|  |TAMS 0x0000000084a00000, 0x0000000084a00000| Untracked 
|  21|0x0000000084b00000, 0x0000000084c00000, 0x0000000084c00000|100%| O|  |TAMS 0x0000000084b00000, 0x0000000084b00000| Untracked 
|  22|0x0000000084c00000, 0x0000000084c00000, 0x0000000084d00000|  0%| F|  |TAMS 0x0000000084c00000, 0x0000000084c00000| Untracked 
|  23|0x0000000084d00000, 0x0000000084d00000, 0x0000000084e00000|  0%| F|  |TAMS 0x0000000084d00000, 0x0000000084d00000| Untracked 
|  24|0x0000000084e00000, 0x0000000084e00000, 0x0000000084f00000|  0%| F|  |TAMS 0x0000000084e00000, 0x0000000084e00000| Untracked 
|  25|0x0000000084f00000, 0x0000000084f00000, 0x0000000085000000|  0%| F|  |TAMS 0x0000000084f00000, 0x0000000084f00000| Untracked 
|  26|0x0000000085000000, 0x0000000085000000, 0x0000000085100000|  0%| F|  |TAMS 0x0000000085000000, 0x0000000085000000| Untracked 
|  27|0x0000000085100000, 0x0000000085200000, 0x0000000085200000|100%| O|  |TAMS 0x0000000085100000, 0x0000000085100000| Untracked 
|  28|0x0000000085200000, 0x0000000085300000, 0x0000000085300000|100%| O|  |TAMS 0x0000000085200000, 0x0000000085200000| Untracked 
|  29|0x0000000085300000, 0x0000000085400000, 0x0000000085400000|100%| O|  |TAMS 0x0000000085300000, 0x0000000085300000| Untracked 
|  30|0x0000000085400000, 0x00000000854f4c00, 0x0000000085500000| 95%| O|  |TAMS 0x0000000085400000, 0x0000000085400000| Untracked 
|  31|0x0000000085500000, 0x0000000085500000, 0x0000000085600000|  0%| F|  |TAMS 0x0000000085500000, 0x0000000085500000| Untracked 
|  32|0x0000000085600000, 0x0000000085600000, 0x0000000085700000|  0%| F|  |TAMS 0x0000000085600000, 0x0000000085600000| Untracked 
|  33|0x0000000085700000, 0x0000000085700000, 0x0000000085800000|  0%| F|  |TAMS 0x0000000085700000, 0x0000000085700000| Untracked 
|  34|0x0000000085800000, 0x0000000085800000, 0x0000000085900000|  0%| F|  |TAMS 0x0000000085800000, 0x0000000085800000| Untracked 
|  35|0x0000000085900000, 0x0000000085998968, 0x0000000085a00000| 59%| S|CS|TAMS 0x0000000085900000, 0x0000000085900000| Complete 
|  36|0x0000000085a00000, 0x0000000085b00000, 0x0000000085b00000|100%| S|CS|TAMS 0x0000000085a00000, 0x0000000085a00000| Complete 
|  37|0x0000000085b00000, 0x0000000085c00000, 0x0000000085c00000|100%| S|CS|TAMS 0x0000000085b00000, 0x0000000085b00000| Complete 
|  38|0x0000000085c00000, 0x0000000085c00000, 0x0000000085d00000|  0%| F|  |TAMS 0x0000000085c00000, 0x0000000085c00000| Untracked 
|  39|0x0000000085d00000, 0x0000000085d00000, 0x0000000085e00000|  0%| F|  |TAMS 0x0000000085d00000, 0x0000000085d00000| Untracked 
|  40|0x0000000085e00000, 0x0000000085e00000, 0x0000000085f00000|  0%| F|  |TAMS 0x0000000085e00000, 0x0000000085e00000| Untracked 
|  41|0x0000000085f00000, 0x0000000086000000, 0x0000000086000000|100%| S|CS|TAMS 0x0000000085f00000, 0x0000000085f00000| Complete 
|  42|0x0000000086000000, 0x0000000086000000, 0x0000000086100000|  0%| F|  |TAMS 0x0000000086000000, 0x0000000086000000| Untracked 
|  43|0x0000000086100000, 0x0000000086100000, 0x0000000086200000|  0%| F|  |TAMS 0x0000000086100000, 0x0000000086100000| Untracked 
|  44|0x0000000086200000, 0x0000000086200000, 0x0000000086300000|  0%| F|  |TAMS 0x0000000086200000, 0x0000000086200000| Untracked 
|  45|0x0000000086300000, 0x0000000086300000, 0x0000000086400000|  0%| F|  |TAMS 0x0000000086300000, 0x0000000086300000| Untracked 
|  46|0x0000000086400000, 0x0000000086400000, 0x0000000086500000|  0%| F|  |TAMS 0x0000000086400000, 0x0000000086400000| Untracked 
|  47|0x0000000086500000, 0x0000000086500000, 0x0000000086600000|  0%| F|  |TAMS 0x0000000086500000, 0x0000000086500000| Untracked 
|  48|0x0000000086600000, 0x0000000086600000, 0x0000000086700000|  0%| F|  |TAMS 0x0000000086600000, 0x0000000086600000| Untracked 
|  49|0x0000000086700000, 0x0000000086700000, 0x0000000086800000|  0%| F|  |TAMS 0x0000000086700000, 0x0000000086700000| Untracked 
|  50|0x0000000086800000, 0x0000000086800000, 0x0000000086900000|  0%| F|  |TAMS 0x0000000086800000, 0x0000000086800000| Untracked 
|  51|0x0000000086900000, 0x0000000086900000, 0x0000000086a00000|  0%| F|  |TAMS 0x0000000086900000, 0x0000000086900000| Untracked 
|  52|0x0000000086a00000, 0x0000000086a00000, 0x0000000086b00000|  0%| F|  |TAMS 0x0000000086a00000, 0x0000000086a00000| Untracked 
|  53|0x0000000086b00000, 0x0000000086b00000, 0x0000000086c00000|  0%| F|  |TAMS 0x0000000086b00000, 0x0000000086b00000| Untracked 
|  54|0x0000000086c00000, 0x0000000086c00000, 0x0000000086d00000|  0%| F|  |TAMS 0x0000000086c00000, 0x0000000086c00000| Untracked 
|  55|0x0000000086d00000, 0x0000000086d00000, 0x0000000086e00000|  0%| F|  |TAMS 0x0000000086d00000, 0x0000000086d00000| Untracked 
|  56|0x0000000086e00000, 0x0000000086e00000, 0x0000000086f00000|  0%| F|  |TAMS 0x0000000086e00000, 0x0000000086e00000| Untracked 
|  57|0x0000000086f00000, 0x0000000086f00000, 0x0000000087000000|  0%| F|  |TAMS 0x0000000086f00000, 0x0000000086f00000| Untracked 
|  58|0x0000000087000000, 0x0000000087000000, 0x0000000087100000|  0%| F|  |TAMS 0x0000000087000000, 0x0000000087000000| Untracked 
|  59|0x0000000087100000, 0x0000000087100000, 0x0000000087200000|  0%| F|  |TAMS 0x0000000087100000, 0x0000000087100000| Untracked 
|  60|0x0000000087200000, 0x0000000087200000, 0x0000000087300000|  0%| F|  |TAMS 0x0000000087200000, 0x0000000087200000| Untracked 
|  61|0x0000000087300000, 0x0000000087300000, 0x0000000087400000|  0%| F|  |TAMS 0x0000000087300000, 0x0000000087300000| Untracked 
| 101|0x0000000089b00000, 0x0000000089b00000, 0x0000000089c00000|  0%| F|  |TAMS 0x0000000089b00000, 0x0000000089b00000| Untracked 
| 102|0x0000000089c00000, 0x0000000089c00000, 0x0000000089d00000|  0%| F|  |TAMS 0x0000000089c00000, 0x0000000089c00000| Untracked 
| 103|0x0000000089d00000, 0x0000000089d00000, 0x0000000089e00000|  0%| F|  |TAMS 0x0000000089d00000, 0x0000000089d00000| Untracked 
| 104|0x0000000089e00000, 0x0000000089e00000, 0x0000000089f00000|  0%| F|  |TAMS 0x0000000089e00000, 0x0000000089e00000| Untracked 
| 125|0x000000008b300000, 0x000000008b300000, 0x000000008b400000|  0%| F|  |TAMS 0x000000008b300000, 0x000000008b300000| Untracked 

Card table byte_map: [0x000002a5b7390000,0x000002a5b7780000] _byte_map_base: 0x000002a5b6f75000

Marking Bits (Prev, Next): (CMBitMap*) 0x000002a5ac697870, (CMBitMap*) 0x000002a5ac697830
 Prev Bits: [0x000002a5b9aa0000, 0x000002a5bb9c8000)
 Next Bits: [0x000002a5b7b70000, 0x000002a5b9a98000)

Polling page: 0x000002a5aa550000

Metaspace:

Usage:
  Non-class:     29.71 MB used.
      Class:      4.77 MB used.
       Both:     34.48 MB used.

Virtual space:
  Non-class space:       32.00 MB reserved,      29.94 MB ( 94%) committed,  4 nodes.
      Class space:        1.00 GB reserved,       5.00 MB ( <1%) committed,  1 nodes.
             Both:        1.03 GB reserved,      34.94 MB (  3%) committed. 

Chunk freelists:
   Non-Class:  1.72 MB
       Class:  3.02 MB
        Both:  4.73 MB

MaxMetaspaceSize: unlimited
CompressedClassSpaceSize: 1.00 GB
Initial GC threshold: 21.00 MB
Current GC threshold: 35.31 MB
CDS: on
MetaspaceReclaimPolicy: balanced
 - commit_granule_bytes: 65536.
 - commit_granule_words: 8192.
 - virtual_space_node_default_size: 1048576.
 - enlarge_chunks_in_place: 1.
 - new_chunks_are_fully_committed: 0.
 - uncommit_free_chunks: 1.
 - use_allocation_guard: 0.
 - handle_deallocations: 1.


Internal statistics:

num_allocs_failed_limit: 3.
num_arena_births: 602.
num_arena_deaths: 0.
num_vsnodes_births: 5.
num_vsnodes_deaths: 0.
num_space_committed: 559.
num_space_uncommitted: 0.
num_chunks_returned_to_freelist: 3.
num_chunks_taken_from_freelist: 1838.
num_chunk_merges: 3.
num_chunk_splits: 1269.
num_chunks_enlarged: 940.
num_purges: 0.
num_inconsistent_stats: 0.

CodeCache: size=49152Kb used=9466Kb max_used=9466Kb free=39685Kb
 bounds [0x000002a5b3e90000, 0x000002a5b47d0000, 0x000002a5b6e90000]
 total_blobs=4739 nmethods=4206 adapters=456
 compilation: enabled
              stopped_count=0, restarted_count=0
 full_count=0

Compilation events (20 events):
Event: 5.379 Thread 0x000002a5be404160 4198       1       java.nio.file.attribute.FileTime::compareTo (154 bytes)
Event: 5.379 Thread 0x000002a580c1f3c0 4199       1       java.io.File::equals (28 bytes)
Event: 5.379 Thread 0x000002a580c1fe10 nmethod 4197 0x000002a5b47ca910 code [0x000002a5b47caaa0, 0x000002a5b47cac28]
Event: 5.379 Thread 0x000002a580c1fe10 4200       1       java.io.File::compareTo (9 bytes)
Event: 5.379 Thread 0x000002a580c1f3c0 nmethod 4199 0x000002a5b47cad10 code [0x000002a5b47caec0, 0x000002a5b47cb0a8]
Event: 5.379 Thread 0x000002a580c1f3c0 4201       1       java.io.WinNTFileSystem::compare (12 bytes)
Event: 5.379 Thread 0x000002a5802e0360 nmethod 4196 0x000002a5b47cb210 code [0x000002a5b47cb400, 0x000002a5b47cb898]
Event: 5.379 Thread 0x000002a580c1fe10 nmethod 4200 0x000002a5b47cbb90 code [0x000002a5b47cbd20, 0x000002a5b47cbe28]
Event: 5.380 Thread 0x000002a580c1f3c0 nmethod 4201 0x000002a5b47cbf10 code [0x000002a5b47cc0a0, 0x000002a5b47cc1a8]
Event: 5.380 Thread 0x000002a5be404160 nmethod 4198 0x000002a5b47cc290 code [0x000002a5b47cc520, 0x000002a5b47ccc78]
Event: 5.381 Thread 0x000002a5802e0360 4202       1       jdk.internal.loader.URLClassPath$1::nextElement (5 bytes)
Event: 5.381 Thread 0x000002a5be404160 4203       1       jdk.internal.loader.URLClassPath$1::nextElement (27 bytes)
Event: 5.381 Thread 0x000002a580c1fe10 4204       1       java.lang.CompoundEnumeration::nextElement (30 bytes)
Event: 5.381 Thread 0x000002a580c1f3c0 4205       1       jdk.internal.loader.BuiltinClassLoader$1::nextElement (5 bytes)
Event: 5.382 Thread 0x000002a5802e0360 nmethod 4202 0x000002a5b47cd090 code [0x000002a5b47cd240, 0x000002a5b47cd3f8]
Event: 5.382 Thread 0x000002a5802e0360 4206       1       jdk.internal.loader.BuiltinClassLoader$1::nextElement (27 bytes)
Event: 5.382 Thread 0x000002a5be404160 nmethod 4203 0x000002a5b47cd510 code [0x000002a5b47cd6c0, 0x000002a5b47cd878]
Event: 5.382 Thread 0x000002a580c1fe10 nmethod 4204 0x000002a5b47cd990 code [0x000002a5b47cdb40, 0x000002a5b47cdd28]
Event: 5.382 Thread 0x000002a580c1f3c0 nmethod 4205 0x000002a5b47cde90 code [0x000002a5b47ce040, 0x000002a5b47ce1f8]
Event: 5.382 Thread 0x000002a5802e0360 nmethod 4206 0x000002a5b47ce310 code [0x000002a5b47ce4c0, 0x000002a5b47ce678]

GC Heap History (19 events):
Event: 2.174 GC heap before
{Heap before GC invocations=0 (full 0):
 garbage-first heap   total 129024K, used 26624K [0x0000000083600000, 0x0000000100000000)
  region size 1024K, 23 young (23552K), 0 survivors (0K)
 Metaspace       used 6719K, committed 6912K, reserved 1056768K
  class space    used 868K, committed 960K, reserved 1048576K
}
Event: 2.180 GC heap after
{Heap after GC invocations=1 (full 0):
 garbage-first heap   total 129024K, used 10742K [0x0000000083600000, 0x0000000100000000)
  region size 1024K, 3 young (3072K), 3 survivors (3072K)
 Metaspace       used 6719K, committed 6912K, reserved 1056768K
  class space    used 868K, committed 960K, reserved 1048576K
}
Event: 2.494 GC heap before
{Heap before GC invocations=1 (full 0):
 garbage-first heap   total 129024K, used 36342K [0x0000000083600000, 0x0000000100000000)
  region size 1024K, 25 young (25600K), 3 survivors (3072K)
 Metaspace       used 9485K, committed 9728K, reserved 1064960K
  class space    used 1214K, committed 1344K, reserved 1048576K
}
Event: 2.501 GC heap after
{Heap after GC invocations=2 (full 0):
 garbage-first heap   total 129024K, used 15030K [0x0000000083600000, 0x0000000100000000)
  region size 1024K, 4 young (4096K), 4 survivors (4096K)
 Metaspace       used 9485K, committed 9728K, reserved 1064960K
  class space    used 1214K, committed 1344K, reserved 1048576K
}
Event: 3.338 GC heap before
{Heap before GC invocations=2 (full 0):
 garbage-first heap   total 129024K, used 60086K [0x0000000083600000, 0x0000000100000000)
  region size 1024K, 48 young (49152K), 4 survivors (4096K)
 Metaspace       used 16363K, committed 16704K, reserved 1064960K
  class space    used 2213K, committed 2368K, reserved 1048576K
}
Event: 3.343 GC heap after
{Heap after GC invocations=3 (full 0):
 garbage-first heap   total 129024K, used 17961K [0x0000000083600000, 0x0000000100000000)
  region size 1024K, 3 young (3072K), 3 survivors (3072K)
 Metaspace       used 16363K, committed 16704K, reserved 1064960K
  class space    used 2213K, committed 2368K, reserved 1048576K
}
Event: 3.599 GC heap before
{Heap before GC invocations=3 (full 0):
 garbage-first heap   total 129024K, used 38441K [0x0000000083600000, 0x0000000100000000)
  region size 1024K, 24 young (24576K), 3 survivors (3072K)
 Metaspace       used 21166K, committed 21504K, reserved 1073152K
  class space    used 2831K, committed 3008K, reserved 1048576K
}
Event: 3.603 GC heap after
{Heap after GC invocations=4 (full 0):
 garbage-first heap   total 129024K, used 18533K [0x0000000083600000, 0x0000000100000000)
  region size 1024K, 4 young (4096K), 4 survivors (4096K)
 Metaspace       used 21166K, committed 21504K, reserved 1073152K
  class space    used 2831K, committed 3008K, reserved 1048576K
}
Event: 4.055 GC heap before
{Heap before GC invocations=5 (full 0):
 garbage-first heap   total 68608K, used 54373K [0x0000000083600000, 0x0000000100000000)
  region size 1024K, 40 young (40960K), 4 survivors (4096K)
 Metaspace       used 26060K, committed 26496K, reserved 1073152K
  class space    used 3424K, committed 3648K, reserved 1048576K
}
Event: 4.060 GC heap after
{Heap after GC invocations=6 (full 0):
 garbage-first heap   total 68608K, used 21121K [0x0000000083600000, 0x0000000100000000)
  region size 1024K, 4 young (4096K), 4 survivors (4096K)
 Metaspace       used 26060K, committed 26496K, reserved 1073152K
  class space    used 3424K, committed 3648K, reserved 1048576K
}
Event: 4.074 GC heap before
{Heap before GC invocations=6 (full 0):
 garbage-first heap   total 68608K, used 22145K [0x0000000083600000, 0x0000000100000000)
  region size 1024K, 5 young (5120K), 4 survivors (4096K)
 Metaspace       used 26120K, committed 26560K, reserved 1073152K
  class space    used 3435K, committed 3648K, reserved 1048576K
}
Event: 4.077 GC heap after
{Heap after GC invocations=7 (full 0):
 garbage-first heap   total 68608K, used 21336K [0x0000000083600000, 0x0000000100000000)
  region size 1024K, 1 young (1024K), 1 survivors (1024K)
 Metaspace       used 26120K, committed 26560K, reserved 1073152K
  class space    used 3435K, committed 3648K, reserved 1048576K
}
Event: 4.437 GC heap before
{Heap before GC invocations=7 (full 0):
 garbage-first heap   total 68608K, used 46936K [0x0000000083600000, 0x0000000100000000)
  region size 1024K, 27 young (27648K), 1 survivors (1024K)
 Metaspace       used 27980K, committed 28416K, reserved 1081344K
  class space    used 3720K, committed 3904K, reserved 1048576K
}
Event: 4.440 GC heap after
{Heap after GC invocations=8 (full 0):
 garbage-first heap   total 68608K, used 22650K [0x0000000083600000, 0x0000000100000000)
  region size 1024K, 2 young (2048K), 2 survivors (2048K)
 Metaspace       used 27980K, committed 28416K, reserved 1081344K
  class space    used 3720K, committed 3904K, reserved 1048576K
}
Event: 4.869 GC heap before
{Heap before GC invocations=8 (full 0):
 garbage-first heap   total 68608K, used 50298K [0x0000000083600000, 0x0000000100000000)
  region size 1024K, 29 young (29696K), 2 survivors (2048K)
 Metaspace       used 31074K, committed 31488K, reserved 1081344K
  class space    used 4271K, committed 4480K, reserved 1048576K
}
Event: 4.871 GC heap after
{Heap after GC invocations=9 (full 0):
 garbage-first heap   total 68608K, used 24042K [0x0000000083600000, 0x0000000100000000)
  region size 1024K, 4 young (4096K), 4 survivors (4096K)
 Metaspace       used 31074K, committed 31488K, reserved 1081344K
  class space    used 4271K, committed 4480K, reserved 1048576K
}
Event: 5.277 GC heap before
{Heap before GC invocations=9 (full 0):
 garbage-first heap   total 68608K, used 50666K [0x0000000083600000, 0x0000000100000000)
  region size 1024K, 30 young (30720K), 4 survivors (4096K)
 Metaspace       used 34945K, committed 35392K, reserved 1081344K
  class space    used 4843K, committed 5056K, reserved 1048576K
}
Event: 5.282 GC heap after
{Heap after GC invocations=10 (full 0):
 garbage-first heap   total 68608K, used 26589K [0x0000000083600000, 0x0000000100000000)
  region size 1024K, 4 young (4096K), 4 survivors (4096K)
 Metaspace       used 34945K, committed 35392K, reserved 1081344K
  class space    used 4843K, committed 5056K, reserved 1048576K
}
Event: 5.401 GC heap before
{Heap before GC invocations=10 (full 0):
 garbage-first heap   total 68608K, used 56285K [0x0000000083600000, 0x0000000100000000)
  region size 1024K, 29 young (29696K), 4 survivors (4096K)
 Metaspace       used 35303K, committed 35776K, reserved 1081344K
  class space    used 4879K, committed 5120K, reserved 1048576K
}

Deoptimization events (10 events):
Event: 3.393 Thread 0x000002a580cddd60 DEOPT PACKING pc=0x000002a5b4515499 sp=0x000000bc5d5fcf10
Event: 3.393 Thread 0x000002a580cddd60 DEOPT UNPACKING pc=0x000002a5b3ee66e3 sp=0x000000bc5d5fc3f0 mode 3
Event: 3.616 Thread 0x000002a580cddd60 DEOPT PACKING pc=0x000002a5b454d655 sp=0x000000bc5d5fd530
Event: 3.616 Thread 0x000002a580cddd60 DEOPT UNPACKING pc=0x000002a5b3ee66e3 sp=0x000000bc5d5fc9d8 mode 3
Event: 5.003 Thread 0x000002a580cddd60 DEOPT PACKING pc=0x000002a5b46fba34 sp=0x000000bc5d5fb760
Event: 5.003 Thread 0x000002a580cddd60 DEOPT UNPACKING pc=0x000002a5b3ee66e3 sp=0x000000bc5d5face8 mode 0
Event: 5.003 Thread 0x000002a580cddd60 DEOPT PACKING pc=0x000002a5b469b4ec sp=0x000000bc5d5fb940
Event: 5.003 Thread 0x000002a580cddd60 DEOPT UNPACKING pc=0x000002a5b3ee66e3 sp=0x000000bc5d5fae00 mode 0
Event: 5.254 Thread 0x000002a580cddd60 DEOPT PACKING pc=0x000002a5b47b079d sp=0x000000bc5d5fce80
Event: 5.254 Thread 0x000002a580cddd60 DEOPT UNPACKING pc=0x000002a5b3ee66e3 sp=0x000000bc5d5fc3e8 mode 3

Classes unloaded (0 events):
No events

Classes redefined (0 events):
No events

Internal exceptions (20 events):
Event: 5.138 Thread 0x000002a580cddd60 Exception <a 'java/lang/NoSuchMethodError'{0x00000000868ca438}: 'void java.lang.invoke.DirectMethodHandle$Holder.invokeInterface(java.lang.Object, java.lang.Object, int)'> (0x00000000868ca438) 
thrown [s\open\src\hotspot\share\interpreter\linkResolver.cpp, line 759]
Event: 5.139 Thread 0x000002a580cddd60 Exception <a 'java/lang/IncompatibleClassChangeError'{0x00000000868db870}: Found class java.lang.Object, but interface was expected> (0x00000000868db870) 
thrown [s\open\src\hotspot\share\interpreter\linkResolver.cpp, line 826]
Event: 5.139 Thread 0x000002a580cddd60 Exception <a 'java/lang/IncompatibleClassChangeError'{0x00000000868e22a8}: Found class java.lang.Object, but interface was expected> (0x00000000868e22a8) 
thrown [s\open\src\hotspot\share\interpreter\linkResolver.cpp, line 826]
Event: 5.139 Thread 0x000002a580cddd60 Exception <a 'java/lang/IncompatibleClassChangeError'{0x00000000868e92a0}: Found class java.lang.Object, but interface was expected> (0x00000000868e92a0) 
thrown [s\open\src\hotspot\share\interpreter\linkResolver.cpp, line 826]
Event: 5.139 Thread 0x000002a580cddd60 Exception <a 'java/lang/IncompatibleClassChangeError'{0x00000000868f0540}: Found class java.lang.Object, but interface was expected> (0x00000000868f0540) 
thrown [s\open\src\hotspot\share\interpreter\linkResolver.cpp, line 826]
Event: 5.140 Thread 0x000002a580cddd60 Exception <a 'java/lang/IncompatibleClassChangeError'{0x00000000868fe508}: Found class java.lang.Object, but interface was expected> (0x00000000868fe508) 
thrown [s\open\src\hotspot\share\interpreter\linkResolver.cpp, line 826]
Event: 5.140 Thread 0x000002a580cddd60 Exception <a 'java/lang/IncompatibleClassChangeError'{0x0000000086719018}: Found class java.lang.Object, but interface was expected> (0x0000000086719018) 
thrown [s\open\src\hotspot\share\interpreter\linkResolver.cpp, line 826]
Event: 5.141 Thread 0x000002a580cddd60 Exception <a 'java/lang/IncompatibleClassChangeError'{0x000000008671eff0}: Found class java.lang.Object, but interface was expected> (0x000000008671eff0) 
thrown [s\open\src\hotspot\share\interpreter\linkResolver.cpp, line 826]
Event: 5.141 Thread 0x000002a580cddd60 Exception <a 'java/lang/IncompatibleClassChangeError'{0x000000008672f9d8}: Found class java.lang.Object, but interface was expected> (0x000000008672f9d8) 
thrown [s\open\src\hotspot\share\interpreter\linkResolver.cpp, line 826]
Event: 5.141 Thread 0x000002a580cddd60 Exception <a 'java/lang/IncompatibleClassChangeError'{0x0000000086736938}: Found class java.lang.Object, but interface was expected> (0x0000000086736938) 
thrown [s\open\src\hotspot\share\interpreter\linkResolver.cpp, line 826]
Event: 5.141 Thread 0x000002a580cddd60 Exception <a 'java/lang/IncompatibleClassChangeError'{0x00000000867418d0}: Found class java.lang.Object, but interface was expected> (0x00000000867418d0) 
thrown [s\open\src\hotspot\share\interpreter\linkResolver.cpp, line 826]
Event: 5.143 Thread 0x000002a580cddd60 Exception <a 'java/lang/NoSuchMethodError'{0x0000000086777e50}: 'int java.lang.invoke.DirectMethodHandle$Holder.invokeSpecial(java.lang.Object, java.lang.Object, int)'> (0x0000000086777e50) 
thrown [s\open\src\hotspot\share\interpreter\linkResolver.cpp, line 759]
Event: 5.145 Thread 0x000002a580cddd60 Exception <a 'java/lang/NoSuchMethodError'{0x0000000086786fd8}: 'void java.lang.invoke.DirectMethodHandle$Holder.invokeVirtual(java.lang.Object, java.lang.Object, int)'> (0x0000000086786fd8) 
thrown [s\open\src\hotspot\share\interpreter\linkResolver.cpp, line 759]
Event: 5.145 Thread 0x000002a580cddd60 Exception <a 'java/lang/NoSuchMethodError'{0x000000008678d1c0}: 'void java.lang.invoke.DirectMethodHandle$Holder.invokeStatic(java.lang.Object, java.lang.Object, java.lang.Object, int, java.lang.Object)'> (0x000000008678d1c0) 
thrown [s\open\src\hotspot\share\interpreter\linkResolver.cpp, line 759]
Event: 5.146 Thread 0x000002a580cddd60 Exception <a 'java/lang/NoSuchMethodError'{0x0000000086794620}: 'java.lang.Object java.lang.invoke.DirectMethodHandle$Holder.newInvokeSpecial(java.lang.Object, java.lang.Object, java.lang.Object, int)'> (0x0000000086794620) 
thrown [s\open\src\hotspot\share\interpreter\linkResolver.cpp, line 759]
Event: 5.146 Thread 0x000002a580cddd60 Exception <a 'java/lang/NoSuchMethodError'{0x0000000086798908}: 'java.lang.Object java.lang.invoke.DirectMethodHandle$Holder.invokeSpecial(java.lang.Object, java.lang.Object, java.lang.Object, java.lang.Object, int)'> (0x0000000086798908) 
thrown [s\open\src\hotspot\share\interpreter\linkResolver.cpp, line 759]
Event: 5.146 Thread 0x000002a580cddd60 Exception <a 'java/lang/NoSuchMethodError'{0x000000008679c4d0}: 'java.lang.Object java.lang.invoke.Invokers$Holder.linkToTargetMethod(java.lang.Object, java.lang.Object, int, java.lang.Object)'> (0x000000008679c4d0) 
thrown [s\open\src\hotspot\share\interpreter\linkResolver.cpp, line 759]
Event: 5.151 Thread 0x000002a580cddd60 Exception <a 'java/lang/NoSuchMethodError'{0x00000000866062d0}: 'void java.lang.invoke.DirectMethodHandle$Holder.invokeStatic(java.lang.Object, int, java.lang.Object)'> (0x00000000866062d0) 
thrown [s\open\src\hotspot\share\interpreter\linkResolver.cpp, line 759]
Event: 5.283 Thread 0x000002a580748060 Exception <a 'java/lang/reflect/InvocationTargetException'{0x000000008b373ad0}> (0x000000008b373ad0) 
thrown [s\open\src\hotspot\share\runtime\reflection.cpp, line 1121]
Event: 5.383 Thread 0x000002a580cddd60 Exception <a 'sun/nio/fs/WindowsException'{0x0000000086016418}> (0x0000000086016418) 
thrown [s\open\src\hotspot\share\prims\jni.cpp, line 516]

VM Operations (20 events):
Event: 4.440 Executing VM operation: G1CollectForAllocation done
Event: 4.477 Executing VM operation: HandshakeAllThreads
Event: 4.477 Executing VM operation: HandshakeAllThreads done
Event: 4.478 Executing VM operation: HandshakeAllThreads
Event: 4.478 Executing VM operation: HandshakeAllThreads done
Event: 4.484 Executing VM operation: HandshakeAllThreads
Event: 4.484 Executing VM operation: HandshakeAllThreads done
Event: 4.642 Executing VM operation: HandshakeAllThreads
Event: 4.642 Executing VM operation: HandshakeAllThreads done
Event: 4.676 Executing VM operation: HandshakeAllThreads
Event: 4.676 Executing VM operation: HandshakeAllThreads done
Event: 4.869 Executing VM operation: G1CollectForAllocation
Event: 4.871 Executing VM operation: G1CollectForAllocation done
Event: 4.978 Executing VM operation: HandshakeAllThreads
Event: 4.978 Executing VM operation: HandshakeAllThreads done
Event: 5.002 Executing VM operation: HandshakeAllThreads
Event: 5.003 Executing VM operation: HandshakeAllThreads done
Event: 5.277 Executing VM operation: G1CollectForAllocation
Event: 5.282 Executing VM operation: G1CollectForAllocation done
Event: 5.401 Executing VM operation: G1CollectForAllocation

Events (20 events):
Event: 5.294 loading class java/nio/file/attribute/FileOwnerAttributeView
Event: 5.294 loading class java/nio/file/attribute/FileOwnerAttributeView done
Event: 5.294 loading class java/nio/file/attribute/DosFileAttributeView
Event: 5.294 loading class java/nio/file/attribute/DosFileAttributeView done
Event: 5.294 loading class java/nio/file/attribute/AclFileAttributeView
Event: 5.294 loading class java/nio/file/attribute/AclFileAttributeView done
Event: 5.294 loading class sun/nio/fs/FileOwnerAttributeViewImpl
Event: 5.294 loading class sun/nio/fs/FileOwnerAttributeViewImpl done
Event: 5.294 loading class sun/nio/fs/WindowsAclFileAttributeView
Event: 5.294 loading class sun/nio/fs/AbstractAclFileAttributeView
Event: 5.294 loading class sun/nio/fs/AbstractAclFileAttributeView done
Event: 5.294 loading class sun/nio/fs/WindowsAclFileAttributeView done
Event: 5.294 loading class sun/nio/fs/WindowsLinkSupport
Event: 5.294 loading class sun/nio/fs/WindowsLinkSupport done
Event: 5.295 loading class sun/nio/fs/WindowsUserPrincipals
Event: 5.295 loading class sun/nio/fs/WindowsUserPrincipals done
Event: 5.295 loading class sun/nio/fs/WindowsUserPrincipals$User
Event: 5.295 loading class java/nio/file/attribute/UserPrincipal
Event: 5.295 loading class java/nio/file/attribute/UserPrincipal done
Event: 5.295 loading class sun/nio/fs/WindowsUserPrincipals$User done


Dynamic libraries:
0x00007ff68b480000 - 0x00007ff68b490000 	C:\Program Files\Java\jdk-17.0.5\bin\javaw.exe
0x00007ffadf600000 - 0x00007ffadf867000 	C:\WINDOWS\SYSTEM32\ntdll.dll
0x00007ffaddf50000 - 0x00007ffade019000 	C:\WINDOWS\System32\KERNEL32.DLL
0x00007ffadc320000 - 0x00007ffadc717000 	C:\WINDOWS\System32\KERNELBASE.dll
0x00007ffadc720000 - 0x00007ffadc86b000 	C:\WINDOWS\System32\ucrtbase.dll
0x00007ffacf690000 - 0x00007ffacf6a8000 	C:\Program Files\Java\jdk-17.0.5\bin\jli.dll
0x00007ffacf2e0000 - 0x00007ffacf2fa000 	C:\Program Files\Java\jdk-17.0.5\bin\VCRUNTIME140.dll
0x00007ffadeb50000 - 0x00007ffadec06000 	C:\WINDOWS\System32\ADVAPI32.dll
0x00007ffadec10000 - 0x00007ffadecb9000 	C:\WINDOWS\System32\msvcrt.dll
0x00007ffadf1b0000 - 0x00007ffadf257000 	C:\WINDOWS\System32\sechost.dll
0x00007ffade820000 - 0x00007ffade938000 	C:\WINDOWS\System32\RPCRT4.dll
0x00007ffade020000 - 0x00007ffade1e6000 	C:\WINDOWS\System32\USER32.dll
0x00007ffadc030000 - 0x00007ffadc057000 	C:\WINDOWS\System32\win32u.dll
0x00007ffabc300000 - 0x00007ffabc592000 	C:\WINDOWS\WinSxS\amd64_microsoft.windows.common-controls_6595b64144ccf1df_6.0.26100.8457_none_3e0b2faee331e92d\COMCTL32.dll
0x00007ffade1f0000 - 0x00007ffade21b000 	C:\WINDOWS\System32\GDI32.dll
0x00007ffadd250000 - 0x00007ffadd37c000 	C:\WINDOWS\System32\gdi32full.dll
0x00007ffadc060000 - 0x00007ffadc103000 	C:\WINDOWS\System32\msvcp_win.dll
0x00007ffad1420000 - 0x00007ffad142b000 	C:\WINDOWS\SYSTEM32\VERSION.dll
0x00007ffade7e0000 - 0x00007ffade812000 	C:\WINDOWS\System32\IMM32.DLL
0x00007ffad2040000 - 0x00007ffad204c000 	C:\Program Files\Java\jdk-17.0.5\bin\vcruntime140_1.dll
0x00007ffaa5d90000 - 0x00007ffaa5e1d000 	C:\Program Files\Java\jdk-17.0.5\bin\msvcp140.dll
0x00007ffa608d0000 - 0x00007ffa61492000 	C:\Program Files\Java\jdk-17.0.5\bin\server\jvm.dll
0x00007ffaddef0000 - 0x00007ffaddef8000 	C:\WINDOWS\System32\PSAPI.DLL
0x00007ffacfd30000 - 0x00007ffacfd3a000 	C:\WINDOWS\SYSTEM32\WSOCK32.dll
0x00007ffac2360000 - 0x00007ffac2396000 	C:\WINDOWS\SYSTEM32\WINMM.dll
0x00007ffadf470000 - 0x00007ffadf4f0000 	C:\WINDOWS\System32\WS2_32.dll
0x00007ffadad60000 - 0x00007ffadad7b000 	C:\WINDOWS\SYSTEM32\kernel.appcore.dll
0x00007ffacf350000 - 0x00007ffacf35a000 	C:\Program Files\Java\jdk-17.0.5\bin\jimage.dll
0x00007ffad6320000 - 0x00007ffad6562000 	C:\WINDOWS\SYSTEM32\DBGHELP.DLL
0x00007ffadee20000 - 0x00007ffadf1a3000 	C:\WINDOWS\System32\combase.dll
0x00007ffaded40000 - 0x00007ffadee19000 	C:\WINDOWS\System32\OLEAUT32.dll
0x00007ffab80b0000 - 0x00007ffab80eb000 	C:\WINDOWS\SYSTEM32\dbgcore.DLL
0x00007ffadc870000 - 0x00007ffadc918000 	C:\WINDOWS\System32\bcryptPrimitives.dll
0x00007ffabe7d0000 - 0x00007ffabe7f5000 	C:\Program Files\Java\jdk-17.0.5\bin\java.dll
0x00007ffaa5630000 - 0x00007ffaa5706000 	C:\Program Files\Java\jdk-17.0.5\bin\jsvml.dll
0x00007ffadd770000 - 0x00007ffaddede000 	C:\WINDOWS\System32\SHELL32.dll
0x00007ffadc920000 - 0x00007ffadd18c000 	C:\WINDOWS\System32\windows.storage.dll
0x00007ffadd480000 - 0x00007ffadd576000 	C:\WINDOWS\System32\SHCORE.dll
0x00007ffade220000 - 0x00007ffade286000 	C:\WINDOWS\System32\shlwapi.dll
0x00007ffadbf50000 - 0x00007ffadbf79000 	C:\WINDOWS\SYSTEM32\profapi.dll
0x00007ffabe7b0000 - 0x00007ffabe7c9000 	C:\Program Files\Java\jdk-17.0.5\bin\net.dll
0x00007ffaca5a0000 - 0x00007ffaca6c9000 	C:\WINDOWS\SYSTEM32\WINHTTP.dll
0x00007ffadb330000 - 0x00007ffadb39c000 	C:\WINDOWS\system32\mswsock.dll
0x00007ffab26b0000 - 0x00007ffab26c6000 	C:\Program Files\Java\jdk-17.0.5\bin\nio.dll
0x00007ffaaa740000 - 0x00007ffaaa758000 	C:\Program Files\Java\jdk-17.0.5\bin\zip.dll
0x00007ffacf140000 - 0x00007ffacf149000 	C:\Program Files\Java\jdk-17.0.5\bin\management.dll
0x00007ffac0760000 - 0x00007ffac076b000 	C:\Program Files\Java\jdk-17.0.5\bin\management_ext.dll
0x00007ffab3d30000 - 0x00007ffab3d48000 	C:\WINDOWS\system32\napinsp.dll
0x00007ffada860000 - 0x00007ffada992000 	C:\WINDOWS\SYSTEM32\DNSAPI.dll
0x00007ffada7d0000 - 0x00007ffada802000 	C:\WINDOWS\SYSTEM32\IPHLPAPI.DLL
0x00007ffade9a0000 - 0x00007ffade9aa000 	C:\WINDOWS\System32\NSI.dll
0x00007ffab3c30000 - 0x00007ffab3c43000 	C:\WINDOWS\System32\winrnr.dll
0x00007ffab3c00000 - 0x00007ffab3c22000 	C:\WINDOWS\system32\nlansp_c.dll
0x00007ffad1450000 - 0x00007ffad1466000 	C:\WINDOWS\system32\wshbth.dll
0x00007ffac27d0000 - 0x00007ffac27db000 	C:\Windows\System32\rasadhlp.dll
0x00007ffac86d0000 - 0x00007ffac8756000 	C:\WINDOWS\System32\fwpuclnt.dll
0x00007ffadb620000 - 0x00007ffadb63b000 	C:\WINDOWS\SYSTEM32\CRYPTSP.dll
0x00007ffadad20000 - 0x00007ffadad59000 	C:\WINDOWS\system32\rsaenh.dll
0x00007ffadb3e0000 - 0x00007ffadb413000 	C:\WINDOWS\SYSTEM32\USERENV.dll
0x00007ffadbf20000 - 0x00007ffadbf4a000 	C:\WINDOWS\SYSTEM32\bcrypt.dll
0x00007ffadb610000 - 0x00007ffadb61c000 	C:\WINDOWS\SYSTEM32\CRYPTBASE.dll
0x00007ffaca400000 - 0x00007ffaca41d000 	C:\WINDOWS\SYSTEM32\dhcpcsvc6.DLL
0x00007ffaca3d0000 - 0x00007ffaca3f5000 	C:\WINDOWS\SYSTEM32\dhcpcsvc.DLL
0x00007ffabe640000 - 0x00007ffabe64e000 	C:\Program Files\Java\jdk-17.0.5\bin\sunmscapi.dll
0x00007ffadc1a0000 - 0x00007ffadc318000 	C:\WINDOWS\System32\CRYPT32.dll
0x00007ffadb830000 - 0x00007ffadb860000 	C:\WINDOWS\SYSTEM32\ncrypt.dll
0x00007ffadb7e0000 - 0x00007ffadb81f000 	C:\WINDOWS\SYSTEM32\NTASN1.dll

dbghelp: loaded successfully - version: 4.0.5 - missing functions: none
symbol engine: initialized successfully - sym options: 0x614 - pdb path: .;C:\Program Files\Java\jdk-17.0.5\bin;C:\WINDOWS\SYSTEM32;C:\WINDOWS\WinSxS\amd64_microsoft.windows.common-controls_6595b64144ccf1df_6.0.26100.8457_none_3e0b2faee331e92d;C:\Program Files\Java\jdk-17.0.5\bin\server

VM Arguments:
jvm_args: -Dcom.sun.management.jmxremote -Dcom.sun.management.jmxremote.port=64429 -Dcom.sun.management.jmxremote.authenticate=false -Dcom.sun.management.jmxremote.ssl=false -Djava.rmi.server.hostname=localhost -Dspring.jmx.enabled=true -Dmanagement.endpoints.jmx.exposure.include=* -Dspring.application.admin.enabled=true -Dspring.output.ansi.enabled=always -XX:TieredStopAtLevel=1 -Dspring.boot.project.name=EcommerceShoppingSiteCart -Dfile.encoding=UTF-8 -Dstdout.encoding=UTF-8 -Dstderr.encoding=UTF-8 -XX:+ShowCodeDetailsInExceptionMessages 
java_command: com.shopping.EcommerceShoppingSiteCartApplication
java_class_path (initial): C:\Users\Rashmi\SpringBoot_Workspace\EcommerceShoppingSiteCart\target\classes;C:\Users\Rashmi\.m2\repository\org\springframework\boot\spring-boot-starter-data-jpa\4.0.6\spring-boot-starter-data-jpa-4.0.6.jar;C:\Users\Rashmi\.m2\repository\org\springframework\boot\spring-boot-starter\4.0.6\spring-boot-starter-4.0.6.jar;C:\Users\Rashmi\.m2\repository\org\springframework\boot\spring-boot-starter-logging\4.0.6\spring-boot-starter-logging-4.0.6.jar;C:\Users\Rashmi\.m2\repository\ch\qos\logback\logback-classic\1.5.32\logback-classic-1.5.32.jar;C:\Users\Rashmi\.m2\repository\ch\qos\logback\logback-core\1.5.32\logback-core-1.5.32.jar;C:\Users\Rashmi\.m2\repository\org\apache\logging\log4j\log4j-to-slf4j\2.25.4\log4j-to-slf4j-2.25.4.jar;C:\Users\Rashmi\.m2\repository\org\apache\logging\log4j\log4j-api\2.25.4\log4j-api-2.25.4.jar;C:\Users\Rashmi\.m2\repository\org\slf4j\jul-to-slf4j\2.0.17\jul-to-slf4j-2.0.17.jar;C:\Users\Rashmi\.m2\repository\jakarta\annotation\jakarta.annotation-api\3.0.0\jakarta.annotation-api-3.0.0.jar;C:\Users\Rashmi\.m2\repository\org\yaml\snakeyaml\2.5\snakeyaml-2.5.jar;C:\Users\Rashmi\.m2\repository\org\springframework\boot\spring-boot-starter-jdbc\4.0.6\spring-boot-starter-jdbc-4.0.6.jar;C:\Users\Rashmi\.m2\repository\com\zaxxer\HikariCP\7.0.2\HikariCP-7.0.2.jar;C:\Users\Rashmi\.m2\repository\org\springframework\boot\spring-boot-data-jpa\4.0.6\spring-boot-data-jpa-4.0.6.jar;C:\Users\Rashmi\.m2\repository\org\springframework\boot\spring-boot-data-commons\4.0.6\spring-boot-data-commons-4.0.6.jar;C:\Users\Rashmi\.m2\repository\org\springframework\boot\spring-boot-persistence\4.0.6\spring-boot-persistence-4.0.6.jar;C:\Users\Rashmi\.m2\repository\org\springframework\data\spring-data-commons\4.0.5\spring-data-commons-4.0.5.jar;C:\Users\Rashmi\.m2\repository\org\springframework\boot\spring-boot-hibernate\4.0.6\spring-boot-hibernate-4.0.6.jar;C:\Users\Rashmi\.m2\repository\org\springframework\boot\spring-boot-jpa\4.0.6\spring-boo
Launcher Type: SUN_STANDARD

[Global flags]
     intx CICompilerCount                          = 4                                         {product} {ergonomic}
     uint ConcGCThreads                            = 2                                         {product} {ergonomic}
     uint G1ConcRefinementThreads                  = 8                                         {product} {ergonomic}
   size_t G1HeapRegionSize                         = 1048576                                   {product} {ergonomic}
    uintx GCDrainStackTargetSize                   = 64                                        {product} {ergonomic}
   size_t InitialHeapSize                          = 132120576                                 {product} {ergonomic}
     bool ManagementServer                         = true                                      {product} {command line}
   size_t MarkStackSize                            = 4194304                                   {product} {ergonomic}
   size_t MaxHeapSize                              = 2090860544                                {product} {ergonomic}
   size_t MaxNewSize                               = 1254096896                                {product} {ergonomic}
   size_t MinHeapDeltaBytes                        = 1048576                                   {product} {ergonomic}
   size_t MinHeapSize                              = 8388608                                   {product} {ergonomic}
    uintx NonProfiledCodeHeapSize                  = 0                                      {pd product} {ergonomic}
     bool ProfileInterpreter                       = false                                  {pd product} {command line}
    uintx ProfiledCodeHeapSize                     = 0                                      {pd product} {ergonomic}
     bool ShowCodeDetailsInExceptionMessages       = true                                   {manageable} {command line}
   size_t SoftMaxHeapSize                          = 2090860544                             {manageable} {ergonomic}
     intx TieredStopAtLevel                        = 1                                         {product} {command line}
     bool UseCompressedClassPointers               = true                           {product lp64_product} {ergonomic}
     bool UseCompressedOops                        = true                           {product lp64_product} {ergonomic}
     bool UseG1GC                                  = true                                      {product} {ergonomic}
     bool UseLargePagesIndividualAllocation        = false                                  {pd product} {ergonomic}

Logging:
Log output configuration:
 #0: stdout all=warning uptime,level,tags
 #1: stderr all=off uptime,level,tags

Environment Variables:
JAVA_HOME=C:\Program Files\Java\jdk-17.0.5
PATH=C:/Users/Rashmi/.p2/pool/plugins/org.eclipse.justj.openjdk.hotspot.jre.full.win32.x86_64_23.0.2.v20250131-0604/jre/bin/server;C:/Users/Rashmi/.p2/pool/plugins/org.eclipse.justj.openjdk.hotspot.jre.full.win32.x86_64_23.0.2.v20250131-0604/jre/bin;C:\Program_Selenium_NOV\jdk-17_windows-x64_bin\apache-maven-3.8.6-bin\apache-maven-3.8.6\bin;C:\Program Files\Common Files\Oracle\Java\javapath;C:\Program Files (x86)\Common Files\Oracle\Java\java8path;C:\Program Files (x86)\Common Files\Oracle\Java\javapath;C:\WINDOWS\system32;C:\WINDOWS;C:\WINDOWS\System32\Wbem;C:\WINDOWS\System32\WindowsPowerShell\v1.0\;C:\WINDOWS\System32\OpenSSH\;C:\Program Files\Java\jdk1.8.0_291\bin;C:\Android;C:\Windows\System32;C:\Program Files\HP\HP One Agent;C:\WINDOWS\system32;C:\WINDOWS;C:\WINDOWS\System32\Wbem;C:\WINDOWS\System32\WindowsPowerShell\v1.0\;C:\WINDOWS\System32\OpenSSH\;C:\Program Files\Microsoft VS Code\bin;C:\Program Files\Git\cmd;C:\Program Files\nodejs\;C:\Program Files\MySQL\MySQL Shell 8.0\bin\;C:\Users\Rashmi\AppData\Local\Microsoft\WindowsApps;C:\Users\Rashmi\AppData\Roaming\npm;C:\WINDOWS\System32;
USERNAME=Rashmi
OS=Windows_NT
PROCESSOR_IDENTIFIER=Intel64 Family 6 Model 126 Stepping 5, GenuineIntel



---------------  S Y S T E M  ---------------

OS:
 Windows 11 , 64 bit Build 26100 (10.0.26100.8328)
OS uptime: 0 days 20:52 hours

CPU: total 8 (initial active 8) (4 cores per cpu, 2 threads per core) family 6 model 126 stepping 5 microcode 0xa6, cx8, cmov, fxsr, ht, mmx, 3dnowpref, sse, sse2, sse3, ssse3, sse4.1, sse4.2, popcnt, lzcnt, tsc, tscinvbit, avx, avx2, aes, erms, clmul, bmi1, bmi2, adx, avx512f, avx512dq, avx512cd, avx512bw, avx512vl, sha, fma, vzeroupper, avx512_vpopcntdq, avx512_vpclmulqdq, avx512_vaes, avx512_vnni, clflush, clflushopt, avx512_vbmi2, avx512_vbmi

Memory: 4k page, system-wide physical 7973M (705M free)
TotalPageFile size 10021M (AvailPageFile size 28M)
current process WorkingSet (physical memory assigned to process): 170M, peak: 172M
current process commit charge ("private bytes"): 213M, peak: 253M

vm_info: Java HotSpot(TM) 64-Bit Server VM (17.0.5+9-LTS-191) for windows-amd64 JRE (17.0.5+9-LTS-191), built on Sep 13 2022 17:31:43 by "mach5one" with MS VC++ 16.8 / 16.9 (VS2019)

END.
